CRITICAL - 2025-05-28 03:57:22 --> CodeIgniter\HTTP\Exceptions\BadRequestException: The URI you submitted has disallowed characters: "dashboard class="
[Method: GET, Route: admin/dashboard%20class=]
in SYSTEMPATH\Router\Router.php on line 739.
 1 SYSTEMPATH\Router\Router.php(207): CodeIgniter\Router\Router->checkDisallowedChars('admin/dashboard class=')
 2 SYSTEMPATH\CodeIgniter.php(832): CodeIgniter\Router\Router->handle('admin/dashboard class=')
 3 SYSTEMPATH\CodeIgniter.php(455): CodeIgniter\CodeIgniter->tryToRouteIt(Object(CodeIgniter\Router\RouteCollection))
 4 SYSTEMPATH\CodeIgniter.php(354): CodeIgniter\CodeIgniter->handleRequest(null, Object(Config\Cache), false)
 5 SYSTEMPATH\Boot.php(334): CodeIgniter\CodeIgniter->run()
 6 SYSTEMPATH\Boot.php(67): CodeIgniter\Boot::runCodeIgniter(Object(CodeIgniter\CodeIgniter))
 7 FCPATH\index.php(56): CodeIgniter\Boot::bootWeb(Object(Config\Paths))
 8 SYSTEMPATH\rewrite.php(44): require_once('D:\\xampp\\htdocs\\ISP Management - ALLSTAR TECH\\public\\index.php')
ERROR - 2025-05-28 07:21:02 --> mysqli_sql_exception: Column 'price_to_pay' in field list is ambiguous in D:\xampp\htdocs\ISP Management - ALLSTAR TECH\system\Database\MySQLi\Connection.php:327
Stack trace:
#0 D:\xampp\htdocs\ISP Management - ALLSTAR TECH\system\Database\MySQLi\Connection.php(327): mysqli->query('SELECT SUM(`pri...', 0)
#1 D:\xampp\htdocs\ISP Management - ALLSTAR TECH\system\Database\BaseConnection.php(738): CodeIgniter\Database\MySQLi\Connection->execute('SELECT SUM(`pri...')
#2 D:\xampp\htdocs\ISP Management - ALLSTAR TECH\system\Database\BaseConnection.php(652): CodeIgniter\Database\BaseConnection->simpleQuery('SELECT SUM(`pri...')
#3 D:\xampp\htdocs\ISP Management - ALLSTAR TECH\system\Database\BaseBuilder.php(1649): CodeIgniter\Database\BaseConnection->query('SELECT SUM(`pri...', Array, false)
#4 D:\xampp\htdocs\ISP Management - ALLSTAR TECH\app\Controllers\AdminController.php(169): CodeIgniter\Database\BaseBuilder->get()
#5 D:\xampp\htdocs\ISP Management - ALLSTAR TECH\system\CodeIgniter.php(933): App\Controllers\AdminController->dashboard()
#6 D:\xampp\htdocs\ISP Management - ALLSTAR TECH\system\CodeIgniter.php(507): CodeIgniter\CodeIgniter->runController(Object(App\Controllers\AdminController))
#7 D:\xampp\htdocs\ISP Management - ALLSTAR TECH\system\CodeIgniter.php(354): CodeIgniter\CodeIgniter->handleRequest(NULL, Object(Config\Cache), false)
#8 D:\xampp\htdocs\ISP Management - ALLSTAR TECH\system\Boot.php(334): CodeIgniter\CodeIgniter->run()
#9 D:\xampp\htdocs\ISP Management - ALLSTAR TECH\system\Boot.php(67): CodeIgniter\Boot::runCodeIgniter(Object(CodeIgniter\CodeIgniter))
#10 D:\xampp\htdocs\ISP Management - ALLSTAR TECH\public\index.php(56): CodeIgniter\Boot::bootWeb(Object(Config\Paths))
#11 D:\xampp\htdocs\ISP Management - ALLSTAR TECH\system\rewrite.php(44): require_once('D:\\xampp\\htdocs...')
#12 {main}
ERROR - 2025-05-28 07:26:56 --> mysqli_sql_exception: Unknown column 'subscribers.name' in 'field list' in D:\xampp\htdocs\ISP Management - ALLSTAR TECH\system\Database\MySQLi\Connection.php:327
Stack trace:
#0 D:\xampp\htdocs\ISP Management - ALLSTAR TECH\system\Database\MySQLi\Connection.php(327): mysqli->query('SELECT `bills`....', 0)
#1 D:\xampp\htdocs\ISP Management - ALLSTAR TECH\system\Database\BaseConnection.php(738): CodeIgniter\Database\MySQLi\Connection->execute('SELECT `bills`....')
#2 D:\xampp\htdocs\ISP Management - ALLSTAR TECH\system\Database\BaseConnection.php(652): CodeIgniter\Database\BaseConnection->simpleQuery('SELECT `bills`....')
#3 D:\xampp\htdocs\ISP Management - ALLSTAR TECH\system\Database\BaseBuilder.php(1649): CodeIgniter\Database\BaseConnection->query('SELECT `bills`....', Array, false)
#4 D:\xampp\htdocs\ISP Management - ALLSTAR TECH\app\Controllers\AdminController.php(1417): CodeIgniter\Database\BaseBuilder->get()
#5 D:\xampp\htdocs\ISP Management - ALLSTAR TECH\system\CodeIgniter.php(933): App\Controllers\AdminController->billingStatus()
#6 D:\xampp\htdocs\ISP Management - ALLSTAR TECH\system\CodeIgniter.php(507): CodeIgniter\CodeIgniter->runController(Object(App\Controllers\AdminController))
#7 D:\xampp\htdocs\ISP Management - ALLSTAR TECH\system\CodeIgniter.php(354): CodeIgniter\CodeIgniter->handleRequest(NULL, Object(Config\Cache), false)
#8 D:\xampp\htdocs\ISP Management - ALLSTAR TECH\system\Boot.php(334): CodeIgniter\CodeIgniter->run()
#9 D:\xampp\htdocs\ISP Management - ALLSTAR TECH\system\Boot.php(67): CodeIgniter\Boot::runCodeIgniter(Object(CodeIgniter\CodeIgniter))
#10 D:\xampp\htdocs\ISP Management - ALLSTAR TECH\public\index.php(56): CodeIgniter\Boot::bootWeb(Object(Config\Paths))
#11 D:\xampp\htdocs\ISP Management - ALLSTAR TECH\system\rewrite.php(44): require_once('D:\\xampp\\htdocs...')
#12 {main}
CRITICAL - 2025-05-28 07:26:56 --> CodeIgniter\Database\Exceptions\DatabaseException: Unknown column 'subscribers.name' in 'field list'
[Method: GET, Route: admin/billing-status]
in SYSTEMPATH\Database\BaseConnection.php on line 692.
 1 SYSTEMPATH\Database\BaseBuilder.php(1649): CodeIgniter\Database\BaseConnection->query('SELECT `bills`.*, `subscribers`.`city`, `subscribers`.`account_number`, `subscribers`.`name`
FROM `bills`
JOIN `subscribers` ON `bills`.`subscriber_id` = `subscribers`.`id`
WHERE `subscribers`.`city` = :subscribers.city:', [...], false)
 2 APPPATH\Controllers\AdminController.php(1417): CodeIgniter\Database\BaseBuilder->get()
 3 SYSTEMPATH\CodeIgniter.php(933): App\Controllers\AdminController->billingStatus()
 4 SYSTEMPATH\CodeIgniter.php(507): CodeIgniter\CodeIgniter->runController(Object(App\Controllers\AdminController))
 5 SYSTEMPATH\CodeIgniter.php(354): CodeIgniter\CodeIgniter->handleRequest(null, Object(Config\Cache), false)
 6 SYSTEMPATH\Boot.php(334): CodeIgniter\CodeIgniter->run()
 7 SYSTEMPATH\Boot.php(67): CodeIgniter\Boot::runCodeIgniter(Object(CodeIgniter\CodeIgniter))
 8 FCPATH\index.php(56): CodeIgniter\Boot::bootWeb(Object(Config\Paths))
 9 SYSTEMPATH\rewrite.php(44): require_once('D:\\xampp\\htdocs\\ISP Management - ALLSTAR TECH\\public\\index.php')
CRITICAL - 2025-05-28 07:26:56 --> [Caused by] CodeIgniter\Database\Exceptions\DatabaseException: Unknown column 'subscribers.name' in 'field list'
in SYSTEMPATH\Database\MySQLi\Connection.php on line 332.
 1 SYSTEMPATH\Database\BaseConnection.php(738): CodeIgniter\Database\MySQLi\Connection->execute('SELECT `bills`.*, `subscribers`.`city`, `subscribers`.`account_number`, `subscribers`.`name`
FROM `bills`
JOIN `subscribers` ON `bills`.`subscriber_id` = `subscribers`.`id`
WHERE `subscribers`.`city` = \'City of Malolos\'')
 2 SYSTEMPATH\Database\BaseConnection.php(652): CodeIgniter\Database\BaseConnection->simpleQuery('SELECT `bills`.*, `subscribers`.`city`, `subscribers`.`account_number`, `subscribers`.`name`
FROM `bills`
JOIN `subscribers` ON `bills`.`subscriber_id` = `subscribers`.`id`
WHERE `subscribers`.`city` = \'City of Malolos\'')
 3 SYSTEMPATH\Database\BaseBuilder.php(1649): CodeIgniter\Database\BaseConnection->query('SELECT `bills`.*, `subscribers`.`city`, `subscribers`.`account_number`, `subscribers`.`name`
FROM `bills`
JOIN `subscribers` ON `bills`.`subscriber_id` = `subscribers`.`id`
WHERE `subscribers`.`city` = :subscribers.city:', [...], false)
 4 APPPATH\Controllers\AdminController.php(1417): CodeIgniter\Database\BaseBuilder->get()
 5 SYSTEMPATH\CodeIgniter.php(933): App\Controllers\AdminController->billingStatus()
 6 SYSTEMPATH\CodeIgniter.php(507): CodeIgniter\CodeIgniter->runController(Object(App\Controllers\AdminController))
 7 SYSTEMPATH\CodeIgniter.php(354): CodeIgniter\CodeIgniter->handleRequest(null, Object(Config\Cache), false)
 8 SYSTEMPATH\Boot.php(334): CodeIgniter\CodeIgniter->run()
 9 SYSTEMPATH\Boot.php(67): CodeIgniter\Boot::runCodeIgniter(Object(CodeIgniter\CodeIgniter))
10 FCPATH\index.php(56): CodeIgniter\Boot::bootWeb(Object(Config\Paths))
11 SYSTEMPATH\rewrite.php(44): require_once('D:\\xampp\\htdocs\\ISP Management - ALLSTAR TECH\\public\\index.php')
CRITICAL - 2025-05-28 07:26:56 --> [Caused by] mysqli_sql_exception: Unknown column 'subscribers.name' in 'field list'
in SYSTEMPATH\Database\MySQLi\Connection.php on line 327.
 1 SYSTEMPATH\Database\MySQLi\Connection.php(327): mysqli->query('SELECT `bills`.*, `subscribers`.`city`, `subscribers`.`account_number`, `subscribers`.`name`
FROM `bills`
JOIN `subscribers` ON `bills`.`subscriber_id` = `subscribers`.`id`
WHERE `subscribers`.`city` = \'City of Malolos\'', 0)
 2 SYSTEMPATH\Database\BaseConnection.php(738): CodeIgniter\Database\MySQLi\Connection->execute('SELECT `bills`.*, `subscribers`.`city`, `subscribers`.`account_number`, `subscribers`.`name`
FROM `bills`
JOIN `subscribers` ON `bills`.`subscriber_id` = `subscribers`.`id`
WHERE `subscribers`.`city` = \'City of Malolos\'')
 3 SYSTEMPATH\Database\BaseConnection.php(652): CodeIgniter\Database\BaseConnection->simpleQuery('SELECT `bills`.*, `subscribers`.`city`, `subscribers`.`account_number`, `subscribers`.`name`
FROM `bills`
JOIN `subscribers` ON `bills`.`subscriber_id` = `subscribers`.`id`
WHERE `subscribers`.`city` = \'City of Malolos\'')
 4 SYSTEMPATH\Database\BaseBuilder.php(1649): CodeIgniter\Database\BaseConnection->query('SELECT `bills`.*, `subscribers`.`city`, `subscribers`.`account_number`, `subscribers`.`name`
FROM `bills`
JOIN `subscribers` ON `bills`.`subscriber_id` = `subscribers`.`id`
WHERE `subscribers`.`city` = :subscribers.city:', [...], false)
 5 APPPATH\Controllers\AdminController.php(1417): CodeIgniter\Database\BaseBuilder->get()
 6 SYSTEMPATH\CodeIgniter.php(933): App\Controllers\AdminController->billingStatus()
 7 SYSTEMPATH\CodeIgniter.php(507): CodeIgniter\CodeIgniter->runController(Object(App\Controllers\AdminController))
 8 SYSTEMPATH\CodeIgniter.php(354): CodeIgniter\CodeIgniter->handleRequest(null, Object(Config\Cache), false)
 9 SYSTEMPATH\Boot.php(334): CodeIgniter\CodeIgniter->run()
10 SYSTEMPATH\Boot.php(67): CodeIgniter\Boot::runCodeIgniter(Object(CodeIgniter\CodeIgniter))
11 FCPATH\index.php(56): CodeIgniter\Boot::bootWeb(Object(Config\Paths))
12 SYSTEMPATH\rewrite.php(44): require_once('D:\\xampp\\htdocs\\ISP Management - ALLSTAR TECH\\public\\index.php')
ERROR - 2025-05-28 07:27:00 --> mysqli_sql_exception: Unknown column 'subscribers.name' in 'field list' in D:\xampp\htdocs\ISP Management - ALLSTAR TECH\system\Database\MySQLi\Connection.php:327
Stack trace:
#0 D:\xampp\htdocs\ISP Management - ALLSTAR TECH\system\Database\MySQLi\Connection.php(327): mysqli->query('SELECT `bills`....', 0)
#1 D:\xampp\htdocs\ISP Management - ALLSTAR TECH\system\Database\BaseConnection.php(738): CodeIgniter\Database\MySQLi\Connection->execute('SELECT `bills`....')
#2 D:\xampp\htdocs\ISP Management - ALLSTAR TECH\system\Database\BaseConnection.php(652): CodeIgniter\Database\BaseConnection->simpleQuery('SELECT `bills`....')
#3 D:\xampp\htdocs\ISP Management - ALLSTAR TECH\system\Database\BaseBuilder.php(1649): CodeIgniter\Database\BaseConnection->query('SELECT `bills`....', Array, false)
#4 D:\xampp\htdocs\ISP Management - ALLSTAR TECH\app\Controllers\AdminController.php(1417): CodeIgniter\Database\BaseBuilder->get()
#5 D:\xampp\htdocs\ISP Management - ALLSTAR TECH\system\CodeIgniter.php(933): App\Controllers\AdminController->billingStatus()
#6 D:\xampp\htdocs\ISP Management - ALLSTAR TECH\system\CodeIgniter.php(507): CodeIgniter\CodeIgniter->runController(Object(App\Controllers\AdminController))
#7 D:\xampp\htdocs\ISP Management - ALLSTAR TECH\system\CodeIgniter.php(354): CodeIgniter\CodeIgniter->handleRequest(NULL, Object(Config\Cache), false)
#8 D:\xampp\htdocs\ISP Management - ALLSTAR TECH\system\Boot.php(334): CodeIgniter\CodeIgniter->run()
#9 D:\xampp\htdocs\ISP Management - ALLSTAR TECH\system\Boot.php(67): CodeIgniter\Boot::runCodeIgniter(Object(CodeIgniter\CodeIgniter))
#10 D:\xampp\htdocs\ISP Management - ALLSTAR TECH\public\index.php(56): CodeIgniter\Boot::bootWeb(Object(Config\Paths))
#11 D:\xampp\htdocs\ISP Management - ALLSTAR TECH\system\rewrite.php(44): require_once('D:\\xampp\\htdocs...')
#12 {main}
CRITICAL - 2025-05-28 07:27:00 --> CodeIgniter\Database\Exceptions\DatabaseException: Unknown column 'subscribers.name' in 'field list'
[Method: GET, Route: admin/billing-status]
in SYSTEMPATH\Database\BaseConnection.php on line 692.
 1 SYSTEMPATH\Database\BaseBuilder.php(1649): CodeIgniter\Database\BaseConnection->query('SELECT `bills`.*, `subscribers`.`city`, `subscribers`.`account_number`, `subscribers`.`name`
FROM `bills`
JOIN `subscribers` ON `bills`.`subscriber_id` = `subscribers`.`id`
WHERE `subscribers`.`city` = :subscribers.city:', [...], false)
 2 APPPATH\Controllers\AdminController.php(1417): CodeIgniter\Database\BaseBuilder->get()
 3 SYSTEMPATH\CodeIgniter.php(933): App\Controllers\AdminController->billingStatus()
 4 SYSTEMPATH\CodeIgniter.php(507): CodeIgniter\CodeIgniter->runController(Object(App\Controllers\AdminController))
 5 SYSTEMPATH\CodeIgniter.php(354): CodeIgniter\CodeIgniter->handleRequest(null, Object(Config\Cache), false)
 6 SYSTEMPATH\Boot.php(334): CodeIgniter\CodeIgniter->run()
 7 SYSTEMPATH\Boot.php(67): CodeIgniter\Boot::runCodeIgniter(Object(CodeIgniter\CodeIgniter))
 8 FCPATH\index.php(56): CodeIgniter\Boot::bootWeb(Object(Config\Paths))
 9 SYSTEMPATH\rewrite.php(44): require_once('D:\\xampp\\htdocs\\ISP Management - ALLSTAR TECH\\public\\index.php')
CRITICAL - 2025-05-28 07:27:00 --> [Caused by] CodeIgniter\Database\Exceptions\DatabaseException: Unknown column 'subscribers.name' in 'field list'
in SYSTEMPATH\Database\MySQLi\Connection.php on line 332.
 1 SYSTEMPATH\Database\BaseConnection.php(738): CodeIgniter\Database\MySQLi\Connection->execute('SELECT `bills`.*, `subscribers`.`city`, `subscribers`.`account_number`, `subscribers`.`name`
FROM `bills`
JOIN `subscribers` ON `bills`.`subscriber_id` = `subscribers`.`id`
WHERE `subscribers`.`city` = \'City of Malolos\'')
 2 SYSTEMPATH\Database\BaseConnection.php(652): CodeIgniter\Database\BaseConnection->simpleQuery('SELECT `bills`.*, `subscribers`.`city`, `subscribers`.`account_number`, `subscribers`.`name`
FROM `bills`
JOIN `subscribers` ON `bills`.`subscriber_id` = `subscribers`.`id`
WHERE `subscribers`.`city` = \'City of Malolos\'')
 3 SYSTEMPATH\Database\BaseBuilder.php(1649): CodeIgniter\Database\BaseConnection->query('SELECT `bills`.*, `subscribers`.`city`, `subscribers`.`account_number`, `subscribers`.`name`
FROM `bills`
JOIN `subscribers` ON `bills`.`subscriber_id` = `subscribers`.`id`
WHERE `subscribers`.`city` = :subscribers.city:', [...], false)
 4 APPPATH\Controllers\AdminController.php(1417): CodeIgniter\Database\BaseBuilder->get()
 5 SYSTEMPATH\CodeIgniter.php(933): App\Controllers\AdminController->billingStatus()
 6 SYSTEMPATH\CodeIgniter.php(507): CodeIgniter\CodeIgniter->runController(Object(App\Controllers\AdminController))
 7 SYSTEMPATH\CodeIgniter.php(354): CodeIgniter\CodeIgniter->handleRequest(null, Object(Config\Cache), false)
 8 SYSTEMPATH\Boot.php(334): CodeIgniter\CodeIgniter->run()
 9 SYSTEMPATH\Boot.php(67): CodeIgniter\Boot::runCodeIgniter(Object(CodeIgniter\CodeIgniter))
10 FCPATH\index.php(56): CodeIgniter\Boot::bootWeb(Object(Config\Paths))
11 SYSTEMPATH\rewrite.php(44): require_once('D:\\xampp\\htdocs\\ISP Management - ALLSTAR TECH\\public\\index.php')
CRITICAL - 2025-05-28 07:27:00 --> [Caused by] mysqli_sql_exception: Unknown column 'subscribers.name' in 'field list'
in SYSTEMPATH\Database\MySQLi\Connection.php on line 327.
 1 SYSTEMPATH\Database\MySQLi\Connection.php(327): mysqli->query('SELECT `bills`.*, `subscribers`.`city`, `subscribers`.`account_number`, `subscribers`.`name`
FROM `bills`
JOIN `subscribers` ON `bills`.`subscriber_id` = `subscribers`.`id`
WHERE `subscribers`.`city` = \'City of Malolos\'', 0)
 2 SYSTEMPATH\Database\BaseConnection.php(738): CodeIgniter\Database\MySQLi\Connection->execute('SELECT `bills`.*, `subscribers`.`city`, `subscribers`.`account_number`, `subscribers`.`name`
FROM `bills`
JOIN `subscribers` ON `bills`.`subscriber_id` = `subscribers`.`id`
WHERE `subscribers`.`city` = \'City of Malolos\'')
 3 SYSTEMPATH\Database\BaseConnection.php(652): CodeIgniter\Database\BaseConnection->simpleQuery('SELECT `bills`.*, `subscribers`.`city`, `subscribers`.`account_number`, `subscribers`.`name`
FROM `bills`
JOIN `subscribers` ON `bills`.`subscriber_id` = `subscribers`.`id`
WHERE `subscribers`.`city` = \'City of Malolos\'')
 4 SYSTEMPATH\Database\BaseBuilder.php(1649): CodeIgniter\Database\BaseConnection->query('SELECT `bills`.*, `subscribers`.`city`, `subscribers`.`account_number`, `subscribers`.`name`
FROM `bills`
JOIN `subscribers` ON `bills`.`subscriber_id` = `subscribers`.`id`
WHERE `subscribers`.`city` = :subscribers.city:', [...], false)
 5 APPPATH\Controllers\AdminController.php(1417): CodeIgniter\Database\BaseBuilder->get()
 6 SYSTEMPATH\CodeIgniter.php(933): App\Controllers\AdminController->billingStatus()
 7 SYSTEMPATH\CodeIgniter.php(507): CodeIgniter\CodeIgniter->runController(Object(App\Controllers\AdminController))
 8 SYSTEMPATH\CodeIgniter.php(354): CodeIgniter\CodeIgniter->handleRequest(null, Object(Config\Cache), false)
 9 SYSTEMPATH\Boot.php(334): CodeIgniter\CodeIgniter->run()
10 SYSTEMPATH\Boot.php(67): CodeIgniter\Boot::runCodeIgniter(Object(CodeIgniter\CodeIgniter))
11 FCPATH\index.php(56): CodeIgniter\Boot::bootWeb(Object(Config\Paths))
12 SYSTEMPATH\rewrite.php(44): require_once('D:\\xampp\\htdocs\\ISP Management - ALLSTAR TECH\\public\\index.php')
CRITICAL - 2025-05-28 07:27:37 --> ErrorException: Undefined array key "account_number"
[Method: GET, Route: admin/billing-status]
in APPPATH\Views\admin\billing_status.php on line 59.
 1 APPPATH\Views\admin\billing_status.php(59): CodeIgniter\Debug\Exceptions->errorHandler(2, 'Undefined array key "account_number"', 'D:\\xampp\\htdocs\\ISP Management - ALLSTAR TECH\\app\\Views\\admin\\billing_status.php', 59)
 2 SYSTEMPATH\View\View.php(224): include('D:\\xampp\\htdocs\\ISP Management - ALLSTAR TECH\\app\\Views\\admin\\billing_status.php')
 3 SYSTEMPATH\View\View.php(227): CodeIgniter\View\View->CodeIgniter\View\{closure}()
 4 SYSTEMPATH\Common.php(1173): CodeIgniter\View\View->render('admin/billing_status', [], true)
 5 APPPATH\Controllers\AdminController.php(1428): view('admin/billing_status', [...])
 6 SYSTEMPATH\CodeIgniter.php(933): App\Controllers\AdminController->billingStatus()
 7 SYSTEMPATH\CodeIgniter.php(507): CodeIgniter\CodeIgniter->runController(Object(App\Controllers\AdminController))
 8 SYSTEMPATH\CodeIgniter.php(354): CodeIgniter\CodeIgniter->handleRequest(null, Object(Config\Cache), false)
 9 SYSTEMPATH\Boot.php(334): CodeIgniter\CodeIgniter->run()
10 SYSTEMPATH\Boot.php(67): CodeIgniter\Boot::runCodeIgniter(Object(CodeIgniter\CodeIgniter))
11 FCPATH\index.php(56): CodeIgniter\Boot::bootWeb(Object(Config\Paths))
12 SYSTEMPATH\rewrite.php(44): require_once('D:\\xampp\\htdocs\\ISP Management - ALLSTAR TECH\\public\\index.php')
ERROR - 2025-05-28 07:28:58 --> mysqli_sql_exception: Unknown column 'subscribers.name' in 'field list' in D:\xampp\htdocs\ISP Management - ALLSTAR TECH\system\Database\MySQLi\Connection.php:327
Stack trace:
#0 D:\xampp\htdocs\ISP Management - ALLSTAR TECH\system\Database\MySQLi\Connection.php(327): mysqli->query('SELECT `bills`....', 0)
#1 D:\xampp\htdocs\ISP Management - ALLSTAR TECH\system\Database\BaseConnection.php(738): CodeIgniter\Database\MySQLi\Connection->execute('SELECT `bills`....')
#2 D:\xampp\htdocs\ISP Management - ALLSTAR TECH\system\Database\BaseConnection.php(652): CodeIgniter\Database\BaseConnection->simpleQuery('SELECT `bills`....')
#3 D:\xampp\htdocs\ISP Management - ALLSTAR TECH\system\Database\BaseBuilder.php(1649): CodeIgniter\Database\BaseConnection->query('SELECT `bills`....', Array, false)
#4 D:\xampp\htdocs\ISP Management - ALLSTAR TECH\system\Model.php(286): CodeIgniter\Database\BaseBuilder->get()
#5 D:\xampp\htdocs\ISP Management - ALLSTAR TECH\system\BaseModel.php(675): CodeIgniter\Model->doFindAll(0, 0)
#6 D:\xampp\htdocs\ISP Management - ALLSTAR TECH\app\Models\BillingModel.php(24): CodeIgniter\BaseModel->findAll()
#7 D:\xampp\htdocs\ISP Management - ALLSTAR TECH\app\Controllers\AdminController.php(1413): App\Models\BillingModel->getBillingByArea('City of Malolos')
#8 D:\xampp\htdocs\ISP Management - ALLSTAR TECH\system\CodeIgniter.php(933): App\Controllers\AdminController->billingStatus()
#9 D:\xampp\htdocs\ISP Management - ALLSTAR TECH\system\CodeIgniter.php(507): CodeIgniter\CodeIgniter->runController(Object(App\Controllers\AdminController))
#10 D:\xampp\htdocs\ISP Management - ALLSTAR TECH\system\CodeIgniter.php(354): CodeIgniter\CodeIgniter->handleRequest(NULL, Object(Config\Cache), false)
#11 D:\xampp\htdocs\ISP Management - ALLSTAR TECH\system\Boot.php(334): CodeIgniter\CodeIgniter->run()
#12 D:\xampp\htdocs\ISP Management - ALLSTAR TECH\system\Boot.php(67): CodeIgniter\Boot::runCodeIgniter(Object(CodeIgniter\CodeIgniter))
#13 D:\xampp\htdocs\ISP Management - ALLSTAR TECH\public\index.php(56): CodeIgniter\Boot::bootWeb(Object(Config\Paths))
#14 D:\xampp\htdocs\ISP Management - ALLSTAR TECH\system\rewrite.php(44): require_once('D:\\xampp\\htdocs...')
#15 {main}
CRITICAL - 2025-05-28 07:28:58 --> CodeIgniter\Database\Exceptions\DatabaseException: Unknown column 'subscribers.name' in 'field list'
[Method: GET, Route: admin/billing-status]
in SYSTEMPATH\Database\BaseConnection.php on line 692.
 1 SYSTEMPATH\Database\BaseBuilder.php(1649): CodeIgniter\Database\BaseConnection->query('SELECT `bills`.*, `subscribers`.`city`, `subscribers`.`account_number`, `subscribers`.`name`
FROM `bills`
JOIN `subscribers` ON `bills`.`subscriber_id` = `subscribers`.`id`
WHERE `subscribers`.`city` = :subscribers.city:', [...], false)
 2 SYSTEMPATH\Model.php(286): CodeIgniter\Database\BaseBuilder->get()
 3 SYSTEMPATH\BaseModel.php(675): CodeIgniter\Model->doFindAll(0, 0)
 4 APPPATH\Models\BillingModel.php(24): CodeIgniter\BaseModel->findAll()
 5 APPPATH\Controllers\AdminController.php(1413): App\Models\BillingModel->getBillingByArea('City of Malolos')
 6 SYSTEMPATH\CodeIgniter.php(933): App\Controllers\AdminController->billingStatus()
 7 SYSTEMPATH\CodeIgniter.php(507): CodeIgniter\CodeIgniter->runController(Object(App\Controllers\AdminController))
 8 SYSTEMPATH\CodeIgniter.php(354): CodeIgniter\CodeIgniter->handleRequest(null, Object(Config\Cache), false)
 9 SYSTEMPATH\Boot.php(334): CodeIgniter\CodeIgniter->run()
10 SYSTEMPATH\Boot.php(67): CodeIgniter\Boot::runCodeIgniter(Object(CodeIgniter\CodeIgniter))
11 FCPATH\index.php(56): CodeIgniter\Boot::bootWeb(Object(Config\Paths))
12 SYSTEMPATH\rewrite.php(44): require_once('D:\\xampp\\htdocs\\ISP Management - ALLSTAR TECH\\public\\index.php')
CRITICAL - 2025-05-28 07:28:58 --> [Caused by] CodeIgniter\Database\Exceptions\DatabaseException: Unknown column 'subscribers.name' in 'field list'
in SYSTEMPATH\Database\MySQLi\Connection.php on line 332.
 1 SYSTEMPATH\Database\BaseConnection.php(738): CodeIgniter\Database\MySQLi\Connection->execute('SELECT `bills`.*, `subscribers`.`city`, `subscribers`.`account_number`, `subscribers`.`name`
FROM `bills`
JOIN `subscribers` ON `bills`.`subscriber_id` = `subscribers`.`id`
WHERE `subscribers`.`city` = \'City of Malolos\'')
 2 SYSTEMPATH\Database\BaseConnection.php(652): CodeIgniter\Database\BaseConnection->simpleQuery('SELECT `bills`.*, `subscribers`.`city`, `subscribers`.`account_number`, `subscribers`.`name`
FROM `bills`
JOIN `subscribers` ON `bills`.`subscriber_id` = `subscribers`.`id`
WHERE `subscribers`.`city` = \'City of Malolos\'')
 3 SYSTEMPATH\Database\BaseBuilder.php(1649): CodeIgniter\Database\BaseConnection->query('SELECT `bills`.*, `subscribers`.`city`, `subscribers`.`account_number`, `subscribers`.`name`
FROM `bills`
JOIN `subscribers` ON `bills`.`subscriber_id` = `subscribers`.`id`
WHERE `subscribers`.`city` = :subscribers.city:', [...], false)
 4 SYSTEMPATH\Model.php(286): CodeIgniter\Database\BaseBuilder->get()
 5 SYSTEMPATH\BaseModel.php(675): CodeIgniter\Model->doFindAll(0, 0)
 6 APPPATH\Models\BillingModel.php(24): CodeIgniter\BaseModel->findAll()
 7 APPPATH\Controllers\AdminController.php(1413): App\Models\BillingModel->getBillingByArea('City of Malolos')
 8 SYSTEMPATH\CodeIgniter.php(933): App\Controllers\AdminController->billingStatus()
 9 SYSTEMPATH\CodeIgniter.php(507): CodeIgniter\CodeIgniter->runController(Object(App\Controllers\AdminController))
10 SYSTEMPATH\CodeIgniter.php(354): CodeIgniter\CodeIgniter->handleRequest(null, Object(Config\Cache), false)
11 SYSTEMPATH\Boot.php(334): CodeIgniter\CodeIgniter->run()
12 SYSTEMPATH\Boot.php(67): CodeIgniter\Boot::runCodeIgniter(Object(CodeIgniter\CodeIgniter))
13 FCPATH\index.php(56): CodeIgniter\Boot::bootWeb(Object(Config\Paths))
14 SYSTEMPATH\rewrite.php(44): require_once('D:\\xampp\\htdocs\\ISP Management - ALLSTAR TECH\\public\\index.php')
CRITICAL - 2025-05-28 07:28:58 --> [Caused by] mysqli_sql_exception: Unknown column 'subscribers.name' in 'field list'
in SYSTEMPATH\Database\MySQLi\Connection.php on line 327.
 1 SYSTEMPATH\Database\MySQLi\Connection.php(327): mysqli->query('SELECT `bills`.*, `subscribers`.`city`, `subscribers`.`account_number`, `subscribers`.`name`
FROM `bills`
JOIN `subscribers` ON `bills`.`subscriber_id` = `subscribers`.`id`
WHERE `subscribers`.`city` = \'City of Malolos\'', 0)
 2 SYSTEMPATH\Database\BaseConnection.php(738): CodeIgniter\Database\MySQLi\Connection->execute('SELECT `bills`.*, `subscribers`.`city`, `subscribers`.`account_number`, `subscribers`.`name`
FROM `bills`
JOIN `subscribers` ON `bills`.`subscriber_id` = `subscribers`.`id`
WHERE `subscribers`.`city` = \'City of Malolos\'')
 3 SYSTEMPATH\Database\BaseConnection.php(652): CodeIgniter\Database\BaseConnection->simpleQuery('SELECT `bills`.*, `subscribers`.`city`, `subscribers`.`account_number`, `subscribers`.`name`
FROM `bills`
JOIN `subscribers` ON `bills`.`subscriber_id` = `subscribers`.`id`
WHERE `subscribers`.`city` = \'City of Malolos\'')
 4 SYSTEMPATH\Database\BaseBuilder.php(1649): CodeIgniter\Database\BaseConnection->query('SELECT `bills`.*, `subscribers`.`city`, `subscribers`.`account_number`, `subscribers`.`name`
FROM `bills`
JOIN `subscribers` ON `bills`.`subscriber_id` = `subscribers`.`id`
WHERE `subscribers`.`city` = :subscribers.city:', [...], false)
 5 SYSTEMPATH\Model.php(286): CodeIgniter\Database\BaseBuilder->get()
 6 SYSTEMPATH\BaseModel.php(675): CodeIgniter\Model->doFindAll(0, 0)
 7 APPPATH\Models\BillingModel.php(24): CodeIgniter\BaseModel->findAll()
 8 APPPATH\Controllers\AdminController.php(1413): App\Models\BillingModel->getBillingByArea('City of Malolos')
 9 SYSTEMPATH\CodeIgniter.php(933): App\Controllers\AdminController->billingStatus()
10 SYSTEMPATH\CodeIgniter.php(507): CodeIgniter\CodeIgniter->runController(Object(App\Controllers\AdminController))
11 SYSTEMPATH\CodeIgniter.php(354): CodeIgniter\CodeIgniter->handleRequest(null, Object(Config\Cache), false)
12 SYSTEMPATH\Boot.php(334): CodeIgniter\CodeIgniter->run()
13 SYSTEMPATH\Boot.php(67): CodeIgniter\Boot::runCodeIgniter(Object(CodeIgniter\CodeIgniter))
14 FCPATH\index.php(56): CodeIgniter\Boot::bootWeb(Object(Config\Paths))
15 SYSTEMPATH\rewrite.php(44): require_once('D:\\xampp\\htdocs\\ISP Management - ALLSTAR TECH\\public\\index.php')
ERROR - 2025-05-28 07:29:52 --> mysqli_sql_exception: Unknown column 'subscribers.name' in 'field list' in D:\xampp\htdocs\ISP Management - ALLSTAR TECH\system\Database\MySQLi\Connection.php:327
Stack trace:
#0 D:\xampp\htdocs\ISP Management - ALLSTAR TECH\system\Database\MySQLi\Connection.php(327): mysqli->query('SELECT `bills`....', 0)
#1 D:\xampp\htdocs\ISP Management - ALLSTAR TECH\system\Database\BaseConnection.php(738): CodeIgniter\Database\MySQLi\Connection->execute('SELECT `bills`....')
#2 D:\xampp\htdocs\ISP Management - ALLSTAR TECH\system\Database\BaseConnection.php(652): CodeIgniter\Database\BaseConnection->simpleQuery('SELECT `bills`....')
#3 D:\xampp\htdocs\ISP Management - ALLSTAR TECH\system\Database\BaseBuilder.php(1649): CodeIgniter\Database\BaseConnection->query('SELECT `bills`....', Array, false)
#4 D:\xampp\htdocs\ISP Management - ALLSTAR TECH\system\Model.php(286): CodeIgniter\Database\BaseBuilder->get()
#5 D:\xampp\htdocs\ISP Management - ALLSTAR TECH\system\BaseModel.php(675): CodeIgniter\Model->doFindAll(0, 0)
#6 D:\xampp\htdocs\ISP Management - ALLSTAR TECH\app\Models\BillsModel.php(32): CodeIgniter\BaseModel->findAll()
#7 D:\xampp\htdocs\ISP Management - ALLSTAR TECH\app\Controllers\AdminController.php(1413): App\Models\BillsModel->getBillingByArea('City of Malolos')
#8 D:\xampp\htdocs\ISP Management - ALLSTAR TECH\system\CodeIgniter.php(933): App\Controllers\AdminController->billingStatus()
#9 D:\xampp\htdocs\ISP Management - ALLSTAR TECH\system\CodeIgniter.php(507): CodeIgniter\CodeIgniter->runController(Object(App\Controllers\AdminController))
#10 D:\xampp\htdocs\ISP Management - ALLSTAR TECH\system\CodeIgniter.php(354): CodeIgniter\CodeIgniter->handleRequest(NULL, Object(Config\Cache), false)
#11 D:\xampp\htdocs\ISP Management - ALLSTAR TECH\system\Boot.php(334): CodeIgniter\CodeIgniter->run()
#12 D:\xampp\htdocs\ISP Management - ALLSTAR TECH\system\Boot.php(67): CodeIgniter\Boot::runCodeIgniter(Object(CodeIgniter\CodeIgniter))
#13 D:\xampp\htdocs\ISP Management - ALLSTAR TECH\public\index.php(56): CodeIgniter\Boot::bootWeb(Object(Config\Paths))
#14 D:\xampp\htdocs\ISP Management - ALLSTAR TECH\system\rewrite.php(44): require_once('D:\\xampp\\htdocs...')
#15 {main}
CRITICAL - 2025-05-28 07:29:52 --> CodeIgniter\Database\Exceptions\DatabaseException: Unknown column 'subscribers.name' in 'field list'
[Method: GET, Route: admin/billing-status]
in SYSTEMPATH\Database\BaseConnection.php on line 692.
 1 SYSTEMPATH\Database\BaseBuilder.php(1649): CodeIgniter\Database\BaseConnection->query('SELECT `bills`.*, `subscribers`.`city`, `subscribers`.`account_number`, `subscribers`.`name`
FROM `bills`
JOIN `subscribers` ON `bills`.`subscriber_id` = `subscribers`.`id`
WHERE `subscribers`.`city` = :subscribers.city:', [...], false)
 2 SYSTEMPATH\Model.php(286): CodeIgniter\Database\BaseBuilder->get()
 3 SYSTEMPATH\BaseModel.php(675): CodeIgniter\Model->doFindAll(0, 0)
 4 APPPATH\Models\BillsModel.php(32): CodeIgniter\BaseModel->findAll()
 5 APPPATH\Controllers\AdminController.php(1413): App\Models\BillsModel->getBillingByArea('City of Malolos')
 6 SYSTEMPATH\CodeIgniter.php(933): App\Controllers\AdminController->billingStatus()
 7 SYSTEMPATH\CodeIgniter.php(507): CodeIgniter\CodeIgniter->runController(Object(App\Controllers\AdminController))
 8 SYSTEMPATH\CodeIgniter.php(354): CodeIgniter\CodeIgniter->handleRequest(null, Object(Config\Cache), false)
 9 SYSTEMPATH\Boot.php(334): CodeIgniter\CodeIgniter->run()
10 SYSTEMPATH\Boot.php(67): CodeIgniter\Boot::runCodeIgniter(Object(CodeIgniter\CodeIgniter))
11 FCPATH\index.php(56): CodeIgniter\Boot::bootWeb(Object(Config\Paths))
12 SYSTEMPATH\rewrite.php(44): require_once('D:\\xampp\\htdocs\\ISP Management - ALLSTAR TECH\\public\\index.php')
CRITICAL - 2025-05-28 07:29:52 --> [Caused by] CodeIgniter\Database\Exceptions\DatabaseException: Unknown column 'subscribers.name' in 'field list'
in SYSTEMPATH\Database\MySQLi\Connection.php on line 332.
 1 SYSTEMPATH\Database\BaseConnection.php(738): CodeIgniter\Database\MySQLi\Connection->execute('SELECT `bills`.*, `subscribers`.`city`, `subscribers`.`account_number`, `subscribers`.`name`
FROM `bills`
JOIN `subscribers` ON `bills`.`subscriber_id` = `subscribers`.`id`
WHERE `subscribers`.`city` = \'City of Malolos\'')
 2 SYSTEMPATH\Database\BaseConnection.php(652): CodeIgniter\Database\BaseConnection->simpleQuery('SELECT `bills`.*, `subscribers`.`city`, `subscribers`.`account_number`, `subscribers`.`name`
FROM `bills`
JOIN `subscribers` ON `bills`.`subscriber_id` = `subscribers`.`id`
WHERE `subscribers`.`city` = \'City of Malolos\'')
 3 SYSTEMPATH\Database\BaseBuilder.php(1649): CodeIgniter\Database\BaseConnection->query('SELECT `bills`.*, `subscribers`.`city`, `subscribers`.`account_number`, `subscribers`.`name`
FROM `bills`
JOIN `subscribers` ON `bills`.`subscriber_id` = `subscribers`.`id`
WHERE `subscribers`.`city` = :subscribers.city:', [...], false)
 4 SYSTEMPATH\Model.php(286): CodeIgniter\Database\BaseBuilder->get()
 5 SYSTEMPATH\BaseModel.php(675): CodeIgniter\Model->doFindAll(0, 0)
 6 APPPATH\Models\BillsModel.php(32): CodeIgniter\BaseModel->findAll()
 7 APPPATH\Controllers\AdminController.php(1413): App\Models\BillsModel->getBillingByArea('City of Malolos')
 8 SYSTEMPATH\CodeIgniter.php(933): App\Controllers\AdminController->billingStatus()
 9 SYSTEMPATH\CodeIgniter.php(507): CodeIgniter\CodeIgniter->runController(Object(App\Controllers\AdminController))
10 SYSTEMPATH\CodeIgniter.php(354): CodeIgniter\CodeIgniter->handleRequest(null, Object(Config\Cache), false)
11 SYSTEMPATH\Boot.php(334): CodeIgniter\CodeIgniter->run()
12 SYSTEMPATH\Boot.php(67): CodeIgniter\Boot::runCodeIgniter(Object(CodeIgniter\CodeIgniter))
13 FCPATH\index.php(56): CodeIgniter\Boot::bootWeb(Object(Config\Paths))
14 SYSTEMPATH\rewrite.php(44): require_once('D:\\xampp\\htdocs\\ISP Management - ALLSTAR TECH\\public\\index.php')
CRITICAL - 2025-05-28 07:29:52 --> [Caused by] mysqli_sql_exception: Unknown column 'subscribers.name' in 'field list'
in SYSTEMPATH\Database\MySQLi\Connection.php on line 327.
 1 SYSTEMPATH\Database\MySQLi\Connection.php(327): mysqli->query('SELECT `bills`.*, `subscribers`.`city`, `subscribers`.`account_number`, `subscribers`.`name`
FROM `bills`
JOIN `subscribers` ON `bills`.`subscriber_id` = `subscribers`.`id`
WHERE `subscribers`.`city` = \'City of Malolos\'', 0)
 2 SYSTEMPATH\Database\BaseConnection.php(738): CodeIgniter\Database\MySQLi\Connection->execute('SELECT `bills`.*, `subscribers`.`city`, `subscribers`.`account_number`, `subscribers`.`name`
FROM `bills`
JOIN `subscribers` ON `bills`.`subscriber_id` = `subscribers`.`id`
WHERE `subscribers`.`city` = \'City of Malolos\'')
 3 SYSTEMPATH\Database\BaseConnection.php(652): CodeIgniter\Database\BaseConnection->simpleQuery('SELECT `bills`.*, `subscribers`.`city`, `subscribers`.`account_number`, `subscribers`.`name`
FROM `bills`
JOIN `subscribers` ON `bills`.`subscriber_id` = `subscribers`.`id`
WHERE `subscribers`.`city` = \'City of Malolos\'')
 4 SYSTEMPATH\Database\BaseBuilder.php(1649): CodeIgniter\Database\BaseConnection->query('SELECT `bills`.*, `subscribers`.`city`, `subscribers`.`account_number`, `subscribers`.`name`
FROM `bills`
JOIN `subscribers` ON `bills`.`subscriber_id` = `subscribers`.`id`
WHERE `subscribers`.`city` = :subscribers.city:', [...], false)
 5 SYSTEMPATH\Model.php(286): CodeIgniter\Database\BaseBuilder->get()
 6 SYSTEMPATH\BaseModel.php(675): CodeIgniter\Model->doFindAll(0, 0)
 7 APPPATH\Models\BillsModel.php(32): CodeIgniter\BaseModel->findAll()
 8 APPPATH\Controllers\AdminController.php(1413): App\Models\BillsModel->getBillingByArea('City of Malolos')
 9 SYSTEMPATH\CodeIgniter.php(933): App\Controllers\AdminController->billingStatus()
10 SYSTEMPATH\CodeIgniter.php(507): CodeIgniter\CodeIgniter->runController(Object(App\Controllers\AdminController))
11 SYSTEMPATH\CodeIgniter.php(354): CodeIgniter\CodeIgniter->handleRequest(null, Object(Config\Cache), false)
12 SYSTEMPATH\Boot.php(334): CodeIgniter\CodeIgniter->run()
13 SYSTEMPATH\Boot.php(67): CodeIgniter\Boot::runCodeIgniter(Object(CodeIgniter\CodeIgniter))
14 FCPATH\index.php(56): CodeIgniter\Boot::bootWeb(Object(Config\Paths))
15 SYSTEMPATH\rewrite.php(44): require_once('D:\\xampp\\htdocs\\ISP Management - ALLSTAR TECH\\public\\index.php')
CRITICAL - 2025-05-28 07:31:27 --> Error: Call to undefined method App\Libraries\MailSender::sendInvoice()
[Method: POST, Route: admin/mark-paid]
in APPPATH\Controllers\AdminController.php on line 1553.
 1 SYSTEMPATH\CodeIgniter.php(933): App\Controllers\AdminController->markPaid()
 2 SYSTEMPATH\CodeIgniter.php(507): CodeIgniter\CodeIgniter->runController(Object(App\Controllers\AdminController))
 3 SYSTEMPATH\CodeIgniter.php(354): CodeIgniter\CodeIgniter->handleRequest(null, Object(Config\Cache), false)
 4 SYSTEMPATH\Boot.php(334): CodeIgniter\CodeIgniter->run()
 5 SYSTEMPATH\Boot.php(67): CodeIgniter\Boot::runCodeIgniter(Object(CodeIgniter\CodeIgniter))
 6 FCPATH\index.php(56): CodeIgniter\Boot::bootWeb(Object(Config\Paths))
 7 SYSTEMPATH\rewrite.php(44): require_once('D:\\xampp\\htdocs\\ISP Management - ALLSTAR TECH\\public\\index.php')
CRITICAL - 2025-05-28 08:42:51 --> ErrorException: Undefined variable $revenues
[Method: GET, Route: admin/dashboard]
in APPPATH\Views\admin\dashboard.php on line 438.
 1 APPPATH\Views\admin\dashboard.php(438): CodeIgniter\Debug\Exceptions->errorHandler(2, 'Undefined variable $revenues', 'D:\\xampp\\htdocs\\ISP Management - ALLSTAR TECH\\app\\Views\\admin\\dashboard.php', 438)
 2 SYSTEMPATH\View\View.php(224): include('D:\\xampp\\htdocs\\ISP Management - ALLSTAR TECH\\app\\Views\\admin\\dashboard.php')
 3 SYSTEMPATH\View\View.php(227): CodeIgniter\View\View->CodeIgniter\View\{closure}()
 4 SYSTEMPATH\Common.php(1173): CodeIgniter\View\View->render('admin/dashboard', [], true)
 5 APPPATH\Controllers\AdminController.php(268): view('admin/dashboard', [...])
 6 SYSTEMPATH\CodeIgniter.php(933): App\Controllers\AdminController->dashboard()
 7 SYSTEMPATH\CodeIgniter.php(507): CodeIgniter\CodeIgniter->runController(Object(App\Controllers\AdminController))
 8 SYSTEMPATH\CodeIgniter.php(354): CodeIgniter\CodeIgniter->handleRequest(null, Object(Config\Cache), false)
 9 SYSTEMPATH\Boot.php(334): CodeIgniter\CodeIgniter->run()
10 SYSTEMPATH\Boot.php(67): CodeIgniter\Boot::runCodeIgniter(Object(CodeIgniter\CodeIgniter))
11 FCPATH\index.php(56): CodeIgniter\Boot::bootWeb(Object(Config\Paths))
12 SYSTEMPATH\rewrite.php(44): require_once('D:\\xampp\\htdocs\\ISP Management - ALLSTAR TECH\\public\\index.php')
CRITICAL - 2025-05-28 08:47:09 --> ParseError: syntax error, unexpected token ";", expecting "]"
[Method: GET, Route: admin/dashboard]
in APPPATH\Controllers\AdminController.php on line 198.
 1 SYSTEMPATH\Autoloader\Autoloader.php(295): CodeIgniter\Autoloader\Autoloader->includeFile('D:\\xampp\\htdocs\\ISP Management - ALLSTAR TECH\\app\\Controllers\\AdminController.php')
 2 SYSTEMPATH\Autoloader\Autoloader.php(271): CodeIgniter\Autoloader\Autoloader->loadInNamespace('App\\Controllers\\AdminController')
 3 [internal function]: CodeIgniter\Autoloader\Autoloader->loadClass('App\\Controllers\\AdminController')
 4 SYSTEMPATH\CodeIgniter.php(885): class_exists('\\App\\Controllers\\AdminController', true)
 5 SYSTEMPATH\CodeIgniter.php(494): CodeIgniter\CodeIgniter->startController()
 6 SYSTEMPATH\CodeIgniter.php(354): CodeIgniter\CodeIgniter->handleRequest(null, Object(Config\Cache), false)
 7 SYSTEMPATH\Boot.php(334): CodeIgniter\CodeIgniter->run()
 8 SYSTEMPATH\Boot.php(67): CodeIgniter\Boot::runCodeIgniter(Object(CodeIgniter\CodeIgniter))
 9 FCPATH\index.php(56): CodeIgniter\Boot::bootWeb(Object(Config\Paths))
10 SYSTEMPATH\rewrite.php(44): require_once('D:\\xampp\\htdocs\\ISP Management - ALLSTAR TECH\\public\\index.php')
CRITICAL - 2025-05-28 08:53:08 --> Error: Object of class CodeIgniter\Database\MySQLi\Connection could not be converted to string
[Method: GET, Route: admin/dashboard]
in APPPATH\Controllers\AdminController.php on line 190.
 1 SYSTEMPATH\CodeIgniter.php(933): App\Controllers\AdminController->dashboard()
 2 SYSTEMPATH\CodeIgniter.php(507): CodeIgniter\CodeIgniter->runController(Object(App\Controllers\AdminController))
 3 SYSTEMPATH\CodeIgniter.php(354): CodeIgniter\CodeIgniter->handleRequest(null, Object(Config\Cache), false)
 4 SYSTEMPATH\Boot.php(334): CodeIgniter\CodeIgniter->run()
 5 SYSTEMPATH\Boot.php(67): CodeIgniter\Boot::runCodeIgniter(Object(CodeIgniter\CodeIgniter))
 6 FCPATH\index.php(56): CodeIgniter\Boot::bootWeb(Object(Config\Paths))
 7 SYSTEMPATH\rewrite.php(44): require_once('D:\\xampp\\htdocs\\ISP Management - ALLSTAR TECH\\public\\index.php')
CRITICAL - 2025-05-28 08:53:24 --> Error: Object of class CodeIgniter\Database\MySQLi\Connection could not be converted to string
[Method: GET, Route: admin/dashboard]
in APPPATH\Controllers\AdminController.php on line 190.
 1 SYSTEMPATH\CodeIgniter.php(933): App\Controllers\AdminController->dashboard()
 2 SYSTEMPATH\CodeIgniter.php(507): CodeIgniter\CodeIgniter->runController(Object(App\Controllers\AdminController))
 3 SYSTEMPATH\CodeIgniter.php(354): CodeIgniter\CodeIgniter->handleRequest(null, Object(Config\Cache), false)
 4 SYSTEMPATH\Boot.php(334): CodeIgniter\CodeIgniter->run()
 5 SYSTEMPATH\Boot.php(67): CodeIgniter\Boot::runCodeIgniter(Object(CodeIgniter\CodeIgniter))
 6 FCPATH\index.php(56): CodeIgniter\Boot::bootWeb(Object(Config\Paths))
 7 SYSTEMPATH\rewrite.php(44): require_once('D:\\xampp\\htdocs\\ISP Management - ALLSTAR TECH\\public\\index.php')
CRITICAL - 2025-05-28 08:54:06 --> Error: Object of class CodeIgniter\Database\MySQLi\Connection could not be converted to string
[Method: GET, Route: admin/dashboard]
in APPPATH\Controllers\AdminController.php on line 190.
 1 SYSTEMPATH\CodeIgniter.php(933): App\Controllers\AdminController->dashboard()
 2 SYSTEMPATH\CodeIgniter.php(507): CodeIgniter\CodeIgniter->runController(Object(App\Controllers\AdminController))
 3 SYSTEMPATH\CodeIgniter.php(354): CodeIgniter\CodeIgniter->handleRequest(null, Object(Config\Cache), false)
 4 SYSTEMPATH\Boot.php(334): CodeIgniter\CodeIgniter->run()
 5 SYSTEMPATH\Boot.php(67): CodeIgniter\Boot::runCodeIgniter(Object(CodeIgniter\CodeIgniter))
 6 FCPATH\index.php(56): CodeIgniter\Boot::bootWeb(Object(Config\Paths))
 7 SYSTEMPATH\rewrite.php(44): require_once('D:\\xampp\\htdocs\\ISP Management - ALLSTAR TECH\\public\\index.php')
CRITICAL - 2025-05-28 08:55:31 --> Error: Undefined constant "App\Controllers\F"
[Method: GET, Route: admin/dashboard]
in APPPATH\Controllers\AdminController.php on line 190.
 1 SYSTEMPATH\CodeIgniter.php(933): App\Controllers\AdminController->dashboard()
 2 SYSTEMPATH\CodeIgniter.php(507): CodeIgniter\CodeIgniter->runController(Object(App\Controllers\AdminController))
 3 SYSTEMPATH\CodeIgniter.php(354): CodeIgniter\CodeIgniter->handleRequest(null, Object(Config\Cache), false)
 4 SYSTEMPATH\Boot.php(334): CodeIgniter\CodeIgniter->run()
 5 SYSTEMPATH\Boot.php(67): CodeIgniter\Boot::runCodeIgniter(Object(CodeIgniter\CodeIgniter))
 6 FCPATH\index.php(56): CodeIgniter\Boot::bootWeb(Object(Config\Paths))
 7 SYSTEMPATH\rewrite.php(44): require_once('D:\\xampp\\htdocs\\ISP Management - ALLSTAR TECH\\public\\index.php')
CRITICAL - 2025-05-28 08:55:32 --> Error: Undefined constant "App\Controllers\F"
[Method: GET, Route: admin/dashboard]
in APPPATH\Controllers\AdminController.php on line 190.
 1 SYSTEMPATH\CodeIgniter.php(933): App\Controllers\AdminController->dashboard()
 2 SYSTEMPATH\CodeIgniter.php(507): CodeIgniter\CodeIgniter->runController(Object(App\Controllers\AdminController))
 3 SYSTEMPATH\CodeIgniter.php(354): CodeIgniter\CodeIgniter->handleRequest(null, Object(Config\Cache), false)
 4 SYSTEMPATH\Boot.php(334): CodeIgniter\CodeIgniter->run()
 5 SYSTEMPATH\Boot.php(67): CodeIgniter\Boot::runCodeIgniter(Object(CodeIgniter\CodeIgniter))
 6 FCPATH\index.php(56): CodeIgniter\Boot::bootWeb(Object(Config\Paths))
 7 SYSTEMPATH\rewrite.php(44): require_once('D:\\xampp\\htdocs\\ISP Management - ALLSTAR TECH\\public\\index.php')
CRITICAL - 2025-05-28 08:55:32 --> Error: Undefined constant "App\Controllers\F"
[Method: GET, Route: admin/dashboard]
in APPPATH\Controllers\AdminController.php on line 190.
 1 SYSTEMPATH\CodeIgniter.php(933): App\Controllers\AdminController->dashboard()
 2 SYSTEMPATH\CodeIgniter.php(507): CodeIgniter\CodeIgniter->runController(Object(App\Controllers\AdminController))
 3 SYSTEMPATH\CodeIgniter.php(354): CodeIgniter\CodeIgniter->handleRequest(null, Object(Config\Cache), false)
 4 SYSTEMPATH\Boot.php(334): CodeIgniter\CodeIgniter->run()
 5 SYSTEMPATH\Boot.php(67): CodeIgniter\Boot::runCodeIgniter(Object(CodeIgniter\CodeIgniter))
 6 FCPATH\index.php(56): CodeIgniter\Boot::bootWeb(Object(Config\Paths))
 7 SYSTEMPATH\rewrite.php(44): require_once('D:\\xampp\\htdocs\\ISP Management - ALLSTAR TECH\\public\\index.php')
CRITICAL - 2025-05-28 09:04:30 --> ParseError: syntax error, unexpected end of file
[Method: GET, Route: admin/dashboard]
in APPPATH\Views\admin\dashboard.php on line 529.
 1 SYSTEMPATH\View\View.php(227): CodeIgniter\View\View->CodeIgniter\View\{closure}()
 2 SYSTEMPATH\Common.php(1173): CodeIgniter\View\View->render('admin/dashboard', [], true)
 3 APPPATH\Controllers\AdminController.php(237): view('admin/dashboard', [...])
 4 SYSTEMPATH\CodeIgniter.php(933): App\Controllers\AdminController->dashboard()
 5 SYSTEMPATH\CodeIgniter.php(507): CodeIgniter\CodeIgniter->runController(Object(App\Controllers\AdminController))
 6 SYSTEMPATH\CodeIgniter.php(354): CodeIgniter\CodeIgniter->handleRequest(null, Object(Config\Cache), false)
 7 SYSTEMPATH\Boot.php(334): CodeIgniter\CodeIgniter->run()
 8 SYSTEMPATH\Boot.php(67): CodeIgniter\Boot::runCodeIgniter(Object(CodeIgniter\CodeIgniter))
 9 FCPATH\index.php(56): CodeIgniter\Boot::bootWeb(Object(Config\Paths))
10 SYSTEMPATH\rewrite.php(44): require_once('D:\\xampp\\htdocs\\ISP Management - ALLSTAR TECH\\public\\index.php')
CRITICAL - 2025-05-28 09:30:50 --> ArgumentCountError: Too few arguments to function App\Models\RepairTicketModel::getRepairRequestsWithDetails(), 1 passed in D:\xampp\htdocs\ISP Management - ALLSTAR TECH\app\Controllers\AdminController.php on line 242 and exactly 2 expected
[Method: GET, Route: admin/dashboard]
in APPPATH\Models\RepairTicketModel.php on line 33.
 1 APPPATH\Controllers\AdminController.php(242): App\Models\RepairTicketModel->getRepairRequestsWithDetails('City of Malolos')
 2 SYSTEMPATH\CodeIgniter.php(933): App\Controllers\AdminController->dashboard()
 3 SYSTEMPATH\CodeIgniter.php(507): CodeIgniter\CodeIgniter->runController(Object(App\Controllers\AdminController))
 4 SYSTEMPATH\CodeIgniter.php(354): CodeIgniter\CodeIgniter->handleRequest(null, Object(Config\Cache), false)
 5 SYSTEMPATH\Boot.php(334): CodeIgniter\CodeIgniter->run()
 6 SYSTEMPATH\Boot.php(67): CodeIgniter\Boot::runCodeIgniter(Object(CodeIgniter\CodeIgniter))
 7 FCPATH\index.php(56): CodeIgniter\Boot::bootWeb(Object(Config\Paths))
 8 SYSTEMPATH\rewrite.php(44): require_once('D:\\xampp\\htdocs\\ISP Management - ALLSTAR TECH\\public\\index.php')
ERROR - 2025-05-28 09:48:33 --> mysqli_sql_exception: Unknown column 'install_requests.created_date' in 'where clause' in D:\xampp\htdocs\ISP Management - ALLSTAR TECH\system\Database\MySQLi\Connection.php:327
Stack trace:
#0 D:\xampp\htdocs\ISP Management - ALLSTAR TECH\system\Database\MySQLi\Connection.php(327): mysqli->query('SELECT `install...', 0)
#1 D:\xampp\htdocs\ISP Management - ALLSTAR TECH\system\Database\BaseConnection.php(738): CodeIgniter\Database\MySQLi\Connection->execute('SELECT `install...')
#2 D:\xampp\htdocs\ISP Management - ALLSTAR TECH\system\Database\BaseConnection.php(652): CodeIgniter\Database\BaseConnection->simpleQuery('SELECT `install...')
#3 D:\xampp\htdocs\ISP Management - ALLSTAR TECH\system\Database\BaseBuilder.php(1649): CodeIgniter\Database\BaseConnection->query('SELECT `install...', Array, false)
#4 D:\xampp\htdocs\ISP Management - ALLSTAR TECH\system\Model.php(286): CodeIgniter\Database\BaseBuilder->get()
#5 D:\xampp\htdocs\ISP Management - ALLSTAR TECH\system\BaseModel.php(675): CodeIgniter\Model->doFindAll(0, 0)
#6 D:\xampp\htdocs\ISP Management - ALLSTAR TECH\app\Models\InstallTicketModel.php(50): CodeIgniter\BaseModel->findAll()
#7 D:\xampp\htdocs\ISP Management - ALLSTAR TECH\app\Controllers\AdminController.php(239): App\Models\InstallTicketModel->getInstallTicketsWithDetails('City of Malolos', '2025-05-28')
#8 D:\xampp\htdocs\ISP Management - ALLSTAR TECH\system\CodeIgniter.php(933): App\Controllers\AdminController->dashboard()
#9 D:\xampp\htdocs\ISP Management - ALLSTAR TECH\system\CodeIgniter.php(507): CodeIgniter\CodeIgniter->runController(Object(App\Controllers\AdminController))
#10 D:\xampp\htdocs\ISP Management - ALLSTAR TECH\system\CodeIgniter.php(354): CodeIgniter\CodeIgniter->handleRequest(NULL, Object(Config\Cache), false)
#11 D:\xampp\htdocs\ISP Management - ALLSTAR TECH\system\Boot.php(334): CodeIgniter\CodeIgniter->run()
#12 D:\xampp\htdocs\ISP Management - ALLSTAR TECH\system\Boot.php(67): CodeIgniter\Boot::runCodeIgniter(Object(CodeIgniter\CodeIgniter))
#13 D:\xampp\htdocs\ISP Management - ALLSTAR TECH\public\index.php(56): CodeIgniter\Boot::bootWeb(Object(Config\Paths))
#14 D:\xampp\htdocs\ISP Management - ALLSTAR TECH\system\rewrite.php(44): require_once('D:\\xampp\\htdocs...')
#15 {main}
CRITICAL - 2025-05-28 10:47:32 --> ParseError: syntax error, unexpected end of file
[Method: GET, Route: admin/subscribers]
in APPPATH\Views\admin\subscribers_list.php on line 487.
 1 SYSTEMPATH\View\View.php(227): CodeIgniter\View\View->CodeIgniter\View\{closure}()
 2 SYSTEMPATH\Common.php(1173): CodeIgniter\View\View->render('admin/subscribers_list', [], true)
 3 APPPATH\Controllers\AdminController.php(473): view('admin/subscribers_list', [...])
 4 SYSTEMPATH\CodeIgniter.php(933): App\Controllers\AdminController->subscribersList()
 5 SYSTEMPATH\CodeIgniter.php(507): CodeIgniter\CodeIgniter->runController(Object(App\Controllers\AdminController))
 6 SYSTEMPATH\CodeIgniter.php(354): CodeIgniter\CodeIgniter->handleRequest(null, Object(Config\Cache), false)
 7 SYSTEMPATH\Boot.php(334): CodeIgniter\CodeIgniter->run()
 8 SYSTEMPATH\Boot.php(67): CodeIgniter\Boot::runCodeIgniter(Object(CodeIgniter\CodeIgniter))
 9 FCPATH\index.php(56): CodeIgniter\Boot::bootWeb(Object(Config\Paths))
10 SYSTEMPATH\rewrite.php(44): require_once('D:\\xampp\\htdocs\\ISP Management - ALLSTAR TECH\\public\\index.php')
CRITICAL - 2025-05-28 13:20:48 --> ErrorException: Undefined variable $adminArea
[Method: GET, Route: admin/subscribers]
in APPPATH\Views\admin\subscribers_list.php on line 523.
 1 APPPATH\Views\admin\subscribers_list.php(523): CodeIgniter\Debug\Exceptions->errorHandler(2, 'Undefined variable $adminArea', 'D:\\xampp\\htdocs\\ISP Management - ALLSTAR TECH\\app\\Views\\admin\\subscribers_list.php', 523)
 2 SYSTEMPATH\View\View.php(224): include('D:\\xampp\\htdocs\\ISP Management - ALLSTAR TECH\\app\\Views\\admin\\subscribers_list.php')
 3 SYSTEMPATH\View\View.php(227): CodeIgniter\View\View->CodeIgniter\View\{closure}()
 4 SYSTEMPATH\Common.php(1173): CodeIgniter\View\View->render('admin/subscribers_list', [], true)
 5 APPPATH\Controllers\AdminController.php(474): view('admin/subscribers_list', [...])
 6 SYSTEMPATH\CodeIgniter.php(933): App\Controllers\AdminController->subscribersList()
 7 SYSTEMPATH\CodeIgniter.php(507): CodeIgniter\CodeIgniter->runController(Object(App\Controllers\AdminController))
 8 SYSTEMPATH\CodeIgniter.php(354): CodeIgniter\CodeIgniter->handleRequest(null, Object(Config\Cache), false)
 9 SYSTEMPATH\Boot.php(334): CodeIgniter\CodeIgniter->run()
10 SYSTEMPATH\Boot.php(67): CodeIgniter\Boot::runCodeIgniter(Object(CodeIgniter\CodeIgniter))
11 FCPATH\index.php(56): CodeIgniter\Boot::bootWeb(Object(Config\Paths))
12 SYSTEMPATH\rewrite.php(44): require_once('D:\\xampp\\htdocs\\ISP Management - ALLSTAR TECH\\public\\index.php')
CRITICAL - 2025-05-28 13:20:55 --> ErrorException: Undefined variable $admin_area
[Method: GET, Route: admin/subscribers]
in APPPATH\Views\admin\subscribers_list.php on line 523.
 1 APPPATH\Views\admin\subscribers_list.php(523): CodeIgniter\Debug\Exceptions->errorHandler(2, 'Undefined variable $admin_area', 'D:\\xampp\\htdocs\\ISP Management - ALLSTAR TECH\\app\\Views\\admin\\subscribers_list.php', 523)
 2 SYSTEMPATH\View\View.php(224): include('D:\\xampp\\htdocs\\ISP Management - ALLSTAR TECH\\app\\Views\\admin\\subscribers_list.php')
 3 SYSTEMPATH\View\View.php(227): CodeIgniter\View\View->CodeIgniter\View\{closure}()
 4 SYSTEMPATH\Common.php(1173): CodeIgniter\View\View->render('admin/subscribers_list', [], true)
 5 APPPATH\Controllers\AdminController.php(474): view('admin/subscribers_list', [...])
 6 SYSTEMPATH\CodeIgniter.php(933): App\Controllers\AdminController->subscribersList()
 7 SYSTEMPATH\CodeIgniter.php(507): CodeIgniter\CodeIgniter->runController(Object(App\Controllers\AdminController))
 8 SYSTEMPATH\CodeIgniter.php(354): CodeIgniter\CodeIgniter->handleRequest(null, Object(Config\Cache), false)
 9 SYSTEMPATH\Boot.php(334): CodeIgniter\CodeIgniter->run()
10 SYSTEMPATH\Boot.php(67): CodeIgniter\Boot::runCodeIgniter(Object(CodeIgniter\CodeIgniter))
11 FCPATH\index.php(56): CodeIgniter\Boot::bootWeb(Object(Config\Paths))
12 SYSTEMPATH\rewrite.php(44): require_once('D:\\xampp\\htdocs\\ISP Management - ALLSTAR TECH\\public\\index.php')
CRITICAL - 2025-05-28 13:49:40 --> CodeIgniter\Security\Exceptions\SecurityException: The action you requested is not allowed.
[Method: POST, Route: admin/add-subscriber]
in SYSTEMPATH\Security\Security.php on line 262.
 1 SYSTEMPATH\Security\Security.php(262): CodeIgniter\Security\Exceptions\SecurityException::forDisallowedAction()
 2 SYSTEMPATH\Filters\CSRF.php(52): CodeIgniter\Security\Security->verify(Object(CodeIgniter\HTTP\IncomingRequest))
 3 SYSTEMPATH\Filters\Filters.php(241): CodeIgniter\Filters\CSRF->before(Object(CodeIgniter\HTTP\IncomingRequest), null)
 4 SYSTEMPATH\Filters\Filters.php(221): CodeIgniter\Filters\Filters->runBefore([...])
 5 SYSTEMPATH\CodeIgniter.php(479): CodeIgniter\Filters\Filters->run('admin/add-subscriber', 'before')
 6 SYSTEMPATH\CodeIgniter.php(354): CodeIgniter\CodeIgniter->handleRequest(null, Object(Config\Cache), false)
 7 SYSTEMPATH\Boot.php(334): CodeIgniter\CodeIgniter->run()
 8 SYSTEMPATH\Boot.php(67): CodeIgniter\Boot::runCodeIgniter(Object(CodeIgniter\CodeIgniter))
 9 FCPATH\index.php(56): CodeIgniter\Boot::bootWeb(Object(Config\Paths))
10 SYSTEMPATH\rewrite.php(44): require_once('D:\\xampp\\htdocs\\ISP Management - ALLSTAR TECH\\public\\index.php')
CRITICAL - 2025-05-28 13:57:49 --> Error: Class "App\Controllers\SubscribersModel" not found
[Method: POST, Route: admin/add-subscriber]
in APPPATH\Controllers\AdminController.php on line 483.
 1 SYSTEMPATH\CodeIgniter.php(933): App\Controllers\AdminController->addSubscriber()
 2 SYSTEMPATH\CodeIgniter.php(507): CodeIgniter\CodeIgniter->runController(Object(App\Controllers\AdminController))
 3 SYSTEMPATH\CodeIgniter.php(354): CodeIgniter\CodeIgniter->handleRequest(null, Object(Config\Cache), false)
 4 SYSTEMPATH\Boot.php(334): CodeIgniter\CodeIgniter->run()
 5 SYSTEMPATH\Boot.php(67): CodeIgniter\Boot::runCodeIgniter(Object(CodeIgniter\CodeIgniter))
 6 FCPATH\index.php(56): CodeIgniter\Boot::bootWeb(Object(Config\Paths))
 7 SYSTEMPATH\rewrite.php(44): require_once('D:\\xampp\\htdocs\\ISP Management - ALLSTAR TECH\\public\\index.php')
ERROR - 2025-05-28 14:24:29 --> mysqli_sql_exception: Column 'price_to_pay' cannot be null in D:\xampp\htdocs\ISP Management - ALLSTAR TECH\system\Database\MySQLi\Connection.php:327
Stack trace:
#0 D:\xampp\htdocs\ISP Management - ALLSTAR TECH\system\Database\MySQLi\Connection.php(327): mysqli->query('INSERT INTO `bi...', 0)
#1 D:\xampp\htdocs\ISP Management - ALLSTAR TECH\system\Database\BaseConnection.php(738): CodeIgniter\Database\MySQLi\Connection->execute('INSERT INTO `bi...')
#2 D:\xampp\htdocs\ISP Management - ALLSTAR TECH\system\Database\BaseConnection.php(652): CodeIgniter\Database\BaseConnection->simpleQuery('INSERT INTO `bi...')
#3 D:\xampp\htdocs\ISP Management - ALLSTAR TECH\system\Database\BaseBuilder.php(2345): CodeIgniter\Database\BaseConnection->query('INSERT INTO `bi...', Array, false)
#4 D:\xampp\htdocs\ISP Management - ALLSTAR TECH\system\Model.php(394): CodeIgniter\Database\BaseBuilder->insert()
#5 D:\xampp\htdocs\ISP Management - ALLSTAR TECH\system\BaseModel.php(839): CodeIgniter\Model->doInsert(Array)
#6 D:\xampp\htdocs\ISP Management - ALLSTAR TECH\system\Model.php(800): CodeIgniter\BaseModel->insert(Array, true)
#7 D:\xampp\htdocs\ISP Management - ALLSTAR TECH\app\Controllers\AdminController.php(516): CodeIgniter\Model->insert(Array)
#8 D:\xampp\htdocs\ISP Management - ALLSTAR TECH\system\CodeIgniter.php(933): App\Controllers\AdminController->addSubscriber()
#9 D:\xampp\htdocs\ISP Management - ALLSTAR TECH\system\CodeIgniter.php(507): CodeIgniter\CodeIgniter->runController(Object(App\Controllers\AdminController))
#10 D:\xampp\htdocs\ISP Management - ALLSTAR TECH\system\CodeIgniter.php(354): CodeIgniter\CodeIgniter->handleRequest(NULL, Object(Config\Cache), false)
#11 D:\xampp\htdocs\ISP Management - ALLSTAR TECH\system\Boot.php(334): CodeIgniter\CodeIgniter->run()
#12 D:\xampp\htdocs\ISP Management - ALLSTAR TECH\system\Boot.php(67): CodeIgniter\Boot::runCodeIgniter(Object(CodeIgniter\CodeIgniter))
#13 D:\xampp\htdocs\ISP Management - ALLSTAR TECH\public\index.php(56): CodeIgniter\Boot::bootWeb(Object(Config\Paths))
#14 D:\xampp\htdocs\ISP Management - ALLSTAR TECH\system\rewrite.php(44): require_once('D:\\xampp\\htdocs...')
#15 {main}
CRITICAL - 2025-05-28 14:24:29 --> CodeIgniter\Database\Exceptions\DatabaseException: Column 'price_to_pay' cannot be null
[Method: POST, Route: admin/add-subscriber]
in SYSTEMPATH\Database\BaseConnection.php on line 692.
 1 SYSTEMPATH\Database\BaseBuilder.php(2345): CodeIgniter\Database\BaseConnection->query('INSERT INTO `bills` (`subscriber_id`, `billing_day`, `price_to_pay`, `status`, `paid_date`, `invoice_number`, `created_at`) VALUES (:subscriber_id:, :billing_day:, :price_to_pay:, :status:, :paid_date:, :invoice_number:, :created_at:)', [...], false)
 2 SYSTEMPATH\Model.php(394): CodeIgniter\Database\BaseBuilder->insert()
 3 SYSTEMPATH\BaseModel.php(839): CodeIgniter\Model->doInsert([...])
 4 SYSTEMPATH\Model.php(800): CodeIgniter\BaseModel->insert([...], true)
 5 APPPATH\Controllers\AdminController.php(516): CodeIgniter\Model->insert([...])
 6 SYSTEMPATH\CodeIgniter.php(933): App\Controllers\AdminController->addSubscriber()
 7 SYSTEMPATH\CodeIgniter.php(507): CodeIgniter\CodeIgniter->runController(Object(App\Controllers\AdminController))
 8 SYSTEMPATH\CodeIgniter.php(354): CodeIgniter\CodeIgniter->handleRequest(null, Object(Config\Cache), false)
 9 SYSTEMPATH\Boot.php(334): CodeIgniter\CodeIgniter->run()
10 SYSTEMPATH\Boot.php(67): CodeIgniter\Boot::runCodeIgniter(Object(CodeIgniter\CodeIgniter))
11 FCPATH\index.php(56): CodeIgniter\Boot::bootWeb(Object(Config\Paths))
12 SYSTEMPATH\rewrite.php(44): require_once('D:\\xampp\\htdocs\\ISP Management - ALLSTAR TECH\\public\\index.php')
CRITICAL - 2025-05-28 14:24:29 --> [Caused by] CodeIgniter\Database\Exceptions\DatabaseException: Column 'price_to_pay' cannot be null
in SYSTEMPATH\Database\MySQLi\Connection.php on line 332.
 1 SYSTEMPATH\Database\BaseConnection.php(738): CodeIgniter\Database\MySQLi\Connection->execute('INSERT INTO `bills` (`subscriber_id`, `billing_day`, `price_to_pay`, `status`, `paid_date`, `invoice_number`, `created_at`) VALUES (24, \'3\', NULL, \'Unpaid\', NULL, NULL, \'2025-05-28 14:24:29\')')
 2 SYSTEMPATH\Database\BaseConnection.php(652): CodeIgniter\Database\BaseConnection->simpleQuery('INSERT INTO `bills` (`subscriber_id`, `billing_day`, `price_to_pay`, `status`, `paid_date`, `invoice_number`, `created_at`) VALUES (24, \'3\', NULL, \'Unpaid\', NULL, NULL, \'2025-05-28 14:24:29\')')
 3 SYSTEMPATH\Database\BaseBuilder.php(2345): CodeIgniter\Database\BaseConnection->query('INSERT INTO `bills` (`subscriber_id`, `billing_day`, `price_to_pay`, `status`, `paid_date`, `invoice_number`, `created_at`) VALUES (:subscriber_id:, :billing_day:, :price_to_pay:, :status:, :paid_date:, :invoice_number:, :created_at:)', [...], false)
 4 SYSTEMPATH\Model.php(394): CodeIgniter\Database\BaseBuilder->insert()
 5 SYSTEMPATH\BaseModel.php(839): CodeIgniter\Model->doInsert([...])
 6 SYSTEMPATH\Model.php(800): CodeIgniter\BaseModel->insert([...], true)
 7 APPPATH\Controllers\AdminController.php(516): CodeIgniter\Model->insert([...])
 8 SYSTEMPATH\CodeIgniter.php(933): App\Controllers\AdminController->addSubscriber()
 9 SYSTEMPATH\CodeIgniter.php(507): CodeIgniter\CodeIgniter->runController(Object(App\Controllers\AdminController))
10 SYSTEMPATH\CodeIgniter.php(354): CodeIgniter\CodeIgniter->handleRequest(null, Object(Config\Cache), false)
11 SYSTEMPATH\Boot.php(334): CodeIgniter\CodeIgniter->run()
12 SYSTEMPATH\Boot.php(67): CodeIgniter\Boot::runCodeIgniter(Object(CodeIgniter\CodeIgniter))
13 FCPATH\index.php(56): CodeIgniter\Boot::bootWeb(Object(Config\Paths))
14 SYSTEMPATH\rewrite.php(44): require_once('D:\\xampp\\htdocs\\ISP Management - ALLSTAR TECH\\public\\index.php')
CRITICAL - 2025-05-28 14:24:29 --> [Caused by] mysqli_sql_exception: Column 'price_to_pay' cannot be null
in SYSTEMPATH\Database\MySQLi\Connection.php on line 327.
 1 SYSTEMPATH\Database\MySQLi\Connection.php(327): mysqli->query('INSERT INTO `bills` (`subscriber_id`, `billing_day`, `price_to_pay`, `status`, `paid_date`, `invoice_number`, `created_at`) VALUES (24, \'3\', NULL, \'Unpaid\', NULL, NULL, \'2025-05-28 14:24:29\')', 0)
 2 SYSTEMPATH\Database\BaseConnection.php(738): CodeIgniter\Database\MySQLi\Connection->execute('INSERT INTO `bills` (`subscriber_id`, `billing_day`, `price_to_pay`, `status`, `paid_date`, `invoice_number`, `created_at`) VALUES (24, \'3\', NULL, \'Unpaid\', NULL, NULL, \'2025-05-28 14:24:29\')')
 3 SYSTEMPATH\Database\BaseConnection.php(652): CodeIgniter\Database\BaseConnection->simpleQuery('INSERT INTO `bills` (`subscriber_id`, `billing_day`, `price_to_pay`, `status`, `paid_date`, `invoice_number`, `created_at`) VALUES (24, \'3\', NULL, \'Unpaid\', NULL, NULL, \'2025-05-28 14:24:29\')')
 4 SYSTEMPATH\Database\BaseBuilder.php(2345): CodeIgniter\Database\BaseConnection->query('INSERT INTO `bills` (`subscriber_id`, `billing_day`, `price_to_pay`, `status`, `paid_date`, `invoice_number`, `created_at`) VALUES (:subscriber_id:, :billing_day:, :price_to_pay:, :status:, :paid_date:, :invoice_number:, :created_at:)', [...], false)
 5 SYSTEMPATH\Model.php(394): CodeIgniter\Database\BaseBuilder->insert()
 6 SYSTEMPATH\BaseModel.php(839): CodeIgniter\Model->doInsert([...])
 7 SYSTEMPATH\Model.php(800): CodeIgniter\BaseModel->insert([...], true)
 8 APPPATH\Controllers\AdminController.php(516): CodeIgniter\Model->insert([...])
 9 SYSTEMPATH\CodeIgniter.php(933): App\Controllers\AdminController->addSubscriber()
10 SYSTEMPATH\CodeIgniter.php(507): CodeIgniter\CodeIgniter->runController(Object(App\Controllers\AdminController))
11 SYSTEMPATH\CodeIgniter.php(354): CodeIgniter\CodeIgniter->handleRequest(null, Object(Config\Cache), false)
12 SYSTEMPATH\Boot.php(334): CodeIgniter\CodeIgniter->run()
13 SYSTEMPATH\Boot.php(67): CodeIgniter\Boot::runCodeIgniter(Object(CodeIgniter\CodeIgniter))
14 FCPATH\index.php(56): CodeIgniter\Boot::bootWeb(Object(Config\Paths))
15 SYSTEMPATH\rewrite.php(44): require_once('D:\\xampp\\htdocs\\ISP Management - ALLSTAR TECH\\public\\index.php')
ERROR - 2025-05-28 14:28:27 --> mysqli_sql_exception: Duplicate entry '13333' for key 'account_number' in D:\xampp\htdocs\ISP Management - ALLSTAR TECH\system\Database\MySQLi\Connection.php:327
Stack trace:
#0 D:\xampp\htdocs\ISP Management - ALLSTAR TECH\system\Database\MySQLi\Connection.php(327): mysqli->query('INSERT INTO `su...', 0)
#1 D:\xampp\htdocs\ISP Management - ALLSTAR TECH\system\Database\BaseConnection.php(738): CodeIgniter\Database\MySQLi\Connection->execute('INSERT INTO `su...')
#2 D:\xampp\htdocs\ISP Management - ALLSTAR TECH\system\Database\BaseConnection.php(652): CodeIgniter\Database\BaseConnection->simpleQuery('INSERT INTO `su...')
#3 D:\xampp\htdocs\ISP Management - ALLSTAR TECH\system\Database\BaseBuilder.php(2345): CodeIgniter\Database\BaseConnection->query('INSERT INTO `su...', Array, false)
#4 D:\xampp\htdocs\ISP Management - ALLSTAR TECH\system\Model.php(394): CodeIgniter\Database\BaseBuilder->insert()
#5 D:\xampp\htdocs\ISP Management - ALLSTAR TECH\system\BaseModel.php(839): CodeIgniter\Model->doInsert(Array)
#6 D:\xampp\htdocs\ISP Management - ALLSTAR TECH\system\Model.php(800): CodeIgniter\BaseModel->insert(Array, true)
#7 D:\xampp\htdocs\ISP Management - ALLSTAR TECH\app\Controllers\AdminController.php(503): CodeIgniter\Model->insert(Array)
#8 D:\xampp\htdocs\ISP Management - ALLSTAR TECH\system\CodeIgniter.php(933): App\Controllers\AdminController->addSubscriber()
#9 D:\xampp\htdocs\ISP Management - ALLSTAR TECH\system\CodeIgniter.php(507): CodeIgniter\CodeIgniter->runController(Object(App\Controllers\AdminController))
#10 D:\xampp\htdocs\ISP Management - ALLSTAR TECH\system\CodeIgniter.php(354): CodeIgniter\CodeIgniter->handleRequest(NULL, Object(Config\Cache), false)
#11 D:\xampp\htdocs\ISP Management - ALLSTAR TECH\system\Boot.php(334): CodeIgniter\CodeIgniter->run()
#12 D:\xampp\htdocs\ISP Management - ALLSTAR TECH\system\Boot.php(67): CodeIgniter\Boot::runCodeIgniter(Object(CodeIgniter\CodeIgniter))
#13 D:\xampp\htdocs\ISP Management - ALLSTAR TECH\public\index.php(56): CodeIgniter\Boot::bootWeb(Object(Config\Paths))
#14 D:\xampp\htdocs\ISP Management - ALLSTAR TECH\system\rewrite.php(44): require_once('D:\\xampp\\htdocs...')
#15 {main}
CRITICAL - 2025-05-28 14:28:27 --> CodeIgniter\Database\Exceptions\DatabaseException: Duplicate entry '13333' for key 'account_number'
[Method: POST, Route: admin/add-subscriber]
in SYSTEMPATH\Database\BaseConnection.php on line 692.
 1 SYSTEMPATH\Database\BaseBuilder.php(2345): CodeIgniter\Database\BaseConnection->query('INSERT INTO `subscribers` (`first_name`, `middle_name`, `last_name`, `contact_number1`, `contact_number2`, `email`, `address`, `city`, `plan`, `account_number`, `billing_day`, `price_to_pay`, `status`) VALUES (:first_name:, :middle_name:, :last_name:, :contact_number1:, :contact_number2:, :email:, :address:, :city:, :plan:, :account_number:, :billing_day:, :price_to_pay:, :status:)', [...], false)
 2 SYSTEMPATH\Model.php(394): CodeIgniter\Database\BaseBuilder->insert()
 3 SYSTEMPATH\BaseModel.php(839): CodeIgniter\Model->doInsert([...])
 4 SYSTEMPATH\Model.php(800): CodeIgniter\BaseModel->insert([...], true)
 5 APPPATH\Controllers\AdminController.php(503): CodeIgniter\Model->insert([...])
 6 SYSTEMPATH\CodeIgniter.php(933): App\Controllers\AdminController->addSubscriber()
 7 SYSTEMPATH\CodeIgniter.php(507): CodeIgniter\CodeIgniter->runController(Object(App\Controllers\AdminController))
 8 SYSTEMPATH\CodeIgniter.php(354): CodeIgniter\CodeIgniter->handleRequest(null, Object(Config\Cache), false)
 9 SYSTEMPATH\Boot.php(334): CodeIgniter\CodeIgniter->run()
10 SYSTEMPATH\Boot.php(67): CodeIgniter\Boot::runCodeIgniter(Object(CodeIgniter\CodeIgniter))
11 FCPATH\index.php(56): CodeIgniter\Boot::bootWeb(Object(Config\Paths))
12 SYSTEMPATH\rewrite.php(44): require_once('D:\\xampp\\htdocs\\ISP Management - ALLSTAR TECH\\public\\index.php')
CRITICAL - 2025-05-28 14:28:27 --> [Caused by] CodeIgniter\Database\Exceptions\DatabaseException: Duplicate entry '13333' for key 'account_number'
in SYSTEMPATH\Database\MySQLi\Connection.php on line 332.
 1 SYSTEMPATH\Database\BaseConnection.php(738): CodeIgniter\Database\MySQLi\Connection->execute('INSERT INTO `subscribers` (`first_name`, `middle_name`, `last_name`, `contact_number1`, `contact_number2`, `email`, `address`, `city`, `plan`, `account_number`, `billing_day`, `price_to_pay`, `status`) VALUES (\'test1\', \'test1\', \'test1\', \'333\', \'333\', \'test1@gmail.com\', \'test1\', \'City of Malolos\', \'100 Mbps\', \'13333\', \'3\', \'999\', \'New Subscriber\')')
 2 SYSTEMPATH\Database\BaseConnection.php(652): CodeIgniter\Database\BaseConnection->simpleQuery('INSERT INTO `subscribers` (`first_name`, `middle_name`, `last_name`, `contact_number1`, `contact_number2`, `email`, `address`, `city`, `plan`, `account_number`, `billing_day`, `price_to_pay`, `status`) VALUES (\'test1\', \'test1\', \'test1\', \'333\', \'333\', \'test1@gmail.com\', \'test1\', \'City of Malolos\', \'100 Mbps\', \'13333\', \'3\', \'999\', \'New Subscriber\')')
 3 SYSTEMPATH\Database\BaseBuilder.php(2345): CodeIgniter\Database\BaseConnection->query('INSERT INTO `subscribers` (`first_name`, `middle_name`, `last_name`, `contact_number1`, `contact_number2`, `email`, `address`, `city`, `plan`, `account_number`, `billing_day`, `price_to_pay`, `status`) VALUES (:first_name:, :middle_name:, :last_name:, :contact_number1:, :contact_number2:, :email:, :address:, :city:, :plan:, :account_number:, :billing_day:, :price_to_pay:, :status:)', [...], false)
 4 SYSTEMPATH\Model.php(394): CodeIgniter\Database\BaseBuilder->insert()
 5 SYSTEMPATH\BaseModel.php(839): CodeIgniter\Model->doInsert([...])
 6 SYSTEMPATH\Model.php(800): CodeIgniter\BaseModel->insert([...], true)
 7 APPPATH\Controllers\AdminController.php(503): CodeIgniter\Model->insert([...])
 8 SYSTEMPATH\CodeIgniter.php(933): App\Controllers\AdminController->addSubscriber()
 9 SYSTEMPATH\CodeIgniter.php(507): CodeIgniter\CodeIgniter->runController(Object(App\Controllers\AdminController))
10 SYSTEMPATH\CodeIgniter.php(354): CodeIgniter\CodeIgniter->handleRequest(null, Object(Config\Cache), false)
11 SYSTEMPATH\Boot.php(334): CodeIgniter\CodeIgniter->run()
12 SYSTEMPATH\Boot.php(67): CodeIgniter\Boot::runCodeIgniter(Object(CodeIgniter\CodeIgniter))
13 FCPATH\index.php(56): CodeIgniter\Boot::bootWeb(Object(Config\Paths))
14 SYSTEMPATH\rewrite.php(44): require_once('D:\\xampp\\htdocs\\ISP Management - ALLSTAR TECH\\public\\index.php')
CRITICAL - 2025-05-28 14:28:27 --> [Caused by] mysqli_sql_exception: Duplicate entry '13333' for key 'account_number'
in SYSTEMPATH\Database\MySQLi\Connection.php on line 327.
 1 SYSTEMPATH\Database\MySQLi\Connection.php(327): mysqli->query('INSERT INTO `subscribers` (`first_name`, `middle_name`, `last_name`, `contact_number1`, `contact_number2`, `email`, `address`, `city`, `plan`, `account_number`, `billing_day`, `price_to_pay`, `status`) VALUES (\'test1\', \'test1\', \'test1\', \'333\', \'333\', \'test1@gmail.com\', \'test1\', \'City of Malolos\', \'100 Mbps\', \'13333\', \'3\', \'999\', \'New Subscriber\')', 0)
 2 SYSTEMPATH\Database\BaseConnection.php(738): CodeIgniter\Database\MySQLi\Connection->execute('INSERT INTO `subscribers` (`first_name`, `middle_name`, `last_name`, `contact_number1`, `contact_number2`, `email`, `address`, `city`, `plan`, `account_number`, `billing_day`, `price_to_pay`, `status`) VALUES (\'test1\', \'test1\', \'test1\', \'333\', \'333\', \'test1@gmail.com\', \'test1\', \'City of Malolos\', \'100 Mbps\', \'13333\', \'3\', \'999\', \'New Subscriber\')')
 3 SYSTEMPATH\Database\BaseConnection.php(652): CodeIgniter\Database\BaseConnection->simpleQuery('INSERT INTO `subscribers` (`first_name`, `middle_name`, `last_name`, `contact_number1`, `contact_number2`, `email`, `address`, `city`, `plan`, `account_number`, `billing_day`, `price_to_pay`, `status`) VALUES (\'test1\', \'test1\', \'test1\', \'333\', \'333\', \'test1@gmail.com\', \'test1\', \'City of Malolos\', \'100 Mbps\', \'13333\', \'3\', \'999\', \'New Subscriber\')')
 4 SYSTEMPATH\Database\BaseBuilder.php(2345): CodeIgniter\Database\BaseConnection->query('INSERT INTO `subscribers` (`first_name`, `middle_name`, `last_name`, `contact_number1`, `contact_number2`, `email`, `address`, `city`, `plan`, `account_number`, `billing_day`, `price_to_pay`, `status`) VALUES (:first_name:, :middle_name:, :last_name:, :contact_number1:, :contact_number2:, :email:, :address:, :city:, :plan:, :account_number:, :billing_day:, :price_to_pay:, :status:)', [...], false)
 5 SYSTEMPATH\Model.php(394): CodeIgniter\Database\BaseBuilder->insert()
 6 SYSTEMPATH\BaseModel.php(839): CodeIgniter\Model->doInsert([...])
 7 SYSTEMPATH\Model.php(800): CodeIgniter\BaseModel->insert([...], true)
 8 APPPATH\Controllers\AdminController.php(503): CodeIgniter\Model->insert([...])
 9 SYSTEMPATH\CodeIgniter.php(933): App\Controllers\AdminController->addSubscriber()
10 SYSTEMPATH\CodeIgniter.php(507): CodeIgniter\CodeIgniter->runController(Object(App\Controllers\AdminController))
11 SYSTEMPATH\CodeIgniter.php(354): CodeIgniter\CodeIgniter->handleRequest(null, Object(Config\Cache), false)
12 SYSTEMPATH\Boot.php(334): CodeIgniter\CodeIgniter->run()
13 SYSTEMPATH\Boot.php(67): CodeIgniter\Boot::runCodeIgniter(Object(CodeIgniter\CodeIgniter))
14 FCPATH\index.php(56): CodeIgniter\Boot::bootWeb(Object(Config\Paths))
15 SYSTEMPATH\rewrite.php(44): require_once('D:\\xampp\\htdocs\\ISP Management - ALLSTAR TECH\\public\\index.php')
CRITICAL - 2025-05-28 14:28:37 --> CodeIgniter\Security\Exceptions\SecurityException: The action you requested is not allowed.
[Method: POST, Route: admin/add-subscriber]
in SYSTEMPATH\Security\Security.php on line 262.
 1 SYSTEMPATH\Security\Security.php(262): CodeIgniter\Security\Exceptions\SecurityException::forDisallowedAction()
 2 SYSTEMPATH\Filters\CSRF.php(52): CodeIgniter\Security\Security->verify(Object(CodeIgniter\HTTP\IncomingRequest))
 3 SYSTEMPATH\Filters\Filters.php(241): CodeIgniter\Filters\CSRF->before(Object(CodeIgniter\HTTP\IncomingRequest), null)
 4 SYSTEMPATH\Filters\Filters.php(221): CodeIgniter\Filters\Filters->runBefore([...])
 5 SYSTEMPATH\CodeIgniter.php(479): CodeIgniter\Filters\Filters->run('admin/add-subscriber', 'before')
 6 SYSTEMPATH\CodeIgniter.php(354): CodeIgniter\CodeIgniter->handleRequest(null, Object(Config\Cache), false)
 7 SYSTEMPATH\Boot.php(334): CodeIgniter\CodeIgniter->run()
 8 SYSTEMPATH\Boot.php(67): CodeIgniter\Boot::runCodeIgniter(Object(CodeIgniter\CodeIgniter))
 9 FCPATH\index.php(56): CodeIgniter\Boot::bootWeb(Object(Config\Paths))
10 SYSTEMPATH\rewrite.php(44): require_once('D:\\xampp\\htdocs\\ISP Management - ALLSTAR TECH\\public\\index.php')
CRITICAL - 2025-05-28 15:47:49 --> CodeIgniter\View\Exceptions\ViewException: Invalid file: "admin/application.php"
[Method: GET, Route: admin/approved-applications]
in SYSTEMPATH\Exceptions\FrameworkException.php on line 39.
 1 SYSTEMPATH\View\View.php(212): CodeIgniter\Exceptions\FrameworkException::forInvalidFile('admin/application.php')
 2 SYSTEMPATH\Common.php(1173): CodeIgniter\View\View->render('admin/application', [], true)
 3 APPPATH\Controllers\AdminController.php(356): view('admin/application', [...])
 4 SYSTEMPATH\CodeIgniter.php(933): App\Controllers\AdminController->approvedApplications()
 5 SYSTEMPATH\CodeIgniter.php(507): CodeIgniter\CodeIgniter->runController(Object(App\Controllers\AdminController))
 6 SYSTEMPATH\CodeIgniter.php(354): CodeIgniter\CodeIgniter->handleRequest(null, Object(Config\Cache), false)
 7 SYSTEMPATH\Boot.php(334): CodeIgniter\CodeIgniter->run()
 8 SYSTEMPATH\Boot.php(67): CodeIgniter\Boot::runCodeIgniter(Object(CodeIgniter\CodeIgniter))
 9 FCPATH\index.php(56): CodeIgniter\Boot::bootWeb(Object(Config\Paths))
10 SYSTEMPATH\rewrite.php(44): require_once('D:\\xampp\\htdocs\\ISP Management - ALLSTAR TECH\\public\\index.php')
CRITICAL - 2025-05-28 15:48:35 --> CodeIgniter\Security\Exceptions\SecurityException: The action you requested is not allowed.
[Method: POST, Route: admin/admit]
in SYSTEMPATH\Security\Security.php on line 262.
 1 SYSTEMPATH\Security\Security.php(262): CodeIgniter\Security\Exceptions\SecurityException::forDisallowedAction()
 2 SYSTEMPATH\Filters\CSRF.php(52): CodeIgniter\Security\Security->verify(Object(CodeIgniter\HTTP\IncomingRequest))
 3 SYSTEMPATH\Filters\Filters.php(241): CodeIgniter\Filters\CSRF->before(Object(CodeIgniter\HTTP\IncomingRequest), null)
 4 SYSTEMPATH\Filters\Filters.php(221): CodeIgniter\Filters\Filters->runBefore([...])
 5 SYSTEMPATH\CodeIgniter.php(479): CodeIgniter\Filters\Filters->run('admin/admit', 'before')
 6 SYSTEMPATH\CodeIgniter.php(354): CodeIgniter\CodeIgniter->handleRequest(null, Object(Config\Cache), false)
 7 SYSTEMPATH\Boot.php(334): CodeIgniter\CodeIgniter->run()
 8 SYSTEMPATH\Boot.php(67): CodeIgniter\Boot::runCodeIgniter(Object(CodeIgniter\CodeIgniter))
 9 FCPATH\index.php(56): CodeIgniter\Boot::bootWeb(Object(Config\Paths))
10 SYSTEMPATH\rewrite.php(44): require_once('D:\\xampp\\htdocs\\ISP Management - ALLSTAR TECH\\public\\index.php')
CRITICAL - 2025-05-28 15:50:24 --> CodeIgniter\Security\Exceptions\SecurityException: The action you requested is not allowed.
[Method: POST, Route: admin/decline]
in SYSTEMPATH\Security\Security.php on line 262.
 1 SYSTEMPATH\Security\Security.php(262): CodeIgniter\Security\Exceptions\SecurityException::forDisallowedAction()
 2 SYSTEMPATH\Filters\CSRF.php(52): CodeIgniter\Security\Security->verify(Object(CodeIgniter\HTTP\IncomingRequest))
 3 SYSTEMPATH\Filters\Filters.php(241): CodeIgniter\Filters\CSRF->before(Object(CodeIgniter\HTTP\IncomingRequest), null)
 4 SYSTEMPATH\Filters\Filters.php(221): CodeIgniter\Filters\Filters->runBefore([...])
 5 SYSTEMPATH\CodeIgniter.php(479): CodeIgniter\Filters\Filters->run('admin/decline', 'before')
 6 SYSTEMPATH\CodeIgniter.php(354): CodeIgniter\CodeIgniter->handleRequest(null, Object(Config\Cache), false)
 7 SYSTEMPATH\Boot.php(334): CodeIgniter\CodeIgniter->run()
 8 SYSTEMPATH\Boot.php(67): CodeIgniter\Boot::runCodeIgniter(Object(CodeIgniter\CodeIgniter))
 9 FCPATH\index.php(56): CodeIgniter\Boot::bootWeb(Object(Config\Paths))
10 SYSTEMPATH\rewrite.php(44): require_once('D:\\xampp\\htdocs\\ISP Management - ALLSTAR TECH\\public\\index.php')
CRITICAL - 2025-05-28 15:55:44 --> CodeIgniter\Security\Exceptions\SecurityException: The action you requested is not allowed.
[Method: POST, Route: admin/admit]
in SYSTEMPATH\Security\Security.php on line 262.
 1 SYSTEMPATH\Security\Security.php(262): CodeIgniter\Security\Exceptions\SecurityException::forDisallowedAction()
 2 SYSTEMPATH\Filters\CSRF.php(52): CodeIgniter\Security\Security->verify(Object(CodeIgniter\HTTP\IncomingRequest))
 3 SYSTEMPATH\Filters\Filters.php(241): CodeIgniter\Filters\CSRF->before(Object(CodeIgniter\HTTP\IncomingRequest), null)
 4 SYSTEMPATH\Filters\Filters.php(221): CodeIgniter\Filters\Filters->runBefore([...])
 5 SYSTEMPATH\CodeIgniter.php(479): CodeIgniter\Filters\Filters->run('admin/admit', 'before')
 6 SYSTEMPATH\CodeIgniter.php(354): CodeIgniter\CodeIgniter->handleRequest(null, Object(Config\Cache), false)
 7 SYSTEMPATH\Boot.php(334): CodeIgniter\CodeIgniter->run()
 8 SYSTEMPATH\Boot.php(67): CodeIgniter\Boot::runCodeIgniter(Object(CodeIgniter\CodeIgniter))
 9 FCPATH\index.php(56): CodeIgniter\Boot::bootWeb(Object(Config\Paths))
10 SYSTEMPATH\rewrite.php(44): require_once('D:\\xampp\\htdocs\\ISP Management - ALLSTAR TECH\\public\\index.php')
CRITICAL - 2025-05-28 16:05:06 --> ParseError: syntax error, unexpected end of file
[Method: GET, Route: admin/approved-applications]
in APPPATH\Views\admin\applications.php on line 600.
 1 SYSTEMPATH\View\View.php(227): CodeIgniter\View\View->CodeIgniter\View\{closure}()
 2 SYSTEMPATH\Common.php(1173): CodeIgniter\View\View->render('admin/applications', [], true)
 3 APPPATH\Controllers\AdminController.php(361): view('admin/applications', [...])
 4 SYSTEMPATH\CodeIgniter.php(933): App\Controllers\AdminController->approvedApplications()
 5 SYSTEMPATH\CodeIgniter.php(507): CodeIgniter\CodeIgniter->runController(Object(App\Controllers\AdminController))
 6 SYSTEMPATH\CodeIgniter.php(354): CodeIgniter\CodeIgniter->handleRequest(null, Object(Config\Cache), false)
 7 SYSTEMPATH\Boot.php(334): CodeIgniter\CodeIgniter->run()
 8 SYSTEMPATH\Boot.php(67): CodeIgniter\Boot::runCodeIgniter(Object(CodeIgniter\CodeIgniter))
 9 FCPATH\index.php(56): CodeIgniter\Boot::bootWeb(Object(Config\Paths))
10 SYSTEMPATH\rewrite.php(44): require_once('D:\\xampp\\htdocs\\ISP Management - ALLSTAR TECH\\public\\index.php')
CRITICAL - 2025-05-28 16:05:37 --> ParseError: syntax error, unexpected end of file
[Method: GET, Route: admin/approved-applications]
in APPPATH\Views\admin\applications.php on line 602.
 1 SYSTEMPATH\View\View.php(227): CodeIgniter\View\View->CodeIgniter\View\{closure}()
 2 SYSTEMPATH\Common.php(1173): CodeIgniter\View\View->render('admin/applications', [], true)
 3 APPPATH\Controllers\AdminController.php(361): view('admin/applications', [...])
 4 SYSTEMPATH\CodeIgniter.php(933): App\Controllers\AdminController->approvedApplications()
 5 SYSTEMPATH\CodeIgniter.php(507): CodeIgniter\CodeIgniter->runController(Object(App\Controllers\AdminController))
 6 SYSTEMPATH\CodeIgniter.php(354): CodeIgniter\CodeIgniter->handleRequest(null, Object(Config\Cache), false)
 7 SYSTEMPATH\Boot.php(334): CodeIgniter\CodeIgniter->run()
 8 SYSTEMPATH\Boot.php(67): CodeIgniter\Boot::runCodeIgniter(Object(CodeIgniter\CodeIgniter))
 9 FCPATH\index.php(56): CodeIgniter\Boot::bootWeb(Object(Config\Paths))
10 SYSTEMPATH\rewrite.php(44): require_once('D:\\xampp\\htdocs\\ISP Management - ALLSTAR TECH\\public\\index.php')
CRITICAL - 2025-05-28 16:05:37 --> ParseError: syntax error, unexpected end of file
[Method: GET, Route: admin/approved-applications]
in APPPATH\Views\admin\applications.php on line 602.
 1 SYSTEMPATH\View\View.php(227): CodeIgniter\View\View->CodeIgniter\View\{closure}()
 2 SYSTEMPATH\Common.php(1173): CodeIgniter\View\View->render('admin/applications', [], true)
 3 APPPATH\Controllers\AdminController.php(361): view('admin/applications', [...])
 4 SYSTEMPATH\CodeIgniter.php(933): App\Controllers\AdminController->approvedApplications()
 5 SYSTEMPATH\CodeIgniter.php(507): CodeIgniter\CodeIgniter->runController(Object(App\Controllers\AdminController))
 6 SYSTEMPATH\CodeIgniter.php(354): CodeIgniter\CodeIgniter->handleRequest(null, Object(Config\Cache), false)
 7 SYSTEMPATH\Boot.php(334): CodeIgniter\CodeIgniter->run()
 8 SYSTEMPATH\Boot.php(67): CodeIgniter\Boot::runCodeIgniter(Object(CodeIgniter\CodeIgniter))
 9 FCPATH\index.php(56): CodeIgniter\Boot::bootWeb(Object(Config\Paths))
10 SYSTEMPATH\rewrite.php(44): require_once('D:\\xampp\\htdocs\\ISP Management - ALLSTAR TECH\\public\\index.php')
CRITICAL - 2025-05-28 16:05:41 --> ParseError: syntax error, unexpected end of file
[Method: GET, Route: admin/approved-applications]
in APPPATH\Views\admin\applications.php on line 602.
 1 SYSTEMPATH\View\View.php(227): CodeIgniter\View\View->CodeIgniter\View\{closure}()
 2 SYSTEMPATH\Common.php(1173): CodeIgniter\View\View->render('admin/applications', [], true)
 3 APPPATH\Controllers\AdminController.php(361): view('admin/applications', [...])
 4 SYSTEMPATH\CodeIgniter.php(933): App\Controllers\AdminController->approvedApplications()
 5 SYSTEMPATH\CodeIgniter.php(507): CodeIgniter\CodeIgniter->runController(Object(App\Controllers\AdminController))
 6 SYSTEMPATH\CodeIgniter.php(354): CodeIgniter\CodeIgniter->handleRequest(null, Object(Config\Cache), false)
 7 SYSTEMPATH\Boot.php(334): CodeIgniter\CodeIgniter->run()
 8 SYSTEMPATH\Boot.php(67): CodeIgniter\Boot::runCodeIgniter(Object(CodeIgniter\CodeIgniter))
 9 FCPATH\index.php(56): CodeIgniter\Boot::bootWeb(Object(Config\Paths))
10 SYSTEMPATH\rewrite.php(44): require_once('D:\\xampp\\htdocs\\ISP Management - ALLSTAR TECH\\public\\index.php')
ERROR - 2025-05-28 17:35:54 --> mysqli_sql_exception: Illegal parameter data types varchar and row for operation '=' in D:\xampp\htdocs\ISP Management - ALLSTAR TECH\system\Database\MySQLi\Connection.php:327
Stack trace:
#0 D:\xampp\htdocs\ISP Management - ALLSTAR TECH\system\Database\MySQLi\Connection.php(327): mysqli->query('SELECT COUNT(*)...', 0)
#1 D:\xampp\htdocs\ISP Management - ALLSTAR TECH\system\Database\BaseConnection.php(738): CodeIgniter\Database\MySQLi\Connection->execute('SELECT COUNT(*)...')
#2 D:\xampp\htdocs\ISP Management - ALLSTAR TECH\system\Database\BaseConnection.php(652): CodeIgniter\Database\BaseConnection->simpleQuery('SELECT COUNT(*)...')
#3 D:\xampp\htdocs\ISP Management - ALLSTAR TECH\system\Database\BaseBuilder.php(1733): CodeIgniter\Database\BaseConnection->query('SELECT COUNT(*)...', Array, false)
#4 D:\xampp\htdocs\ISP Management - ALLSTAR TECH\app\Controllers\AdminController.php(111): CodeIgniter\Database\BaseBuilder->countAllResults()
#5 D:\xampp\htdocs\ISP Management - ALLSTAR TECH\system\CodeIgniter.php(933): App\Controllers\AdminController->dashboard()
#6 D:\xampp\htdocs\ISP Management - ALLSTAR TECH\system\CodeIgniter.php(507): CodeIgniter\CodeIgniter->runController(Object(App\Controllers\AdminController))
#7 D:\xampp\htdocs\ISP Management - ALLSTAR TECH\system\CodeIgniter.php(354): CodeIgniter\CodeIgniter->handleRequest(NULL, Object(Config\Cache), false)
#8 D:\xampp\htdocs\ISP Management - ALLSTAR TECH\system\Boot.php(334): CodeIgniter\CodeIgniter->run()
#9 D:\xampp\htdocs\ISP Management - ALLSTAR TECH\system\Boot.php(67): CodeIgniter\Boot::runCodeIgniter(Object(CodeIgniter\CodeIgniter))
#10 D:\xampp\htdocs\ISP Management - ALLSTAR TECH\public\index.php(56): CodeIgniter\Boot::bootWeb(Object(Config\Paths))
#11 D:\xampp\htdocs\ISP Management - ALLSTAR TECH\system\rewrite.php(44): require_once('D:\\xampp\\htdocs...')
#12 {main}
CRITICAL - 2025-05-28 17:37:24 --> ArgumentCountError: Too few arguments to function CodeIgniter\Database\BaseBuilder::join(), 1 passed in D:\xampp\htdocs\ISP Management - ALLSTAR TECH\app\Controllers\AdminController.php on line 109 and at least 2 expected
[Method: GET, Route: admin/dashboard]
in SYSTEMPATH\Database\BaseBuilder.php on line 633.
 1 APPPATH\Controllers\AdminController.php(109): CodeIgniter\Database\BaseBuilder->join('install_requests *')
 2 SYSTEMPATH\CodeIgniter.php(933): App\Controllers\AdminController->dashboard()
 3 SYSTEMPATH\CodeIgniter.php(507): CodeIgniter\CodeIgniter->runController(Object(App\Controllers\AdminController))
 4 SYSTEMPATH\CodeIgniter.php(354): CodeIgniter\CodeIgniter->handleRequest(null, Object(Config\Cache), false)
 5 SYSTEMPATH\Boot.php(334): CodeIgniter\CodeIgniter->run()
 6 SYSTEMPATH\Boot.php(67): CodeIgniter\Boot::runCodeIgniter(Object(CodeIgniter\CodeIgniter))
 7 FCPATH\index.php(56): CodeIgniter\Boot::bootWeb(Object(Config\Paths))
 8 SYSTEMPATH\rewrite.php(44): require_once('D:\\xampp\\htdocs\\ISP Management - ALLSTAR TECH\\public\\index.php')
CRITICAL - 2025-05-28 17:54:13 --> ErrorException: Undefined property: App\Controllers\AdminController::$subscriberModel
[Method: GET, Route: admin/tickets]
in APPPATH\Controllers\AdminController.php on line 1038.
 1 APPPATH\Controllers\AdminController.php(1038): CodeIgniter\Debug\Exceptions->errorHandler(2, 'Undefined property: App\\Controllers\\AdminController::$subscriberModel', 'D:\\xampp\\htdocs\\ISP Management - ALLSTAR TECH\\app\\Controllers\\AdminController.php', 1038)
 2 SYSTEMPATH\CodeIgniter.php(933): App\Controllers\AdminController->tickets()
 3 SYSTEMPATH\CodeIgniter.php(507): CodeIgniter\CodeIgniter->runController(Object(App\Controllers\AdminController))
 4 SYSTEMPATH\CodeIgniter.php(354): CodeIgniter\CodeIgniter->handleRequest(null, Object(Config\Cache), false)
 5 SYSTEMPATH\Boot.php(334): CodeIgniter\CodeIgniter->run()
 6 SYSTEMPATH\Boot.php(67): CodeIgniter\Boot::runCodeIgniter(Object(CodeIgniter\CodeIgniter))
 7 FCPATH\index.php(56): CodeIgniter\Boot::bootWeb(Object(Config\Paths))
 8 SYSTEMPATH\rewrite.php(44): require_once('D:\\xampp\\htdocs\\ISP Management - ALLSTAR TECH\\public\\index.php')
CRITICAL - 2025-05-28 17:54:17 --> ErrorException: Undefined property: App\Controllers\AdminController::$subscriberModel
[Method: GET, Route: admin/tickets]
in APPPATH\Controllers\AdminController.php on line 1038.
 1 APPPATH\Controllers\AdminController.php(1038): CodeIgniter\Debug\Exceptions->errorHandler(2, 'Undefined property: App\\Controllers\\AdminController::$subscriberModel', 'D:\\xampp\\htdocs\\ISP Management - ALLSTAR TECH\\app\\Controllers\\AdminController.php', 1038)
 2 SYSTEMPATH\CodeIgniter.php(933): App\Controllers\AdminController->tickets()
 3 SYSTEMPATH\CodeIgniter.php(507): CodeIgniter\CodeIgniter->runController(Object(App\Controllers\AdminController))
 4 SYSTEMPATH\CodeIgniter.php(354): CodeIgniter\CodeIgniter->handleRequest(null, Object(Config\Cache), false)
 5 SYSTEMPATH\Boot.php(334): CodeIgniter\CodeIgniter->run()
 6 SYSTEMPATH\Boot.php(67): CodeIgniter\Boot::runCodeIgniter(Object(CodeIgniter\CodeIgniter))
 7 FCPATH\index.php(56): CodeIgniter\Boot::bootWeb(Object(Config\Paths))
 8 SYSTEMPATH\rewrite.php(44): require_once('D:\\xampp\\htdocs\\ISP Management - ALLSTAR TECH\\public\\index.php')
ERROR - 2025-05-28 17:55:23 --> Error in tickets(): Call to undefined method App\Models\SubscriberModel::whereNotNull on line 930
CRITICAL - 2025-05-28 17:55:23 --> CodeIgniter\View\Exceptions\ViewException: Invalid file: "errors/html/error_500.php"
[Method: GET, Route: admin/tickets]
in SYSTEMPATH\Exceptions\FrameworkException.php on line 39.
 1 SYSTEMPATH\View\View.php(212): CodeIgniter\Exceptions\FrameworkException::forInvalidFile('errors/html/error_500.php')
 2 SYSTEMPATH\Common.php(1173): CodeIgniter\View\View->render('errors/html/error_500', [], true)
 3 APPPATH\Controllers\AdminController.php(1052): view('errors/html/error_500', [...])
 4 SYSTEMPATH\CodeIgniter.php(933): App\Controllers\AdminController->tickets()
 5 SYSTEMPATH\CodeIgniter.php(507): CodeIgniter\CodeIgniter->runController(Object(App\Controllers\AdminController))
 6 SYSTEMPATH\CodeIgniter.php(354): CodeIgniter\CodeIgniter->handleRequest(null, Object(Config\Cache), false)
 7 SYSTEMPATH\Boot.php(334): CodeIgniter\CodeIgniter->run()
 8 SYSTEMPATH\Boot.php(67): CodeIgniter\Boot::runCodeIgniter(Object(CodeIgniter\CodeIgniter))
 9 FCPATH\index.php(56): CodeIgniter\Boot::bootWeb(Object(Config\Paths))
10 SYSTEMPATH\rewrite.php(44): require_once('D:\\xampp\\htdocs\\ISP Management - ALLSTAR TECH\\public\\index.php')
ERROR - 2025-05-28 17:55:35 --> Error in tickets(): Call to undefined method App\Models\SubscriberModel::whereNotNull on line 930
CRITICAL - 2025-05-28 17:55:35 --> CodeIgniter\View\Exceptions\ViewException: Invalid file: "errors/html/error_500.php"
[Method: GET, Route: admin/tickets]
in SYSTEMPATH\Exceptions\FrameworkException.php on line 39.
 1 SYSTEMPATH\View\View.php(212): CodeIgniter\Exceptions\FrameworkException::forInvalidFile('errors/html/error_500.php')
 2 SYSTEMPATH\Common.php(1173): CodeIgniter\View\View->render('errors/html/error_500', [], true)
 3 APPPATH\Controllers\AdminController.php(1052): view('errors/html/error_500', [...])
 4 SYSTEMPATH\CodeIgniter.php(933): App\Controllers\AdminController->tickets()
 5 SYSTEMPATH\CodeIgniter.php(507): CodeIgniter\CodeIgniter->runController(Object(App\Controllers\AdminController))
 6 SYSTEMPATH\CodeIgniter.php(354): CodeIgniter\CodeIgniter->handleRequest(null, Object(Config\Cache), false)
 7 SYSTEMPATH\Boot.php(334): CodeIgniter\CodeIgniter->run()
 8 SYSTEMPATH\Boot.php(67): CodeIgniter\Boot::runCodeIgniter(Object(CodeIgniter\CodeIgniter))
 9 FCPATH\index.php(56): CodeIgniter\Boot::bootWeb(Object(Config\Paths))
10 SYSTEMPATH\rewrite.php(44): require_once('D:\\xampp\\htdocs\\ISP Management - ALLSTAR TECH\\public\\index.php')
ERROR - 2025-05-28 17:55:56 --> Error in tickets(): Call to undefined method App\Models\SubscriberModel::whereNotNull on line 930
CRITICAL - 2025-05-28 17:55:56 --> CodeIgniter\View\Exceptions\ViewException: Invalid file: "errors/html/error_500.php"
[Method: GET, Route: admin/tickets]
in SYSTEMPATH\Exceptions\FrameworkException.php on line 39.
 1 SYSTEMPATH\View\View.php(212): CodeIgniter\Exceptions\FrameworkException::forInvalidFile('errors/html/error_500.php')
 2 SYSTEMPATH\Common.php(1173): CodeIgniter\View\View->render('errors/html/error_500', [], true)
 3 APPPATH\Controllers\AdminController.php(1052): view('errors/html/error_500', [...])
 4 SYSTEMPATH\CodeIgniter.php(933): App\Controllers\AdminController->tickets()
 5 SYSTEMPATH\CodeIgniter.php(507): CodeIgniter\CodeIgniter->runController(Object(App\Controllers\AdminController))
 6 SYSTEMPATH\CodeIgniter.php(354): CodeIgniter\CodeIgniter->handleRequest(null, Object(Config\Cache), false)
 7 SYSTEMPATH\Boot.php(334): CodeIgniter\CodeIgniter->run()
 8 SYSTEMPATH\Boot.php(67): CodeIgniter\Boot::runCodeIgniter(Object(CodeIgniter\CodeIgniter))
 9 FCPATH\index.php(56): CodeIgniter\Boot::bootWeb(Object(Config\Paths))
10 SYSTEMPATH\rewrite.php(44): require_once('D:\\xampp\\htdocs\\ISP Management - ALLSTAR TECH\\public\\index.php')
CRITICAL - 2025-05-28 17:59:32 --> ErrorException: Undefined property: App\Controllers\AdminController::$subscriberModel
[Method: GET, Route: admin/tickets]
in APPPATH\Controllers\AdminController.php on line 1028.
 1 APPPATH\Controllers\AdminController.php(1028): CodeIgniter\Debug\Exceptions->errorHandler(2, 'Undefined property: App\\Controllers\\AdminController::$subscriberModel', 'D:\\xampp\\htdocs\\ISP Management - ALLSTAR TECH\\app\\Controllers\\AdminController.php', 1028)
 2 SYSTEMPATH\CodeIgniter.php(933): App\Controllers\AdminController->Tickets()
 3 SYSTEMPATH\CodeIgniter.php(507): CodeIgniter\CodeIgniter->runController(Object(App\Controllers\AdminController))
 4 SYSTEMPATH\CodeIgniter.php(354): CodeIgniter\CodeIgniter->handleRequest(null, Object(Config\Cache), false)
 5 SYSTEMPATH\Boot.php(334): CodeIgniter\CodeIgniter->run()
 6 SYSTEMPATH\Boot.php(67): CodeIgniter\Boot::runCodeIgniter(Object(CodeIgniter\CodeIgniter))
 7 FCPATH\index.php(56): CodeIgniter\Boot::bootWeb(Object(Config\Paths))
 8 SYSTEMPATH\rewrite.php(44): require_once('D:\\xampp\\htdocs\\ISP Management - ALLSTAR TECH\\public\\index.php')
CRITICAL - 2025-05-28 18:00:08 --> ErrorException: Undefined property: App\Controllers\AdminController::$subscriberModel
[Method: GET, Route: admin/tickets]
in APPPATH\Controllers\AdminController.php on line 1028.
 1 APPPATH\Controllers\AdminController.php(1028): CodeIgniter\Debug\Exceptions->errorHandler(2, 'Undefined property: App\\Controllers\\AdminController::$subscriberModel', 'D:\\xampp\\htdocs\\ISP Management - ALLSTAR TECH\\app\\Controllers\\AdminController.php', 1028)
 2 SYSTEMPATH\CodeIgniter.php(933): App\Controllers\AdminController->Tickets()
 3 SYSTEMPATH\CodeIgniter.php(507): CodeIgniter\CodeIgniter->runController(Object(App\Controllers\AdminController))
 4 SYSTEMPATH\CodeIgniter.php(354): CodeIgniter\CodeIgniter->handleRequest(null, Object(Config\Cache), false)
 5 SYSTEMPATH\Boot.php(334): CodeIgniter\CodeIgniter->run()
 6 SYSTEMPATH\Boot.php(67): CodeIgniter\Boot::runCodeIgniter(Object(CodeIgniter\CodeIgniter))
 7 FCPATH\index.php(56): CodeIgniter\Boot::bootWeb(Object(Config\Paths))
 8 SYSTEMPATH\rewrite.php(44): require_once('D:\\xampp\\htdocs\\ISP Management - ALLSTAR TECH\\public\\index.php')
ERROR - 2025-05-28 18:00:39 --> Error in Tickets(): Undefined property: App\Controllers\AdminController::$subscriberModel
ERROR - 2025-05-28 18:01:23 --> Error in Tickets(): Undefined property: App\Controllers\AdminController::$subscriberModel
CRITICAL - 2025-05-28 18:02:40 --> ErrorException: Undefined variable $adminCity
[Method: GET, Route: admin/tickets]
in APPPATH\Controllers\AdminController.php on line 1028.
 1 APPPATH\Controllers\AdminController.php(1028): CodeIgniter\Debug\Exceptions->errorHandler(2, 'Undefined variable $adminCity', 'D:\\xampp\\htdocs\\ISP Management - ALLSTAR TECH\\app\\Controllers\\AdminController.php', 1028)
 2 SYSTEMPATH\CodeIgniter.php(933): App\Controllers\AdminController->Tickets()
 3 SYSTEMPATH\CodeIgniter.php(507): CodeIgniter\CodeIgniter->runController(Object(App\Controllers\AdminController))
 4 SYSTEMPATH\CodeIgniter.php(354): CodeIgniter\CodeIgniter->handleRequest(null, Object(Config\Cache), false)
 5 SYSTEMPATH\Boot.php(334): CodeIgniter\CodeIgniter->run()
 6 SYSTEMPATH\Boot.php(67): CodeIgniter\Boot::runCodeIgniter(Object(CodeIgniter\CodeIgniter))
 7 FCPATH\index.php(56): CodeIgniter\Boot::bootWeb(Object(Config\Paths))
 8 SYSTEMPATH\rewrite.php(44): require_once('D:\\xampp\\htdocs\\ISP Management - ALLSTAR TECH\\public\\index.php')
CRITICAL - 2025-05-28 18:02:44 --> ErrorException: Undefined variable $adminCity
[Method: GET, Route: admin/tickets]
in APPPATH\Controllers\AdminController.php on line 1028.
 1 APPPATH\Controllers\AdminController.php(1028): CodeIgniter\Debug\Exceptions->errorHandler(2, 'Undefined variable $adminCity', 'D:\\xampp\\htdocs\\ISP Management - ALLSTAR TECH\\app\\Controllers\\AdminController.php', 1028)
 2 SYSTEMPATH\CodeIgniter.php(933): App\Controllers\AdminController->Tickets()
 3 SYSTEMPATH\CodeIgniter.php(507): CodeIgniter\CodeIgniter->runController(Object(App\Controllers\AdminController))
 4 SYSTEMPATH\CodeIgniter.php(354): CodeIgniter\CodeIgniter->handleRequest(null, Object(Config\Cache), false)
 5 SYSTEMPATH\Boot.php(334): CodeIgniter\CodeIgniter->run()
 6 SYSTEMPATH\Boot.php(67): CodeIgniter\Boot::runCodeIgniter(Object(CodeIgniter\CodeIgniter))
 7 FCPATH\index.php(56): CodeIgniter\Boot::bootWeb(Object(Config\Paths))
 8 SYSTEMPATH\rewrite.php(44): require_once('D:\\xampp\\htdocs\\ISP Management - ALLSTAR TECH\\public\\index.php')
CRITICAL - 2025-05-28 23:53:34 --> ErrorException: Undefined variable $action
[Method: GET, Route: admin/tickets]
in APPPATH\Views\admin\tickets.php on line 263.
 1 APPPATH\Views\admin\tickets.php(263): CodeIgniter\Debug\Exceptions->errorHandler(2, 'Undefined variable $action', 'D:\\xampp\\htdocs\\ISP Management - ALLSTAR TECH\\app\\Views\\admin\\tickets.php', 263)
 2 SYSTEMPATH\View\View.php(224): include('D:\\xampp\\htdocs\\ISP Management - ALLSTAR TECH\\app\\Views\\admin\\tickets.php')
 3 SYSTEMPATH\View\View.php(227): CodeIgniter\View\View->CodeIgniter\View\{closure}()
 4 SYSTEMPATH\Common.php(1173): CodeIgniter\View\View->render('admin/tickets', [], true)
 5 APPPATH\Controllers\AdminController.php(1022): view('admin/tickets', [...])
 6 SYSTEMPATH\CodeIgniter.php(933): App\Controllers\AdminController->repairTickets()
 7 SYSTEMPATH\CodeIgniter.php(507): CodeIgniter\CodeIgniter->runController(Object(App\Controllers\AdminController))
 8 SYSTEMPATH\CodeIgniter.php(354): CodeIgniter\CodeIgniter->handleRequest(null, Object(Config\Cache), false)
 9 SYSTEMPATH\Boot.php(334): CodeIgniter\CodeIgniter->run()
10 SYSTEMPATH\Boot.php(67): CodeIgniter\Boot::runCodeIgniter(Object(CodeIgniter\CodeIgniter))
11 FCPATH\index.php(56): CodeIgniter\Boot::bootWeb(Object(Config\Paths))
12 SYSTEMPATH\rewrite.php(44): require_once('D:\\xampp\\htdocs\\ISP Management - ALLSTAR TECH\\public\\index.php')
CRITICAL - 2025-05-28 23:56:16 --> ErrorException: Undefined variable $action
[Method: GET, Route: admin/tickets]
in APPPATH\Views\admin\tickets.php on line 264.
 1 APPPATH\Views\admin\tickets.php(264): CodeIgniter\Debug\Exceptions->errorHandler(2, 'Undefined variable $action', 'D:\\xampp\\htdocs\\ISP Management - ALLSTAR TECH\\app\\Views\\admin\\tickets.php', 264)
 2 SYSTEMPATH\View\View.php(224): include('D:\\xampp\\htdocs\\ISP Management - ALLSTAR TECH\\app\\Views\\admin\\tickets.php')
 3 SYSTEMPATH\View\View.php(227): CodeIgniter\View\View->CodeIgniter\View\{closure}()
 4 SYSTEMPATH\Common.php(1173): CodeIgniter\View\View->render('admin/tickets', [], true)
 5 APPPATH\Controllers\AdminController.php(1022): view('admin/tickets', [...])
 6 SYSTEMPATH\CodeIgniter.php(933): App\Controllers\AdminController->repairTickets()
 7 SYSTEMPATH\CodeIgniter.php(507): CodeIgniter\CodeIgniter->runController(Object(App\Controllers\AdminController))
 8 SYSTEMPATH\CodeIgniter.php(354): CodeIgniter\CodeIgniter->handleRequest(null, Object(Config\Cache), false)
 9 SYSTEMPATH\Boot.php(334): CodeIgniter\CodeIgniter->run()
10 SYSTEMPATH\Boot.php(67): CodeIgniter\Boot::runCodeIgniter(Object(CodeIgniter\CodeIgniter))
11 FCPATH\index.php(56): CodeIgniter\Boot::bootWeb(Object(Config\Paths))
12 SYSTEMPATH\rewrite.php(44): require_once('D:\\xampp\\htdocs\\ISP Management - ALLSTAR TECH\\public\\index.php')
