CRITICAL - 2025-05-13 15:21:27 --> ErrorException: Trying to access array offset on value of type null
[Method: GET, Route: admin/reports]
in APPPATH\Views\admin\reports_page.php on line 12.
 1 APPPATH\Views\admin\reports_page.php(12): CodeIgniter\Debug\Exceptions->errorHandler(2, 'Trying to access array offset on value of type null', 'D:\\xampp\\htdocs\\ci4\\app\\Views\\admin\\reports_page.php', 12)
 2 SYSTEMPATH\View\View.php(224): include('D:\\xampp\\htdocs\\ci4\\app\\Views\\admin\\reports_page.php')
 3 SYSTEMPATH\View\View.php(227): CodeIgniter\View\View->CodeIgniter\View\{closure}()
 4 SYSTEMPATH\Common.php(1173): CodeIgniter\View\View->render('admin/reports_page', [], true)
 5 APPPATH\Controllers\AdminController.php(872): view('admin/reports_page')
 6 SYSTEMPATH\CodeIgniter.php(933): App\Controllers\AdminController->reports()
 7 SYSTEMPATH\CodeIgniter.php(507): CodeIgniter\CodeIgniter->runController(Object(App\Controllers\AdminController))
 8 SYSTEMPATH\CodeIgniter.php(354): CodeIgniter\CodeIgniter->handleRequest(null, Object(Config\Cache), false)
 9 SYSTEMPATH\Boot.php(334): CodeIgniter\CodeIgniter->run()
10 SYSTEMPATH\Boot.php(67): CodeIgniter\Boot::runCodeIgniter(Object(CodeIgniter\CodeIgniter))
11 FCPATH\index.php(56): CodeIgniter\Boot::bootWeb(Object(Config\Paths))
12 SYSTEMPATH\rewrite.php(44): require_once('D:\\xampp\\htdocs\\ci4\\public\\index.php')
CRITICAL - 2025-05-13 15:21:31 --> ErrorException: Trying to access array offset on value of type null
[Method: GET, Route: admin/reports]
in APPPATH\Views\admin\reports_page.php on line 12.
 1 APPPATH\Views\admin\reports_page.php(12): CodeIgniter\Debug\Exceptions->errorHandler(2, 'Trying to access array offset on value of type null', 'D:\\xampp\\htdocs\\ci4\\app\\Views\\admin\\reports_page.php', 12)
 2 SYSTEMPATH\View\View.php(224): include('D:\\xampp\\htdocs\\ci4\\app\\Views\\admin\\reports_page.php')
 3 SYSTEMPATH\View\View.php(227): CodeIgniter\View\View->CodeIgniter\View\{closure}()
 4 SYSTEMPATH\Common.php(1173): CodeIgniter\View\View->render('admin/reports_page', [], true)
 5 APPPATH\Controllers\AdminController.php(872): view('admin/reports_page')
 6 SYSTEMPATH\CodeIgniter.php(933): App\Controllers\AdminController->reports()
 7 SYSTEMPATH\CodeIgniter.php(507): CodeIgniter\CodeIgniter->runController(Object(App\Controllers\AdminController))
 8 SYSTEMPATH\CodeIgniter.php(354): CodeIgniter\CodeIgniter->handleRequest(null, Object(Config\Cache), false)
 9 SYSTEMPATH\Boot.php(334): CodeIgniter\CodeIgniter->run()
10 SYSTEMPATH\Boot.php(67): CodeIgniter\Boot::runCodeIgniter(Object(CodeIgniter\CodeIgniter))
11 FCPATH\index.php(56): CodeIgniter\Boot::bootWeb(Object(Config\Paths))
12 SYSTEMPATH\rewrite.php(44): require_once('D:\\xampp\\htdocs\\ci4\\public\\index.php')
CRITICAL - 2025-05-13 15:27:55 --> ErrorException: Trying to access array offset on value of type null
[Method: GET, Route: admin/reports/billing]
in APPPATH\Controllers\AdminController.php on line 911.
 1 APPPATH\Controllers\AdminController.php(911): CodeIgniter\Debug\Exceptions->errorHandler(2, 'Trying to access array offset on value of type null', 'D:\\xampp\\htdocs\\ci4\\app\\Controllers\\AdminController.php', 911)
 2 SYSTEMPATH\CodeIgniter.php(933): App\Controllers\AdminController->reportBilling()
 3 SYSTEMPATH\CodeIgniter.php(507): CodeIgniter\CodeIgniter->runController(Object(App\Controllers\AdminController))
 4 SYSTEMPATH\CodeIgniter.php(354): CodeIgniter\CodeIgniter->handleRequest(null, Object(Config\Cache), false)
 5 SYSTEMPATH\Boot.php(334): CodeIgniter\CodeIgniter->run()
 6 SYSTEMPATH\Boot.php(67): CodeIgniter\Boot::runCodeIgniter(Object(CodeIgniter\CodeIgniter))
 7 FCPATH\index.php(56): CodeIgniter\Boot::bootWeb(Object(Config\Paths))
 8 SYSTEMPATH\rewrite.php(44): require_once('D:\\xampp\\htdocs\\ci4\\public\\index.php')
CRITICAL - 2025-05-13 15:28:01 --> ErrorException: Trying to access array offset on value of type null
[Method: GET, Route: admin/reports/subscribers]
in APPPATH\Controllers\AdminController.php on line 893.
 1 APPPATH\Controllers\AdminController.php(893): CodeIgniter\Debug\Exceptions->errorHandler(2, 'Trying to access array offset on value of type null', 'D:\\xampp\\htdocs\\ci4\\app\\Controllers\\AdminController.php', 893)
 2 SYSTEMPATH\CodeIgniter.php(933): App\Controllers\AdminController->reportSubscribers()
 3 SYSTEMPATH\CodeIgniter.php(507): CodeIgniter\CodeIgniter->runController(Object(App\Controllers\AdminController))
 4 SYSTEMPATH\CodeIgniter.php(354): CodeIgniter\CodeIgniter->handleRequest(null, Object(Config\Cache), false)
 5 SYSTEMPATH\Boot.php(334): CodeIgniter\CodeIgniter->run()
 6 SYSTEMPATH\Boot.php(67): CodeIgniter\Boot::runCodeIgniter(Object(CodeIgniter\CodeIgniter))
 7 FCPATH\index.php(56): CodeIgniter\Boot::bootWeb(Object(Config\Paths))
 8 SYSTEMPATH\rewrite.php(44): require_once('D:\\xampp\\htdocs\\ci4\\public\\index.php')
CRITICAL - 2025-05-13 15:28:03 --> ErrorException: Trying to access array offset on value of type null
[Method: GET, Route: admin/reports/subscribers]
in APPPATH\Controllers\AdminController.php on line 893.
 1 APPPATH\Controllers\AdminController.php(893): CodeIgniter\Debug\Exceptions->errorHandler(2, 'Trying to access array offset on value of type null', 'D:\\xampp\\htdocs\\ci4\\app\\Controllers\\AdminController.php', 893)
 2 SYSTEMPATH\CodeIgniter.php(933): App\Controllers\AdminController->reportSubscribers()
 3 SYSTEMPATH\CodeIgniter.php(507): CodeIgniter\CodeIgniter->runController(Object(App\Controllers\AdminController))
 4 SYSTEMPATH\CodeIgniter.php(354): CodeIgniter\CodeIgniter->handleRequest(null, Object(Config\Cache), false)
 5 SYSTEMPATH\Boot.php(334): CodeIgniter\CodeIgniter->run()
 6 SYSTEMPATH\Boot.php(67): CodeIgniter\Boot::runCodeIgniter(Object(CodeIgniter\CodeIgniter))
 7 FCPATH\index.php(56): CodeIgniter\Boot::bootWeb(Object(Config\Paths))
 8 SYSTEMPATH\rewrite.php(44): require_once('D:\\xampp\\htdocs\\ci4\\public\\index.php')
CRITICAL - 2025-05-13 15:28:44 --> ErrorException: Trying to access array offset on value of type null
[Method: GET, Route: admin/reports/tickets/install]
in APPPATH\Controllers\AdminController.php on line 933.
 1 APPPATH\Controllers\AdminController.php(933): CodeIgniter\Debug\Exceptions->errorHandler(2, 'Trying to access array offset on value of type null', 'D:\\xampp\\htdocs\\ci4\\app\\Controllers\\AdminController.php', 933)
 2 SYSTEMPATH\CodeIgniter.php(933): App\Controllers\AdminController->reportInstallTickets()
 3 SYSTEMPATH\CodeIgniter.php(507): CodeIgniter\CodeIgniter->runController(Object(App\Controllers\AdminController))
 4 SYSTEMPATH\CodeIgniter.php(354): CodeIgniter\CodeIgniter->handleRequest(null, Object(Config\Cache), false)
 5 SYSTEMPATH\Boot.php(334): CodeIgniter\CodeIgniter->run()
 6 SYSTEMPATH\Boot.php(67): CodeIgniter\Boot::runCodeIgniter(Object(CodeIgniter\CodeIgniter))
 7 FCPATH\index.php(56): CodeIgniter\Boot::bootWeb(Object(Config\Paths))
 8 SYSTEMPATH\rewrite.php(44): require_once('D:\\xampp\\htdocs\\ci4\\public\\index.php')
ERROR - 2025-05-13 15:29:15 --> Error generating subscribers report: Trying to access array offset on value of type null
ERROR - 2025-05-13 15:30:14 --> Error generating subscribers report: Trying to access array offset on value of type null
ERROR - 2025-05-13 15:30:20 --> Error generating subscribers report: Trying to access array offset on value of type null
ERROR - 2025-05-13 15:33:54 --> Error generating subscribers report: Trying to access array offset on value of type null
ERROR - 2025-05-13 15:37:08 --> Error generating subscribers report: Trying to access array offset on value of type null
ERROR - 2025-05-13 15:38:53 --> Error generating subscribers report: Trying to access array offset on value of type null
ERROR - 2025-05-13 15:42:41 --> Error generating subscribers report: Trying to access array offset on value of type null
ERROR - 2025-05-13 15:47:17 --> Error generating subscribers report: Trying to access array offset on value of type null
ERROR - 2025-05-13 15:50:20 --> Error generating subscribers report: Trying to access array offset on value of type null
CRITICAL - 2025-05-13 15:53:11 --> ErrorException: Trying to access array offset on value of type null
[Method: GET, Route: admin/reportSubscribers]
in APPPATH\Controllers\AdminController.php on line 893.
 1 APPPATH\Controllers\AdminController.php(893): CodeIgniter\Debug\Exceptions->errorHandler(2, 'Trying to access array offset on value of type null', 'D:\\xampp\\htdocs\\ci4\\app\\Controllers\\AdminController.php', 893)
 2 SYSTEMPATH\CodeIgniter.php(933): App\Controllers\AdminController->reportSubscribers()
 3 SYSTEMPATH\CodeIgniter.php(507): CodeIgniter\CodeIgniter->runController(Object(App\Controllers\AdminController))
 4 SYSTEMPATH\CodeIgniter.php(354): CodeIgniter\CodeIgniter->handleRequest(null, Object(Config\Cache), false)
 5 SYSTEMPATH\Boot.php(334): CodeIgniter\CodeIgniter->run()
 6 SYSTEMPATH\Boot.php(67): CodeIgniter\Boot::runCodeIgniter(Object(CodeIgniter\CodeIgniter))
 7 FCPATH\index.php(56): CodeIgniter\Boot::bootWeb(Object(Config\Paths))
 8 SYSTEMPATH\rewrite.php(44): require_once('D:\\xampp\\htdocs\\ci4\\public\\index.php')
CRITICAL - 2025-05-13 15:53:16 --> ErrorException: Trying to access array offset on value of type null
[Method: GET, Route: admin/reportSubscribers]
in APPPATH\Controllers\AdminController.php on line 893.
 1 APPPATH\Controllers\AdminController.php(893): CodeIgniter\Debug\Exceptions->errorHandler(2, 'Trying to access array offset on value of type null', 'D:\\xampp\\htdocs\\ci4\\app\\Controllers\\AdminController.php', 893)
 2 SYSTEMPATH\CodeIgniter.php(933): App\Controllers\AdminController->reportSubscribers()
 3 SYSTEMPATH\CodeIgniter.php(507): CodeIgniter\CodeIgniter->runController(Object(App\Controllers\AdminController))
 4 SYSTEMPATH\CodeIgniter.php(354): CodeIgniter\CodeIgniter->handleRequest(null, Object(Config\Cache), false)
 5 SYSTEMPATH\Boot.php(334): CodeIgniter\CodeIgniter->run()
 6 SYSTEMPATH\Boot.php(67): CodeIgniter\Boot::runCodeIgniter(Object(CodeIgniter\CodeIgniter))
 7 FCPATH\index.php(56): CodeIgniter\Boot::bootWeb(Object(Config\Paths))
 8 SYSTEMPATH\rewrite.php(44): require_once('D:\\xampp\\htdocs\\ci4\\public\\index.php')
CRITICAL - 2025-05-13 15:53:17 --> ErrorException: Trying to access array offset on value of type null
[Method: GET, Route: admin/reportSubscribers]
in APPPATH\Controllers\AdminController.php on line 893.
 1 APPPATH\Controllers\AdminController.php(893): CodeIgniter\Debug\Exceptions->errorHandler(2, 'Trying to access array offset on value of type null', 'D:\\xampp\\htdocs\\ci4\\app\\Controllers\\AdminController.php', 893)
 2 SYSTEMPATH\CodeIgniter.php(933): App\Controllers\AdminController->reportSubscribers()
 3 SYSTEMPATH\CodeIgniter.php(507): CodeIgniter\CodeIgniter->runController(Object(App\Controllers\AdminController))
 4 SYSTEMPATH\CodeIgniter.php(354): CodeIgniter\CodeIgniter->handleRequest(null, Object(Config\Cache), false)
 5 SYSTEMPATH\Boot.php(334): CodeIgniter\CodeIgniter->run()
 6 SYSTEMPATH\Boot.php(67): CodeIgniter\Boot::runCodeIgniter(Object(CodeIgniter\CodeIgniter))
 7 FCPATH\index.php(56): CodeIgniter\Boot::bootWeb(Object(Config\Paths))
 8 SYSTEMPATH\rewrite.php(44): require_once('D:\\xampp\\htdocs\\ci4\\public\\index.php')
ERROR - 2025-05-13 15:54:13 --> Error generating subscribers report: Trying to access array offset on value of type null
ERROR - 2025-05-13 15:55:36 --> Error generating subscribers report: Trying to access array offset on value of type null
ERROR - 2025-05-13 15:57:29 --> Error generating subscribers report: Trying to access array offset on value of type null
CRITICAL - 2025-05-13 15:57:33 --> ErrorException: Trying to access array offset on value of type null
[Method: GET, Route: admin/reportBilling]
in APPPATH\Controllers\AdminController.php on line 927.
 1 APPPATH\Controllers\AdminController.php(927): CodeIgniter\Debug\Exceptions->errorHandler(2, 'Trying to access array offset on value of type null', 'D:\\xampp\\htdocs\\ci4\\app\\Controllers\\AdminController.php', 927)
 2 SYSTEMPATH\CodeIgniter.php(933): App\Controllers\AdminController->reportBilling()
 3 SYSTEMPATH\CodeIgniter.php(507): CodeIgniter\CodeIgniter->runController(Object(App\Controllers\AdminController))
 4 SYSTEMPATH\CodeIgniter.php(354): CodeIgniter\CodeIgniter->handleRequest(null, Object(Config\Cache), false)
 5 SYSTEMPATH\Boot.php(334): CodeIgniter\CodeIgniter->run()
 6 SYSTEMPATH\Boot.php(67): CodeIgniter\Boot::runCodeIgniter(Object(CodeIgniter\CodeIgniter))
 7 FCPATH\index.php(56): CodeIgniter\Boot::bootWeb(Object(Config\Paths))
 8 SYSTEMPATH\rewrite.php(44): require_once('D:\\xampp\\htdocs\\ci4\\public\\index.php')
CRITICAL - 2025-05-13 15:57:38 --> ErrorException: Trying to access array offset on value of type null
[Method: GET, Route: admin/reportBilling]
in APPPATH\Controllers\AdminController.php on line 927.
 1 APPPATH\Controllers\AdminController.php(927): CodeIgniter\Debug\Exceptions->errorHandler(2, 'Trying to access array offset on value of type null', 'D:\\xampp\\htdocs\\ci4\\app\\Controllers\\AdminController.php', 927)
 2 SYSTEMPATH\CodeIgniter.php(933): App\Controllers\AdminController->reportBilling()
 3 SYSTEMPATH\CodeIgniter.php(507): CodeIgniter\CodeIgniter->runController(Object(App\Controllers\AdminController))
 4 SYSTEMPATH\CodeIgniter.php(354): CodeIgniter\CodeIgniter->handleRequest(null, Object(Config\Cache), false)
 5 SYSTEMPATH\Boot.php(334): CodeIgniter\CodeIgniter->run()
 6 SYSTEMPATH\Boot.php(67): CodeIgniter\Boot::runCodeIgniter(Object(CodeIgniter\CodeIgniter))
 7 FCPATH\index.php(56): CodeIgniter\Boot::bootWeb(Object(Config\Paths))
 8 SYSTEMPATH\rewrite.php(44): require_once('D:\\xampp\\htdocs\\ci4\\public\\index.php')
CRITICAL - 2025-05-13 15:57:39 --> ErrorException: Trying to access array offset on value of type null
[Method: GET, Route: admin/reportBilling]
in APPPATH\Controllers\AdminController.php on line 927.
 1 APPPATH\Controllers\AdminController.php(927): CodeIgniter\Debug\Exceptions->errorHandler(2, 'Trying to access array offset on value of type null', 'D:\\xampp\\htdocs\\ci4\\app\\Controllers\\AdminController.php', 927)
 2 SYSTEMPATH\CodeIgniter.php(933): App\Controllers\AdminController->reportBilling()
 3 SYSTEMPATH\CodeIgniter.php(507): CodeIgniter\CodeIgniter->runController(Object(App\Controllers\AdminController))
 4 SYSTEMPATH\CodeIgniter.php(354): CodeIgniter\CodeIgniter->handleRequest(null, Object(Config\Cache), false)
 5 SYSTEMPATH\Boot.php(334): CodeIgniter\CodeIgniter->run()
 6 SYSTEMPATH\Boot.php(67): CodeIgniter\Boot::runCodeIgniter(Object(CodeIgniter\CodeIgniter))
 7 FCPATH\index.php(56): CodeIgniter\Boot::bootWeb(Object(Config\Paths))
 8 SYSTEMPATH\rewrite.php(44): require_once('D:\\xampp\\htdocs\\ci4\\public\\index.php')
ERROR - 2025-05-13 15:58:22 --> Error generating subscribers report: Trying to access array offset on value of type null
ERROR - 2025-05-13 15:58:54 --> Error generating subscribers report: Trying to access array offset on value of type null
ERROR - 2025-05-13 16:00:52 --> Error generating subscribers report: Trying to access array offset on value of type null
ERROR - 2025-05-13 16:01:19 --> Error generating subscribers report: Trying to access array offset on value of type null
ERROR - 2025-05-13 16:04:00 --> Error generating subscribers report: Trying to access array offset on value of type null
ERROR - 2025-05-13 16:05:22 --> Error generating subscribers report: Trying to access array offset on value of type null
ERROR - 2025-05-13 16:06:22 --> Error generating subscribers report: Admin session data is missing.
