CRITICAL - 2025-04-17 01:02:21 --> ErrorException: Undefined array key "account_name"
[Method: GET, Route: technician/installRequests]
in APPPATH\Views\technician\install_requests.php on line 41.
 1 APPPATH\Views\technician\install_requests.php(41): CodeIgniter\Debug\Exceptions->errorHandler(2, 'Undefined array key "account_name"', 'D:\\xampp\\htdocs\\ci4\\app\\Views\\technician\\install_requests.php', 41)
 2 SYSTEMPATH\View\View.php(224): include('D:\\xampp\\htdocs\\ci4\\app\\Views\\technician\\install_requests.php')
 3 SYSTEMPATH\View\View.php(227): CodeIgniter\View\View->CodeIgniter\View\{closure}()
 4 SYSTEMPATH\Common.php(1173): CodeIgniter\View\View->render('technician/install_requests', [], true)
 5 APPPATH\Controllers\TechnicianController.php(96): view('technician/install_requests', [...])
 6 SYSTEMPATH\CodeIgniter.php(933): App\Controllers\TechnicianController->installRequests()
 7 SYSTEMPATH\CodeIgniter.php(507): CodeIgniter\CodeIgniter->runController(Object(App\Controllers\TechnicianController))
 8 SYSTEMPATH\CodeIgniter.php(354): CodeIgniter\CodeIgniter->handleRequest(null, Object(Config\Cache), false)
 9 SYSTEMPATH\Boot.php(334): CodeIgniter\CodeIgniter->run()
10 SYSTEMPATH\Boot.php(67): CodeIgniter\Boot::runCodeIgniter(Object(CodeIgniter\CodeIgniter))
11 FCPATH\index.php(56): CodeIgniter\Boot::bootWeb(Object(Config\Paths))
12 SYSTEMPATH\rewrite.php(44): require_once('D:\\xampp\\htdocs\\ci4\\public\\index.php')
CRITICAL - 2025-04-17 01:02:26 --> ErrorException: Undefined array key "account_name"
[Method: GET, Route: technician/installRequests]
in APPPATH\Views\technician\install_requests.php on line 41.
 1 APPPATH\Views\technician\install_requests.php(41): CodeIgniter\Debug\Exceptions->errorHandler(2, 'Undefined array key "account_name"', 'D:\\xampp\\htdocs\\ci4\\app\\Views\\technician\\install_requests.php', 41)
 2 SYSTEMPATH\View\View.php(224): include('D:\\xampp\\htdocs\\ci4\\app\\Views\\technician\\install_requests.php')
 3 SYSTEMPATH\View\View.php(227): CodeIgniter\View\View->CodeIgniter\View\{closure}()
 4 SYSTEMPATH\Common.php(1173): CodeIgniter\View\View->render('technician/install_requests', [], true)
 5 APPPATH\Controllers\TechnicianController.php(96): view('technician/install_requests', [...])
 6 SYSTEMPATH\CodeIgniter.php(933): App\Controllers\TechnicianController->installRequests()
 7 SYSTEMPATH\CodeIgniter.php(507): CodeIgniter\CodeIgniter->runController(Object(App\Controllers\TechnicianController))
 8 SYSTEMPATH\CodeIgniter.php(354): CodeIgniter\CodeIgniter->handleRequest(null, Object(Config\Cache), false)
 9 SYSTEMPATH\Boot.php(334): CodeIgniter\CodeIgniter->run()
10 SYSTEMPATH\Boot.php(67): CodeIgniter\Boot::runCodeIgniter(Object(CodeIgniter\CodeIgniter))
11 FCPATH\index.php(56): CodeIgniter\Boot::bootWeb(Object(Config\Paths))
12 SYSTEMPATH\rewrite.php(44): require_once('D:\\xampp\\htdocs\\ci4\\public\\index.php')
CRITICAL - 2025-04-17 01:06:17 --> ErrorException: Undefined array key "account_name"
[Method: GET, Route: technician/installRequests]
in APPPATH\Views\technician\install_requests.php on line 41.
 1 APPPATH\Views\technician\install_requests.php(41): CodeIgniter\Debug\Exceptions->errorHandler(2, 'Undefined array key "account_name"', 'D:\\xampp\\htdocs\\ci4\\app\\Views\\technician\\install_requests.php', 41)
 2 SYSTEMPATH\View\View.php(224): include('D:\\xampp\\htdocs\\ci4\\app\\Views\\technician\\install_requests.php')
 3 SYSTEMPATH\View\View.php(227): CodeIgniter\View\View->CodeIgniter\View\{closure}()
 4 SYSTEMPATH\Common.php(1173): CodeIgniter\View\View->render('technician/install_requests', [], true)
 5 APPPATH\Controllers\TechnicianController.php(96): view('technician/install_requests', [...])
 6 SYSTEMPATH\CodeIgniter.php(933): App\Controllers\TechnicianController->installRequests()
 7 SYSTEMPATH\CodeIgniter.php(507): CodeIgniter\CodeIgniter->runController(Object(App\Controllers\TechnicianController))
 8 SYSTEMPATH\CodeIgniter.php(354): CodeIgniter\CodeIgniter->handleRequest(null, Object(Config\Cache), false)
 9 SYSTEMPATH\Boot.php(334): CodeIgniter\CodeIgniter->run()
10 SYSTEMPATH\Boot.php(67): CodeIgniter\Boot::runCodeIgniter(Object(CodeIgniter\CodeIgniter))
11 FCPATH\index.php(56): CodeIgniter\Boot::bootWeb(Object(Config\Paths))
12 SYSTEMPATH\rewrite.php(44): require_once('D:\\xampp\\htdocs\\ci4\\public\\index.php')
CRITICAL - 2025-04-17 01:06:59 --> CodeIgniter\Database\Exceptions\DatabaseException: Updates are not allowed unless they contain a "where" or "like" clause.
[Method: GET, Route: admin/rescheduled-tickets]
in SYSTEMPATH\Model.php on line 456.
 1 SYSTEMPATH\BaseModel.php(1027): CodeIgniter\Model->doUpdate(null, [...])
 2 SYSTEMPATH\Model.php(863): CodeIgniter\BaseModel->update(null, [...])
 3 APPPATH\Controllers\AdminController.php(396): CodeIgniter\Model->update(null, [...])
 4 SYSTEMPATH\CodeIgniter.php(933): App\Controllers\AdminController->rescheduledTickets()
 5 SYSTEMPATH\CodeIgniter.php(507): CodeIgniter\CodeIgniter->runController(Object(App\Controllers\AdminController))
 6 SYSTEMPATH\CodeIgniter.php(354): CodeIgniter\CodeIgniter->handleRequest(null, Object(Config\Cache), false)
 7 SYSTEMPATH\Boot.php(334): CodeIgniter\CodeIgniter->run()
 8 SYSTEMPATH\Boot.php(67): CodeIgniter\Boot::runCodeIgniter(Object(CodeIgniter\CodeIgniter))
 9 FCPATH\index.php(56): CodeIgniter\Boot::bootWeb(Object(Config\Paths))
10 SYSTEMPATH\rewrite.php(44): require_once('D:\\xampp\\htdocs\\ci4\\public\\index.php')
ERROR - 2025-04-17 01:09:45 --> mysqli_sql_exception: Illegal parameter data types varchar and row for operation '=' in D:\xampp\htdocs\ci4\system\Database\MySQLi\Connection.php:327
Stack trace:
#0 D:\xampp\htdocs\ci4\system\Database\MySQLi\Connection.php(327): mysqli->query('SELECT `applica...', 0)
#1 D:\xampp\htdocs\ci4\system\Database\BaseConnection.php(738): CodeIgniter\Database\MySQLi\Connection->execute('SELECT `applica...')
#2 D:\xampp\htdocs\ci4\system\Database\BaseConnection.php(652): CodeIgniter\Database\BaseConnection->simpleQuery('SELECT `applica...')
#3 D:\xampp\htdocs\ci4\system\Database\BaseBuilder.php(1649): CodeIgniter\Database\BaseConnection->query('SELECT `applica...', Array, false)
#4 D:\xampp\htdocs\ci4\app\Controllers\AdminController.php(347): CodeIgniter\Database\BaseBuilder->get()
#5 D:\xampp\htdocs\ci4\system\CodeIgniter.php(933): App\Controllers\AdminController->installTickets()
#6 D:\xampp\htdocs\ci4\system\CodeIgniter.php(507): CodeIgniter\CodeIgniter->runController(Object(App\Controllers\AdminController))
#7 D:\xampp\htdocs\ci4\system\CodeIgniter.php(354): CodeIgniter\CodeIgniter->handleRequest(NULL, Object(Config\Cache), false)
#8 D:\xampp\htdocs\ci4\system\Boot.php(334): CodeIgniter\CodeIgniter->run()
#9 D:\xampp\htdocs\ci4\system\Boot.php(67): CodeIgniter\Boot::runCodeIgniter(Object(CodeIgniter\CodeIgniter))
#10 D:\xampp\htdocs\ci4\public\index.php(56): CodeIgniter\Boot::bootWeb(Object(Config\Paths))
#11 D:\xampp\htdocs\ci4\system\rewrite.php(44): require_once('D:\\xampp\\htdocs...')
#12 {main}
CRITICAL - 2025-04-17 01:09:45 --> CodeIgniter\Database\Exceptions\DatabaseException: Illegal parameter data types varchar and row for operation '='
[Method: GET, Route: admin/install-tickets]
in SYSTEMPATH\Database\BaseConnection.php on line 692.
 1 SYSTEMPATH\Database\BaseBuilder.php(1649): CodeIgniter\Database\BaseConnection->query('SELECT `applications`.*, `install_requests`.`schedule_date`
FROM `applications`
INNER JOIN `install_requests` ON `install_requests`.`application_id` = `applications`.`id`
WHERE `applications`.`city` = :applications.city:
AND `applications`.`app_status` = :applications.app_status:', [...], false)
 2 APPPATH\Controllers\AdminController.php(347): CodeIgniter\Database\BaseBuilder->get()
 3 SYSTEMPATH\CodeIgniter.php(933): App\Controllers\AdminController->installTickets()
 4 SYSTEMPATH\CodeIgniter.php(507): CodeIgniter\CodeIgniter->runController(Object(App\Controllers\AdminController))
 5 SYSTEMPATH\CodeIgniter.php(354): CodeIgniter\CodeIgniter->handleRequest(null, Object(Config\Cache), false)
 6 SYSTEMPATH\Boot.php(334): CodeIgniter\CodeIgniter->run()
 7 SYSTEMPATH\Boot.php(67): CodeIgniter\Boot::runCodeIgniter(Object(CodeIgniter\CodeIgniter))
 8 FCPATH\index.php(56): CodeIgniter\Boot::bootWeb(Object(Config\Paths))
 9 SYSTEMPATH\rewrite.php(44): require_once('D:\\xampp\\htdocs\\ci4\\public\\index.php')
CRITICAL - 2025-04-17 01:09:45 --> [Caused by] CodeIgniter\Database\Exceptions\DatabaseException: Illegal parameter data types varchar and row for operation '='
in SYSTEMPATH\Database\MySQLi\Connection.php on line 332.
 1 SYSTEMPATH\Database\BaseConnection.php(738): CodeIgniter\Database\MySQLi\Connection->execute('SELECT `applications`.*, `install_requests`.`schedule_date`
FROM `applications`
INNER JOIN `install_requests` ON `install_requests`.`application_id` = `applications`.`id`
WHERE `applications`.`city` = \'City of Malolos\'
AND `applications`.`app_status` = (\'Assigned\',\'On-going\')')
 2 SYSTEMPATH\Database\BaseConnection.php(652): CodeIgniter\Database\BaseConnection->simpleQuery('SELECT `applications`.*, `install_requests`.`schedule_date`
FROM `applications`
INNER JOIN `install_requests` ON `install_requests`.`application_id` = `applications`.`id`
WHERE `applications`.`city` = \'City of Malolos\'
AND `applications`.`app_status` = (\'Assigned\',\'On-going\')')
 3 SYSTEMPATH\Database\BaseBuilder.php(1649): CodeIgniter\Database\BaseConnection->query('SELECT `applications`.*, `install_requests`.`schedule_date`
FROM `applications`
INNER JOIN `install_requests` ON `install_requests`.`application_id` = `applications`.`id`
WHERE `applications`.`city` = :applications.city:
AND `applications`.`app_status` = :applications.app_status:', [...], false)
 4 APPPATH\Controllers\AdminController.php(347): CodeIgniter\Database\BaseBuilder->get()
 5 SYSTEMPATH\CodeIgniter.php(933): App\Controllers\AdminController->installTickets()
 6 SYSTEMPATH\CodeIgniter.php(507): CodeIgniter\CodeIgniter->runController(Object(App\Controllers\AdminController))
 7 SYSTEMPATH\CodeIgniter.php(354): CodeIgniter\CodeIgniter->handleRequest(null, Object(Config\Cache), false)
 8 SYSTEMPATH\Boot.php(334): CodeIgniter\CodeIgniter->run()
 9 SYSTEMPATH\Boot.php(67): CodeIgniter\Boot::runCodeIgniter(Object(CodeIgniter\CodeIgniter))
10 FCPATH\index.php(56): CodeIgniter\Boot::bootWeb(Object(Config\Paths))
11 SYSTEMPATH\rewrite.php(44): require_once('D:\\xampp\\htdocs\\ci4\\public\\index.php')
CRITICAL - 2025-04-17 01:09:45 --> [Caused by] mysqli_sql_exception: Illegal parameter data types varchar and row for operation '='
in SYSTEMPATH\Database\MySQLi\Connection.php on line 327.
 1 SYSTEMPATH\Database\MySQLi\Connection.php(327): mysqli->query('SELECT `applications`.*, `install_requests`.`schedule_date`
FROM `applications`
INNER JOIN `install_requests` ON `install_requests`.`application_id` = `applications`.`id`
WHERE `applications`.`city` = \'City of Malolos\'
AND `applications`.`app_status` = (\'Assigned\',\'On-going\')', 0)
 2 SYSTEMPATH\Database\BaseConnection.php(738): CodeIgniter\Database\MySQLi\Connection->execute('SELECT `applications`.*, `install_requests`.`schedule_date`
FROM `applications`
INNER JOIN `install_requests` ON `install_requests`.`application_id` = `applications`.`id`
WHERE `applications`.`city` = \'City of Malolos\'
AND `applications`.`app_status` = (\'Assigned\',\'On-going\')')
 3 SYSTEMPATH\Database\BaseConnection.php(652): CodeIgniter\Database\BaseConnection->simpleQuery('SELECT `applications`.*, `install_requests`.`schedule_date`
FROM `applications`
INNER JOIN `install_requests` ON `install_requests`.`application_id` = `applications`.`id`
WHERE `applications`.`city` = \'City of Malolos\'
AND `applications`.`app_status` = (\'Assigned\',\'On-going\')')
 4 SYSTEMPATH\Database\BaseBuilder.php(1649): CodeIgniter\Database\BaseConnection->query('SELECT `applications`.*, `install_requests`.`schedule_date`
FROM `applications`
INNER JOIN `install_requests` ON `install_requests`.`application_id` = `applications`.`id`
WHERE `applications`.`city` = :applications.city:
AND `applications`.`app_status` = :applications.app_status:', [...], false)
 5 APPPATH\Controllers\AdminController.php(347): CodeIgniter\Database\BaseBuilder->get()
 6 SYSTEMPATH\CodeIgniter.php(933): App\Controllers\AdminController->installTickets()
 7 SYSTEMPATH\CodeIgniter.php(507): CodeIgniter\CodeIgniter->runController(Object(App\Controllers\AdminController))
 8 SYSTEMPATH\CodeIgniter.php(354): CodeIgniter\CodeIgniter->handleRequest(null, Object(Config\Cache), false)
 9 SYSTEMPATH\Boot.php(334): CodeIgniter\CodeIgniter->run()
10 SYSTEMPATH\Boot.php(67): CodeIgniter\Boot::runCodeIgniter(Object(CodeIgniter\CodeIgniter))
11 FCPATH\index.php(56): CodeIgniter\Boot::bootWeb(Object(Config\Paths))
12 SYSTEMPATH\rewrite.php(44): require_once('D:\\xampp\\htdocs\\ci4\\public\\index.php')
ERROR - 2025-04-17 06:58:19 --> mysqli_sql_exception: Unknown column 'application_id' in 'where clause' in D:\xampp\htdocs\ci4\system\Database\MySQLi\Connection.php:327
Stack trace:
#0 D:\xampp\htdocs\ci4\system\Database\MySQLi\Connection.php(327): mysqli->query('UPDATE `applica...', 0)
#1 D:\xampp\htdocs\ci4\system\Database\BaseConnection.php(738): CodeIgniter\Database\MySQLi\Connection->execute('UPDATE `applica...')
#2 D:\xampp\htdocs\ci4\system\Database\BaseConnection.php(652): CodeIgniter\Database\BaseConnection->simpleQuery('UPDATE `applica...')
#3 D:\xampp\htdocs\ci4\system\Database\BaseBuilder.php(2521): CodeIgniter\Database\BaseConnection->query('UPDATE `applica...', Array, false)
#4 D:\xampp\htdocs\ci4\app\Controllers\TechnicianController.php(119): CodeIgniter\Database\BaseBuilder->update(Array)
#5 D:\xampp\htdocs\ci4\system\CodeIgniter.php(933): App\Controllers\TechnicianController->updateStatus()
#6 D:\xampp\htdocs\ci4\system\CodeIgniter.php(507): CodeIgniter\CodeIgniter->runController(Object(App\Controllers\TechnicianController))
#7 D:\xampp\htdocs\ci4\system\CodeIgniter.php(354): CodeIgniter\CodeIgniter->handleRequest(NULL, Object(Config\Cache), false)
#8 D:\xampp\htdocs\ci4\system\Boot.php(334): CodeIgniter\CodeIgniter->run()
#9 D:\xampp\htdocs\ci4\system\Boot.php(67): CodeIgniter\Boot::runCodeIgniter(Object(CodeIgniter\CodeIgniter))
#10 D:\xampp\htdocs\ci4\public\index.php(56): CodeIgniter\Boot::bootWeb(Object(Config\Paths))
#11 D:\xampp\htdocs\ci4\system\rewrite.php(44): require_once('D:\\xampp\\htdocs...')
#12 {main}
CRITICAL - 2025-04-17 06:58:19 --> CodeIgniter\Database\Exceptions\DatabaseException: Unknown column 'application_id' in 'where clause'
[Method: POST, Route: technician/updateStatus]
in SYSTEMPATH\Database\BaseConnection.php on line 692.
 1 SYSTEMPATH\Database\BaseBuilder.php(2521): CodeIgniter\Database\BaseConnection->query('UPDATE `applications` SET `app_status` = :app_status:
WHERE `application_id` = :application_id:', [...], false)
 2 APPPATH\Controllers\TechnicianController.php(119): CodeIgniter\Database\BaseBuilder->update([...])
 3 SYSTEMPATH\CodeIgniter.php(933): App\Controllers\TechnicianController->updateStatus()
 4 SYSTEMPATH\CodeIgniter.php(507): CodeIgniter\CodeIgniter->runController(Object(App\Controllers\TechnicianController))
 5 SYSTEMPATH\CodeIgniter.php(354): CodeIgniter\CodeIgniter->handleRequest(null, Object(Config\Cache), false)
 6 SYSTEMPATH\Boot.php(334): CodeIgniter\CodeIgniter->run()
 7 SYSTEMPATH\Boot.php(67): CodeIgniter\Boot::runCodeIgniter(Object(CodeIgniter\CodeIgniter))
 8 FCPATH\index.php(56): CodeIgniter\Boot::bootWeb(Object(Config\Paths))
 9 SYSTEMPATH\rewrite.php(44): require_once('D:\\xampp\\htdocs\\ci4\\public\\index.php')
CRITICAL - 2025-04-17 06:58:19 --> [Caused by] CodeIgniter\Database\Exceptions\DatabaseException: Unknown column 'application_id' in 'where clause'
in SYSTEMPATH\Database\MySQLi\Connection.php on line 332.
 1 SYSTEMPATH\Database\BaseConnection.php(738): CodeIgniter\Database\MySQLi\Connection->execute('UPDATE `applications` SET `app_status` = \'Installed\'
WHERE `application_id` = \'19\'')
 2 SYSTEMPATH\Database\BaseConnection.php(652): CodeIgniter\Database\BaseConnection->simpleQuery('UPDATE `applications` SET `app_status` = \'Installed\'
WHERE `application_id` = \'19\'')
 3 SYSTEMPATH\Database\BaseBuilder.php(2521): CodeIgniter\Database\BaseConnection->query('UPDATE `applications` SET `app_status` = :app_status:
WHERE `application_id` = :application_id:', [...], false)
 4 APPPATH\Controllers\TechnicianController.php(119): CodeIgniter\Database\BaseBuilder->update([...])
 5 SYSTEMPATH\CodeIgniter.php(933): App\Controllers\TechnicianController->updateStatus()
 6 SYSTEMPATH\CodeIgniter.php(507): CodeIgniter\CodeIgniter->runController(Object(App\Controllers\TechnicianController))
 7 SYSTEMPATH\CodeIgniter.php(354): CodeIgniter\CodeIgniter->handleRequest(null, Object(Config\Cache), false)
 8 SYSTEMPATH\Boot.php(334): CodeIgniter\CodeIgniter->run()
 9 SYSTEMPATH\Boot.php(67): CodeIgniter\Boot::runCodeIgniter(Object(CodeIgniter\CodeIgniter))
10 FCPATH\index.php(56): CodeIgniter\Boot::bootWeb(Object(Config\Paths))
11 SYSTEMPATH\rewrite.php(44): require_once('D:\\xampp\\htdocs\\ci4\\public\\index.php')
CRITICAL - 2025-04-17 06:58:19 --> [Caused by] mysqli_sql_exception: Unknown column 'application_id' in 'where clause'
in SYSTEMPATH\Database\MySQLi\Connection.php on line 327.
 1 SYSTEMPATH\Database\MySQLi\Connection.php(327): mysqli->query('UPDATE `applications` SET `app_status` = \'Installed\'
WHERE `application_id` = \'19\'', 0)
 2 SYSTEMPATH\Database\BaseConnection.php(738): CodeIgniter\Database\MySQLi\Connection->execute('UPDATE `applications` SET `app_status` = \'Installed\'
WHERE `application_id` = \'19\'')
 3 SYSTEMPATH\Database\BaseConnection.php(652): CodeIgniter\Database\BaseConnection->simpleQuery('UPDATE `applications` SET `app_status` = \'Installed\'
WHERE `application_id` = \'19\'')
 4 SYSTEMPATH\Database\BaseBuilder.php(2521): CodeIgniter\Database\BaseConnection->query('UPDATE `applications` SET `app_status` = :app_status:
WHERE `application_id` = :application_id:', [...], false)
 5 APPPATH\Controllers\TechnicianController.php(119): CodeIgniter\Database\BaseBuilder->update([...])
 6 SYSTEMPATH\CodeIgniter.php(933): App\Controllers\TechnicianController->updateStatus()
 7 SYSTEMPATH\CodeIgniter.php(507): CodeIgniter\CodeIgniter->runController(Object(App\Controllers\TechnicianController))
 8 SYSTEMPATH\CodeIgniter.php(354): CodeIgniter\CodeIgniter->handleRequest(null, Object(Config\Cache), false)
 9 SYSTEMPATH\Boot.php(334): CodeIgniter\CodeIgniter->run()
10 SYSTEMPATH\Boot.php(67): CodeIgniter\Boot::runCodeIgniter(Object(CodeIgniter\CodeIgniter))
11 FCPATH\index.php(56): CodeIgniter\Boot::bootWeb(Object(Config\Paths))
12 SYSTEMPATH\rewrite.php(44): require_once('D:\\xampp\\htdocs\\ci4\\public\\index.php')
ERROR - 2025-04-17 06:58:23 --> mysqli_sql_exception: Unknown column 'application_id' in 'where clause' in D:\xampp\htdocs\ci4\system\Database\MySQLi\Connection.php:327
Stack trace:
#0 D:\xampp\htdocs\ci4\system\Database\MySQLi\Connection.php(327): mysqli->query('UPDATE `applica...', 0)
#1 D:\xampp\htdocs\ci4\system\Database\BaseConnection.php(738): CodeIgniter\Database\MySQLi\Connection->execute('UPDATE `applica...')
#2 D:\xampp\htdocs\ci4\system\Database\BaseConnection.php(652): CodeIgniter\Database\BaseConnection->simpleQuery('UPDATE `applica...')
#3 D:\xampp\htdocs\ci4\system\Database\BaseBuilder.php(2521): CodeIgniter\Database\BaseConnection->query('UPDATE `applica...', Array, false)
#4 D:\xampp\htdocs\ci4\app\Controllers\TechnicianController.php(119): CodeIgniter\Database\BaseBuilder->update(Array)
#5 D:\xampp\htdocs\ci4\system\CodeIgniter.php(933): App\Controllers\TechnicianController->updateStatus()
#6 D:\xampp\htdocs\ci4\system\CodeIgniter.php(507): CodeIgniter\CodeIgniter->runController(Object(App\Controllers\TechnicianController))
#7 D:\xampp\htdocs\ci4\system\CodeIgniter.php(354): CodeIgniter\CodeIgniter->handleRequest(NULL, Object(Config\Cache), false)
#8 D:\xampp\htdocs\ci4\system\Boot.php(334): CodeIgniter\CodeIgniter->run()
#9 D:\xampp\htdocs\ci4\system\Boot.php(67): CodeIgniter\Boot::runCodeIgniter(Object(CodeIgniter\CodeIgniter))
#10 D:\xampp\htdocs\ci4\public\index.php(56): CodeIgniter\Boot::bootWeb(Object(Config\Paths))
#11 D:\xampp\htdocs\ci4\system\rewrite.php(44): require_once('D:\\xampp\\htdocs...')
#12 {main}
CRITICAL - 2025-04-17 06:58:23 --> CodeIgniter\Database\Exceptions\DatabaseException: Unknown column 'application_id' in 'where clause'
[Method: POST, Route: technician/updateStatus]
in SYSTEMPATH\Database\BaseConnection.php on line 692.
 1 SYSTEMPATH\Database\BaseBuilder.php(2521): CodeIgniter\Database\BaseConnection->query('UPDATE `applications` SET `app_status` = :app_status:
WHERE `application_id` = :application_id:', [...], false)
 2 APPPATH\Controllers\TechnicianController.php(119): CodeIgniter\Database\BaseBuilder->update([...])
 3 SYSTEMPATH\CodeIgniter.php(933): App\Controllers\TechnicianController->updateStatus()
 4 SYSTEMPATH\CodeIgniter.php(507): CodeIgniter\CodeIgniter->runController(Object(App\Controllers\TechnicianController))
 5 SYSTEMPATH\CodeIgniter.php(354): CodeIgniter\CodeIgniter->handleRequest(null, Object(Config\Cache), false)
 6 SYSTEMPATH\Boot.php(334): CodeIgniter\CodeIgniter->run()
 7 SYSTEMPATH\Boot.php(67): CodeIgniter\Boot::runCodeIgniter(Object(CodeIgniter\CodeIgniter))
 8 FCPATH\index.php(56): CodeIgniter\Boot::bootWeb(Object(Config\Paths))
 9 SYSTEMPATH\rewrite.php(44): require_once('D:\\xampp\\htdocs\\ci4\\public\\index.php')
CRITICAL - 2025-04-17 06:58:23 --> [Caused by] CodeIgniter\Database\Exceptions\DatabaseException: Unknown column 'application_id' in 'where clause'
in SYSTEMPATH\Database\MySQLi\Connection.php on line 332.
 1 SYSTEMPATH\Database\BaseConnection.php(738): CodeIgniter\Database\MySQLi\Connection->execute('UPDATE `applications` SET `app_status` = \'Installed\'
WHERE `application_id` = \'19\'')
 2 SYSTEMPATH\Database\BaseConnection.php(652): CodeIgniter\Database\BaseConnection->simpleQuery('UPDATE `applications` SET `app_status` = \'Installed\'
WHERE `application_id` = \'19\'')
 3 SYSTEMPATH\Database\BaseBuilder.php(2521): CodeIgniter\Database\BaseConnection->query('UPDATE `applications` SET `app_status` = :app_status:
WHERE `application_id` = :application_id:', [...], false)
 4 APPPATH\Controllers\TechnicianController.php(119): CodeIgniter\Database\BaseBuilder->update([...])
 5 SYSTEMPATH\CodeIgniter.php(933): App\Controllers\TechnicianController->updateStatus()
 6 SYSTEMPATH\CodeIgniter.php(507): CodeIgniter\CodeIgniter->runController(Object(App\Controllers\TechnicianController))
 7 SYSTEMPATH\CodeIgniter.php(354): CodeIgniter\CodeIgniter->handleRequest(null, Object(Config\Cache), false)
 8 SYSTEMPATH\Boot.php(334): CodeIgniter\CodeIgniter->run()
 9 SYSTEMPATH\Boot.php(67): CodeIgniter\Boot::runCodeIgniter(Object(CodeIgniter\CodeIgniter))
10 FCPATH\index.php(56): CodeIgniter\Boot::bootWeb(Object(Config\Paths))
11 SYSTEMPATH\rewrite.php(44): require_once('D:\\xampp\\htdocs\\ci4\\public\\index.php')
CRITICAL - 2025-04-17 06:58:23 --> [Caused by] mysqli_sql_exception: Unknown column 'application_id' in 'where clause'
in SYSTEMPATH\Database\MySQLi\Connection.php on line 327.
 1 SYSTEMPATH\Database\MySQLi\Connection.php(327): mysqli->query('UPDATE `applications` SET `app_status` = \'Installed\'
WHERE `application_id` = \'19\'', 0)
 2 SYSTEMPATH\Database\BaseConnection.php(738): CodeIgniter\Database\MySQLi\Connection->execute('UPDATE `applications` SET `app_status` = \'Installed\'
WHERE `application_id` = \'19\'')
 3 SYSTEMPATH\Database\BaseConnection.php(652): CodeIgniter\Database\BaseConnection->simpleQuery('UPDATE `applications` SET `app_status` = \'Installed\'
WHERE `application_id` = \'19\'')
 4 SYSTEMPATH\Database\BaseBuilder.php(2521): CodeIgniter\Database\BaseConnection->query('UPDATE `applications` SET `app_status` = :app_status:
WHERE `application_id` = :application_id:', [...], false)
 5 APPPATH\Controllers\TechnicianController.php(119): CodeIgniter\Database\BaseBuilder->update([...])
 6 SYSTEMPATH\CodeIgniter.php(933): App\Controllers\TechnicianController->updateStatus()
 7 SYSTEMPATH\CodeIgniter.php(507): CodeIgniter\CodeIgniter->runController(Object(App\Controllers\TechnicianController))
 8 SYSTEMPATH\CodeIgniter.php(354): CodeIgniter\CodeIgniter->handleRequest(null, Object(Config\Cache), false)
 9 SYSTEMPATH\Boot.php(334): CodeIgniter\CodeIgniter->run()
10 SYSTEMPATH\Boot.php(67): CodeIgniter\Boot::runCodeIgniter(Object(CodeIgniter\CodeIgniter))
11 FCPATH\index.php(56): CodeIgniter\Boot::bootWeb(Object(Config\Paths))
12 SYSTEMPATH\rewrite.php(44): require_once('D:\\xampp\\htdocs\\ci4\\public\\index.php')
ERROR - 2025-04-17 06:59:59 --> mysqli_sql_exception: Unknown column 'application_id' in 'where clause' in D:\xampp\htdocs\ci4\system\Database\MySQLi\Connection.php:327
Stack trace:
#0 D:\xampp\htdocs\ci4\system\Database\MySQLi\Connection.php(327): mysqli->query('UPDATE `applica...', 0)
#1 D:\xampp\htdocs\ci4\system\Database\BaseConnection.php(738): CodeIgniter\Database\MySQLi\Connection->execute('UPDATE `applica...')
#2 D:\xampp\htdocs\ci4\system\Database\BaseConnection.php(652): CodeIgniter\Database\BaseConnection->simpleQuery('UPDATE `applica...')
#3 D:\xampp\htdocs\ci4\system\Database\BaseBuilder.php(2521): CodeIgniter\Database\BaseConnection->query('UPDATE `applica...', Array, false)
#4 D:\xampp\htdocs\ci4\app\Controllers\TechnicianController.php(119): CodeIgniter\Database\BaseBuilder->update(Array)
#5 D:\xampp\htdocs\ci4\system\CodeIgniter.php(933): App\Controllers\TechnicianController->updateStatus()
#6 D:\xampp\htdocs\ci4\system\CodeIgniter.php(507): CodeIgniter\CodeIgniter->runController(Object(App\Controllers\TechnicianController))
#7 D:\xampp\htdocs\ci4\system\CodeIgniter.php(354): CodeIgniter\CodeIgniter->handleRequest(NULL, Object(Config\Cache), false)
#8 D:\xampp\htdocs\ci4\system\Boot.php(334): CodeIgniter\CodeIgniter->run()
#9 D:\xampp\htdocs\ci4\system\Boot.php(67): CodeIgniter\Boot::runCodeIgniter(Object(CodeIgniter\CodeIgniter))
#10 D:\xampp\htdocs\ci4\public\index.php(56): CodeIgniter\Boot::bootWeb(Object(Config\Paths))
#11 D:\xampp\htdocs\ci4\system\rewrite.php(44): require_once('D:\\xampp\\htdocs...')
#12 {main}
CRITICAL - 2025-04-17 06:59:59 --> CodeIgniter\Database\Exceptions\DatabaseException: Unknown column 'application_id' in 'where clause'
[Method: POST, Route: technician/updateStatus]
in SYSTEMPATH\Database\BaseConnection.php on line 692.
 1 SYSTEMPATH\Database\BaseBuilder.php(2521): CodeIgniter\Database\BaseConnection->query('UPDATE `applications` SET `app_status` = :app_status:
WHERE `application_id` = :application_id:', [...], false)
 2 APPPATH\Controllers\TechnicianController.php(119): CodeIgniter\Database\BaseBuilder->update([...])
 3 SYSTEMPATH\CodeIgniter.php(933): App\Controllers\TechnicianController->updateStatus()
 4 SYSTEMPATH\CodeIgniter.php(507): CodeIgniter\CodeIgniter->runController(Object(App\Controllers\TechnicianController))
 5 SYSTEMPATH\CodeIgniter.php(354): CodeIgniter\CodeIgniter->handleRequest(null, Object(Config\Cache), false)
 6 SYSTEMPATH\Boot.php(334): CodeIgniter\CodeIgniter->run()
 7 SYSTEMPATH\Boot.php(67): CodeIgniter\Boot::runCodeIgniter(Object(CodeIgniter\CodeIgniter))
 8 FCPATH\index.php(56): CodeIgniter\Boot::bootWeb(Object(Config\Paths))
 9 SYSTEMPATH\rewrite.php(44): require_once('D:\\xampp\\htdocs\\ci4\\public\\index.php')
CRITICAL - 2025-04-17 06:59:59 --> [Caused by] CodeIgniter\Database\Exceptions\DatabaseException: Unknown column 'application_id' in 'where clause'
in SYSTEMPATH\Database\MySQLi\Connection.php on line 332.
 1 SYSTEMPATH\Database\BaseConnection.php(738): CodeIgniter\Database\MySQLi\Connection->execute('UPDATE `applications` SET `app_status` = \'On-going\'
WHERE `application_id` = \'19\'')
 2 SYSTEMPATH\Database\BaseConnection.php(652): CodeIgniter\Database\BaseConnection->simpleQuery('UPDATE `applications` SET `app_status` = \'On-going\'
WHERE `application_id` = \'19\'')
 3 SYSTEMPATH\Database\BaseBuilder.php(2521): CodeIgniter\Database\BaseConnection->query('UPDATE `applications` SET `app_status` = :app_status:
WHERE `application_id` = :application_id:', [...], false)
 4 APPPATH\Controllers\TechnicianController.php(119): CodeIgniter\Database\BaseBuilder->update([...])
 5 SYSTEMPATH\CodeIgniter.php(933): App\Controllers\TechnicianController->updateStatus()
 6 SYSTEMPATH\CodeIgniter.php(507): CodeIgniter\CodeIgniter->runController(Object(App\Controllers\TechnicianController))
 7 SYSTEMPATH\CodeIgniter.php(354): CodeIgniter\CodeIgniter->handleRequest(null, Object(Config\Cache), false)
 8 SYSTEMPATH\Boot.php(334): CodeIgniter\CodeIgniter->run()
 9 SYSTEMPATH\Boot.php(67): CodeIgniter\Boot::runCodeIgniter(Object(CodeIgniter\CodeIgniter))
10 FCPATH\index.php(56): CodeIgniter\Boot::bootWeb(Object(Config\Paths))
11 SYSTEMPATH\rewrite.php(44): require_once('D:\\xampp\\htdocs\\ci4\\public\\index.php')
CRITICAL - 2025-04-17 06:59:59 --> [Caused by] mysqli_sql_exception: Unknown column 'application_id' in 'where clause'
in SYSTEMPATH\Database\MySQLi\Connection.php on line 327.
 1 SYSTEMPATH\Database\MySQLi\Connection.php(327): mysqli->query('UPDATE `applications` SET `app_status` = \'On-going\'
WHERE `application_id` = \'19\'', 0)
 2 SYSTEMPATH\Database\BaseConnection.php(738): CodeIgniter\Database\MySQLi\Connection->execute('UPDATE `applications` SET `app_status` = \'On-going\'
WHERE `application_id` = \'19\'')
 3 SYSTEMPATH\Database\BaseConnection.php(652): CodeIgniter\Database\BaseConnection->simpleQuery('UPDATE `applications` SET `app_status` = \'On-going\'
WHERE `application_id` = \'19\'')
 4 SYSTEMPATH\Database\BaseBuilder.php(2521): CodeIgniter\Database\BaseConnection->query('UPDATE `applications` SET `app_status` = :app_status:
WHERE `application_id` = :application_id:', [...], false)
 5 APPPATH\Controllers\TechnicianController.php(119): CodeIgniter\Database\BaseBuilder->update([...])
 6 SYSTEMPATH\CodeIgniter.php(933): App\Controllers\TechnicianController->updateStatus()
 7 SYSTEMPATH\CodeIgniter.php(507): CodeIgniter\CodeIgniter->runController(Object(App\Controllers\TechnicianController))
 8 SYSTEMPATH\CodeIgniter.php(354): CodeIgniter\CodeIgniter->handleRequest(null, Object(Config\Cache), false)
 9 SYSTEMPATH\Boot.php(334): CodeIgniter\CodeIgniter->run()
10 SYSTEMPATH\Boot.php(67): CodeIgniter\Boot::runCodeIgniter(Object(CodeIgniter\CodeIgniter))
11 FCPATH\index.php(56): CodeIgniter\Boot::bootWeb(Object(Config\Paths))
12 SYSTEMPATH\rewrite.php(44): require_once('D:\\xampp\\htdocs\\ci4\\public\\index.php')
ERROR - 2025-04-17 07:00:07 --> mysqli_sql_exception: Unknown column 'application_id' in 'where clause' in D:\xampp\htdocs\ci4\system\Database\MySQLi\Connection.php:327
Stack trace:
#0 D:\xampp\htdocs\ci4\system\Database\MySQLi\Connection.php(327): mysqli->query('UPDATE `applica...', 0)
#1 D:\xampp\htdocs\ci4\system\Database\BaseConnection.php(738): CodeIgniter\Database\MySQLi\Connection->execute('UPDATE `applica...')
#2 D:\xampp\htdocs\ci4\system\Database\BaseConnection.php(652): CodeIgniter\Database\BaseConnection->simpleQuery('UPDATE `applica...')
#3 D:\xampp\htdocs\ci4\system\Database\BaseBuilder.php(2521): CodeIgniter\Database\BaseConnection->query('UPDATE `applica...', Array, false)
#4 D:\xampp\htdocs\ci4\app\Controllers\TechnicianController.php(119): CodeIgniter\Database\BaseBuilder->update(Array)
#5 D:\xampp\htdocs\ci4\system\CodeIgniter.php(933): App\Controllers\TechnicianController->updateStatus()
#6 D:\xampp\htdocs\ci4\system\CodeIgniter.php(507): CodeIgniter\CodeIgniter->runController(Object(App\Controllers\TechnicianController))
#7 D:\xampp\htdocs\ci4\system\CodeIgniter.php(354): CodeIgniter\CodeIgniter->handleRequest(NULL, Object(Config\Cache), false)
#8 D:\xampp\htdocs\ci4\system\Boot.php(334): CodeIgniter\CodeIgniter->run()
#9 D:\xampp\htdocs\ci4\system\Boot.php(67): CodeIgniter\Boot::runCodeIgniter(Object(CodeIgniter\CodeIgniter))
#10 D:\xampp\htdocs\ci4\public\index.php(56): CodeIgniter\Boot::bootWeb(Object(Config\Paths))
#11 D:\xampp\htdocs\ci4\system\rewrite.php(44): require_once('D:\\xampp\\htdocs...')
#12 {main}
CRITICAL - 2025-04-17 07:00:07 --> CodeIgniter\Database\Exceptions\DatabaseException: Unknown column 'application_id' in 'where clause'
[Method: POST, Route: technician/updateStatus]
in SYSTEMPATH\Database\BaseConnection.php on line 692.
 1 SYSTEMPATH\Database\BaseBuilder.php(2521): CodeIgniter\Database\BaseConnection->query('UPDATE `applications` SET `app_status` = :app_status:, `app_reason` = :app_reason:
WHERE `application_id` = :application_id:', [...], false)
 2 APPPATH\Controllers\TechnicianController.php(119): CodeIgniter\Database\BaseBuilder->update([...])
 3 SYSTEMPATH\CodeIgniter.php(933): App\Controllers\TechnicianController->updateStatus()
 4 SYSTEMPATH\CodeIgniter.php(507): CodeIgniter\CodeIgniter->runController(Object(App\Controllers\TechnicianController))
 5 SYSTEMPATH\CodeIgniter.php(354): CodeIgniter\CodeIgniter->handleRequest(null, Object(Config\Cache), false)
 6 SYSTEMPATH\Boot.php(334): CodeIgniter\CodeIgniter->run()
 7 SYSTEMPATH\Boot.php(67): CodeIgniter\Boot::runCodeIgniter(Object(CodeIgniter\CodeIgniter))
 8 FCPATH\index.php(56): CodeIgniter\Boot::bootWeb(Object(Config\Paths))
 9 SYSTEMPATH\rewrite.php(44): require_once('D:\\xampp\\htdocs\\ci4\\public\\index.php')
CRITICAL - 2025-04-17 07:00:07 --> [Caused by] CodeIgniter\Database\Exceptions\DatabaseException: Unknown column 'application_id' in 'where clause'
in SYSTEMPATH\Database\MySQLi\Connection.php on line 332.
 1 SYSTEMPATH\Database\BaseConnection.php(738): CodeIgniter\Database\MySQLi\Connection->execute('UPDATE `applications` SET `app_status` = \'Re-schedule\', `app_reason` = \'\'
WHERE `application_id` = \'19\'')
 2 SYSTEMPATH\Database\BaseConnection.php(652): CodeIgniter\Database\BaseConnection->simpleQuery('UPDATE `applications` SET `app_status` = \'Re-schedule\', `app_reason` = \'\'
WHERE `application_id` = \'19\'')
 3 SYSTEMPATH\Database\BaseBuilder.php(2521): CodeIgniter\Database\BaseConnection->query('UPDATE `applications` SET `app_status` = :app_status:, `app_reason` = :app_reason:
WHERE `application_id` = :application_id:', [...], false)
 4 APPPATH\Controllers\TechnicianController.php(119): CodeIgniter\Database\BaseBuilder->update([...])
 5 SYSTEMPATH\CodeIgniter.php(933): App\Controllers\TechnicianController->updateStatus()
 6 SYSTEMPATH\CodeIgniter.php(507): CodeIgniter\CodeIgniter->runController(Object(App\Controllers\TechnicianController))
 7 SYSTEMPATH\CodeIgniter.php(354): CodeIgniter\CodeIgniter->handleRequest(null, Object(Config\Cache), false)
 8 SYSTEMPATH\Boot.php(334): CodeIgniter\CodeIgniter->run()
 9 SYSTEMPATH\Boot.php(67): CodeIgniter\Boot::runCodeIgniter(Object(CodeIgniter\CodeIgniter))
10 FCPATH\index.php(56): CodeIgniter\Boot::bootWeb(Object(Config\Paths))
11 SYSTEMPATH\rewrite.php(44): require_once('D:\\xampp\\htdocs\\ci4\\public\\index.php')
CRITICAL - 2025-04-17 07:00:07 --> [Caused by] mysqli_sql_exception: Unknown column 'application_id' in 'where clause'
in SYSTEMPATH\Database\MySQLi\Connection.php on line 327.
 1 SYSTEMPATH\Database\MySQLi\Connection.php(327): mysqli->query('UPDATE `applications` SET `app_status` = \'Re-schedule\', `app_reason` = \'\'
WHERE `application_id` = \'19\'', 0)
 2 SYSTEMPATH\Database\BaseConnection.php(738): CodeIgniter\Database\MySQLi\Connection->execute('UPDATE `applications` SET `app_status` = \'Re-schedule\', `app_reason` = \'\'
WHERE `application_id` = \'19\'')
 3 SYSTEMPATH\Database\BaseConnection.php(652): CodeIgniter\Database\BaseConnection->simpleQuery('UPDATE `applications` SET `app_status` = \'Re-schedule\', `app_reason` = \'\'
WHERE `application_id` = \'19\'')
 4 SYSTEMPATH\Database\BaseBuilder.php(2521): CodeIgniter\Database\BaseConnection->query('UPDATE `applications` SET `app_status` = :app_status:, `app_reason` = :app_reason:
WHERE `application_id` = :application_id:', [...], false)
 5 APPPATH\Controllers\TechnicianController.php(119): CodeIgniter\Database\BaseBuilder->update([...])
 6 SYSTEMPATH\CodeIgniter.php(933): App\Controllers\TechnicianController->updateStatus()
 7 SYSTEMPATH\CodeIgniter.php(507): CodeIgniter\CodeIgniter->runController(Object(App\Controllers\TechnicianController))
 8 SYSTEMPATH\CodeIgniter.php(354): CodeIgniter\CodeIgniter->handleRequest(null, Object(Config\Cache), false)
 9 SYSTEMPATH\Boot.php(334): CodeIgniter\CodeIgniter->run()
10 SYSTEMPATH\Boot.php(67): CodeIgniter\Boot::runCodeIgniter(Object(CodeIgniter\CodeIgniter))
11 FCPATH\index.php(56): CodeIgniter\Boot::bootWeb(Object(Config\Paths))
12 SYSTEMPATH\rewrite.php(44): require_once('D:\\xampp\\htdocs\\ci4\\public\\index.php')
CRITICAL - 2025-04-17 07:02:53 --> ErrorException: Undefined array key "application_id"
[Method: POST, Route: technician/updateStatus]
in APPPATH\Controllers\TechnicianController.php on line 150.
 1 APPPATH\Controllers\TechnicianController.php(150): CodeIgniter\Debug\Exceptions->errorHandler(2, 'Undefined array key "application_id"', 'D:\\xampp\\htdocs\\ci4\\app\\Controllers\\TechnicianController.php', 150)
 2 SYSTEMPATH\CodeIgniter.php(933): App\Controllers\TechnicianController->updateStatus()
 3 SYSTEMPATH\CodeIgniter.php(507): CodeIgniter\CodeIgniter->runController(Object(App\Controllers\TechnicianController))
 4 SYSTEMPATH\CodeIgniter.php(354): CodeIgniter\CodeIgniter->handleRequest(null, Object(Config\Cache), false)
 5 SYSTEMPATH\Boot.php(334): CodeIgniter\CodeIgniter->run()
 6 SYSTEMPATH\Boot.php(67): CodeIgniter\Boot::runCodeIgniter(Object(CodeIgniter\CodeIgniter))
 7 FCPATH\index.php(56): CodeIgniter\Boot::bootWeb(Object(Config\Paths))
 8 SYSTEMPATH\rewrite.php(44): require_once('D:\\xampp\\htdocs\\ci4\\public\\index.php')
CRITICAL - 2025-04-17 07:04:20 --> ErrorException: Undefined array key "application_id"
[Method: POST, Route: technician/updateStatus]
in APPPATH\Controllers\TechnicianController.php on line 150.
 1 APPPATH\Controllers\TechnicianController.php(150): CodeIgniter\Debug\Exceptions->errorHandler(2, 'Undefined array key "application_id"', 'D:\\xampp\\htdocs\\ci4\\app\\Controllers\\TechnicianController.php', 150)
 2 SYSTEMPATH\CodeIgniter.php(933): App\Controllers\TechnicianController->updateStatus()
 3 SYSTEMPATH\CodeIgniter.php(507): CodeIgniter\CodeIgniter->runController(Object(App\Controllers\TechnicianController))
 4 SYSTEMPATH\CodeIgniter.php(354): CodeIgniter\CodeIgniter->handleRequest(null, Object(Config\Cache), false)
 5 SYSTEMPATH\Boot.php(334): CodeIgniter\CodeIgniter->run()
 6 SYSTEMPATH\Boot.php(67): CodeIgniter\Boot::runCodeIgniter(Object(CodeIgniter\CodeIgniter))
 7 FCPATH\index.php(56): CodeIgniter\Boot::bootWeb(Object(Config\Paths))
 8 SYSTEMPATH\rewrite.php(44): require_once('D:\\xampp\\htdocs\\ci4\\public\\index.php')
CRITICAL - 2025-04-17 07:06:50 --> ErrorException: Undefined array key "application_id"
[Method: POST, Route: technician/updateStatus]
in APPPATH\Controllers\TechnicianController.php on line 154.
 1 APPPATH\Controllers\TechnicianController.php(154): CodeIgniter\Debug\Exceptions->errorHandler(2, 'Undefined array key "application_id"', 'D:\\xampp\\htdocs\\ci4\\app\\Controllers\\TechnicianController.php', 154)
 2 SYSTEMPATH\CodeIgniter.php(933): App\Controllers\TechnicianController->updateStatus()
 3 SYSTEMPATH\CodeIgniter.php(507): CodeIgniter\CodeIgniter->runController(Object(App\Controllers\TechnicianController))
 4 SYSTEMPATH\CodeIgniter.php(354): CodeIgniter\CodeIgniter->handleRequest(null, Object(Config\Cache), false)
 5 SYSTEMPATH\Boot.php(334): CodeIgniter\CodeIgniter->run()
 6 SYSTEMPATH\Boot.php(67): CodeIgniter\Boot::runCodeIgniter(Object(CodeIgniter\CodeIgniter))
 7 FCPATH\index.php(56): CodeIgniter\Boot::bootWeb(Object(Config\Paths))
 8 SYSTEMPATH\rewrite.php(44): require_once('D:\\xampp\\htdocs\\ci4\\public\\index.php')
CRITICAL - 2025-04-17 07:09:14 --> ErrorException: Undefined array key "application_id"
[Method: POST, Route: technician/updateStatus]
in APPPATH\Controllers\TechnicianController.php on line 154.
 1 APPPATH\Controllers\TechnicianController.php(154): CodeIgniter\Debug\Exceptions->errorHandler(2, 'Undefined array key "application_id"', 'D:\\xampp\\htdocs\\ci4\\app\\Controllers\\TechnicianController.php', 154)
 2 SYSTEMPATH\CodeIgniter.php(933): App\Controllers\TechnicianController->updateStatus()
 3 SYSTEMPATH\CodeIgniter.php(507): CodeIgniter\CodeIgniter->runController(Object(App\Controllers\TechnicianController))
 4 SYSTEMPATH\CodeIgniter.php(354): CodeIgniter\CodeIgniter->handleRequest(null, Object(Config\Cache), false)
 5 SYSTEMPATH\Boot.php(334): CodeIgniter\CodeIgniter->run()
 6 SYSTEMPATH\Boot.php(67): CodeIgniter\Boot::runCodeIgniter(Object(CodeIgniter\CodeIgniter))
 7 FCPATH\index.php(56): CodeIgniter\Boot::bootWeb(Object(Config\Paths))
 8 SYSTEMPATH\rewrite.php(44): require_once('D:\\xampp\\htdocs\\ci4\\public\\index.php')
CRITICAL - 2025-04-17 07:10:01 --> ErrorException: Undefined array key "application_id"
[Method: POST, Route: technician/updateStatus]
in APPPATH\Controllers\TechnicianController.php on line 154.
 1 APPPATH\Controllers\TechnicianController.php(154): CodeIgniter\Debug\Exceptions->errorHandler(2, 'Undefined array key "application_id"', 'D:\\xampp\\htdocs\\ci4\\app\\Controllers\\TechnicianController.php', 154)
 2 SYSTEMPATH\CodeIgniter.php(933): App\Controllers\TechnicianController->updateStatus()
 3 SYSTEMPATH\CodeIgniter.php(507): CodeIgniter\CodeIgniter->runController(Object(App\Controllers\TechnicianController))
 4 SYSTEMPATH\CodeIgniter.php(354): CodeIgniter\CodeIgniter->handleRequest(null, Object(Config\Cache), false)
 5 SYSTEMPATH\Boot.php(334): CodeIgniter\CodeIgniter->run()
 6 SYSTEMPATH\Boot.php(67): CodeIgniter\Boot::runCodeIgniter(Object(CodeIgniter\CodeIgniter))
 7 FCPATH\index.php(56): CodeIgniter\Boot::bootWeb(Object(Config\Paths))
 8 SYSTEMPATH\rewrite.php(44): require_once('D:\\xampp\\htdocs\\ci4\\public\\index.php')
ERROR - 2025-04-17 07:11:38 --> mysqli_sql_exception: Unknown column 'application_id' in 'where clause' in D:\xampp\htdocs\ci4\system\Database\MySQLi\Connection.php:327
Stack trace:
#0 D:\xampp\htdocs\ci4\system\Database\MySQLi\Connection.php(327): mysqli->query('UPDATE `applica...', 0)
#1 D:\xampp\htdocs\ci4\system\Database\BaseConnection.php(738): CodeIgniter\Database\MySQLi\Connection->execute('UPDATE `applica...')
#2 D:\xampp\htdocs\ci4\system\Database\BaseConnection.php(652): CodeIgniter\Database\BaseConnection->simpleQuery('UPDATE `applica...')
#3 D:\xampp\htdocs\ci4\system\Database\BaseBuilder.php(2521): CodeIgniter\Database\BaseConnection->query('UPDATE `applica...', Array, false)
#4 D:\xampp\htdocs\ci4\app\Controllers\TechnicianController.php(119): CodeIgniter\Database\BaseBuilder->update(Array)
#5 D:\xampp\htdocs\ci4\system\CodeIgniter.php(933): App\Controllers\TechnicianController->updateStatus()
#6 D:\xampp\htdocs\ci4\system\CodeIgniter.php(507): CodeIgniter\CodeIgniter->runController(Object(App\Controllers\TechnicianController))
#7 D:\xampp\htdocs\ci4\system\CodeIgniter.php(354): CodeIgniter\CodeIgniter->handleRequest(NULL, Object(Config\Cache), false)
#8 D:\xampp\htdocs\ci4\system\Boot.php(334): CodeIgniter\CodeIgniter->run()
#9 D:\xampp\htdocs\ci4\system\Boot.php(67): CodeIgniter\Boot::runCodeIgniter(Object(CodeIgniter\CodeIgniter))
#10 D:\xampp\htdocs\ci4\public\index.php(56): CodeIgniter\Boot::bootWeb(Object(Config\Paths))
#11 D:\xampp\htdocs\ci4\system\rewrite.php(44): require_once('D:\\xampp\\htdocs...')
#12 {main}
CRITICAL - 2025-04-17 07:11:38 --> CodeIgniter\Database\Exceptions\DatabaseException: Unknown column 'application_id' in 'where clause'
[Method: POST, Route: technician/updateStatus]
in SYSTEMPATH\Database\BaseConnection.php on line 692.
 1 SYSTEMPATH\Database\BaseBuilder.php(2521): CodeIgniter\Database\BaseConnection->query('UPDATE `applications` SET `app_status` = :app_status:
WHERE `application_id` = :application_id:', [...], false)
 2 APPPATH\Controllers\TechnicianController.php(119): CodeIgniter\Database\BaseBuilder->update([...])
 3 SYSTEMPATH\CodeIgniter.php(933): App\Controllers\TechnicianController->updateStatus()
 4 SYSTEMPATH\CodeIgniter.php(507): CodeIgniter\CodeIgniter->runController(Object(App\Controllers\TechnicianController))
 5 SYSTEMPATH\CodeIgniter.php(354): CodeIgniter\CodeIgniter->handleRequest(null, Object(Config\Cache), false)
 6 SYSTEMPATH\Boot.php(334): CodeIgniter\CodeIgniter->run()
 7 SYSTEMPATH\Boot.php(67): CodeIgniter\Boot::runCodeIgniter(Object(CodeIgniter\CodeIgniter))
 8 FCPATH\index.php(56): CodeIgniter\Boot::bootWeb(Object(Config\Paths))
 9 SYSTEMPATH\rewrite.php(44): require_once('D:\\xampp\\htdocs\\ci4\\public\\index.php')
CRITICAL - 2025-04-17 07:11:38 --> [Caused by] CodeIgniter\Database\Exceptions\DatabaseException: Unknown column 'application_id' in 'where clause'
in SYSTEMPATH\Database\MySQLi\Connection.php on line 332.
 1 SYSTEMPATH\Database\BaseConnection.php(738): CodeIgniter\Database\MySQLi\Connection->execute('UPDATE `applications` SET `app_status` = \'On-going\'
WHERE `application_id` = \'19\'')
 2 SYSTEMPATH\Database\BaseConnection.php(652): CodeIgniter\Database\BaseConnection->simpleQuery('UPDATE `applications` SET `app_status` = \'On-going\'
WHERE `application_id` = \'19\'')
 3 SYSTEMPATH\Database\BaseBuilder.php(2521): CodeIgniter\Database\BaseConnection->query('UPDATE `applications` SET `app_status` = :app_status:
WHERE `application_id` = :application_id:', [...], false)
 4 APPPATH\Controllers\TechnicianController.php(119): CodeIgniter\Database\BaseBuilder->update([...])
 5 SYSTEMPATH\CodeIgniter.php(933): App\Controllers\TechnicianController->updateStatus()
 6 SYSTEMPATH\CodeIgniter.php(507): CodeIgniter\CodeIgniter->runController(Object(App\Controllers\TechnicianController))
 7 SYSTEMPATH\CodeIgniter.php(354): CodeIgniter\CodeIgniter->handleRequest(null, Object(Config\Cache), false)
 8 SYSTEMPATH\Boot.php(334): CodeIgniter\CodeIgniter->run()
 9 SYSTEMPATH\Boot.php(67): CodeIgniter\Boot::runCodeIgniter(Object(CodeIgniter\CodeIgniter))
10 FCPATH\index.php(56): CodeIgniter\Boot::bootWeb(Object(Config\Paths))
11 SYSTEMPATH\rewrite.php(44): require_once('D:\\xampp\\htdocs\\ci4\\public\\index.php')
CRITICAL - 2025-04-17 07:11:38 --> [Caused by] mysqli_sql_exception: Unknown column 'application_id' in 'where clause'
in SYSTEMPATH\Database\MySQLi\Connection.php on line 327.
 1 SYSTEMPATH\Database\MySQLi\Connection.php(327): mysqli->query('UPDATE `applications` SET `app_status` = \'On-going\'
WHERE `application_id` = \'19\'', 0)
 2 SYSTEMPATH\Database\BaseConnection.php(738): CodeIgniter\Database\MySQLi\Connection->execute('UPDATE `applications` SET `app_status` = \'On-going\'
WHERE `application_id` = \'19\'')
 3 SYSTEMPATH\Database\BaseConnection.php(652): CodeIgniter\Database\BaseConnection->simpleQuery('UPDATE `applications` SET `app_status` = \'On-going\'
WHERE `application_id` = \'19\'')
 4 SYSTEMPATH\Database\BaseBuilder.php(2521): CodeIgniter\Database\BaseConnection->query('UPDATE `applications` SET `app_status` = :app_status:
WHERE `application_id` = :application_id:', [...], false)
 5 APPPATH\Controllers\TechnicianController.php(119): CodeIgniter\Database\BaseBuilder->update([...])
 6 SYSTEMPATH\CodeIgniter.php(933): App\Controllers\TechnicianController->updateStatus()
 7 SYSTEMPATH\CodeIgniter.php(507): CodeIgniter\CodeIgniter->runController(Object(App\Controllers\TechnicianController))
 8 SYSTEMPATH\CodeIgniter.php(354): CodeIgniter\CodeIgniter->handleRequest(null, Object(Config\Cache), false)
 9 SYSTEMPATH\Boot.php(334): CodeIgniter\CodeIgniter->run()
10 SYSTEMPATH\Boot.php(67): CodeIgniter\Boot::runCodeIgniter(Object(CodeIgniter\CodeIgniter))
11 FCPATH\index.php(56): CodeIgniter\Boot::bootWeb(Object(Config\Paths))
12 SYSTEMPATH\rewrite.php(44): require_once('D:\\xampp\\htdocs\\ci4\\public\\index.php')
ERROR - 2025-04-17 07:12:15 --> mysqli_sql_exception: Unknown column 'application_id' in 'where clause' in D:\xampp\htdocs\ci4\system\Database\MySQLi\Connection.php:327
Stack trace:
#0 D:\xampp\htdocs\ci4\system\Database\MySQLi\Connection.php(327): mysqli->query('UPDATE `applica...', 0)
#1 D:\xampp\htdocs\ci4\system\Database\BaseConnection.php(738): CodeIgniter\Database\MySQLi\Connection->execute('UPDATE `applica...')
#2 D:\xampp\htdocs\ci4\system\Database\BaseConnection.php(652): CodeIgniter\Database\BaseConnection->simpleQuery('UPDATE `applica...')
#3 D:\xampp\htdocs\ci4\system\Database\BaseBuilder.php(2521): CodeIgniter\Database\BaseConnection->query('UPDATE `applica...', Array, false)
#4 D:\xampp\htdocs\ci4\app\Controllers\TechnicianController.php(119): CodeIgniter\Database\BaseBuilder->update(Array)
#5 D:\xampp\htdocs\ci4\system\CodeIgniter.php(933): App\Controllers\TechnicianController->updateStatus()
#6 D:\xampp\htdocs\ci4\system\CodeIgniter.php(507): CodeIgniter\CodeIgniter->runController(Object(App\Controllers\TechnicianController))
#7 D:\xampp\htdocs\ci4\system\CodeIgniter.php(354): CodeIgniter\CodeIgniter->handleRequest(NULL, Object(Config\Cache), false)
#8 D:\xampp\htdocs\ci4\system\Boot.php(334): CodeIgniter\CodeIgniter->run()
#9 D:\xampp\htdocs\ci4\system\Boot.php(67): CodeIgniter\Boot::runCodeIgniter(Object(CodeIgniter\CodeIgniter))
#10 D:\xampp\htdocs\ci4\public\index.php(56): CodeIgniter\Boot::bootWeb(Object(Config\Paths))
#11 D:\xampp\htdocs\ci4\system\rewrite.php(44): require_once('D:\\xampp\\htdocs...')
#12 {main}
CRITICAL - 2025-04-17 07:12:15 --> CodeIgniter\Database\Exceptions\DatabaseException: Unknown column 'application_id' in 'where clause'
[Method: POST, Route: technician/updateStatus]
in SYSTEMPATH\Database\BaseConnection.php on line 692.
 1 SYSTEMPATH\Database\BaseBuilder.php(2521): CodeIgniter\Database\BaseConnection->query('UPDATE `applications` SET `app_status` = :app_status:
WHERE `application_id` = :application_id:', [...], false)
 2 APPPATH\Controllers\TechnicianController.php(119): CodeIgniter\Database\BaseBuilder->update([...])
 3 SYSTEMPATH\CodeIgniter.php(933): App\Controllers\TechnicianController->updateStatus()
 4 SYSTEMPATH\CodeIgniter.php(507): CodeIgniter\CodeIgniter->runController(Object(App\Controllers\TechnicianController))
 5 SYSTEMPATH\CodeIgniter.php(354): CodeIgniter\CodeIgniter->handleRequest(null, Object(Config\Cache), false)
 6 SYSTEMPATH\Boot.php(334): CodeIgniter\CodeIgniter->run()
 7 SYSTEMPATH\Boot.php(67): CodeIgniter\Boot::runCodeIgniter(Object(CodeIgniter\CodeIgniter))
 8 FCPATH\index.php(56): CodeIgniter\Boot::bootWeb(Object(Config\Paths))
 9 SYSTEMPATH\rewrite.php(44): require_once('D:\\xampp\\htdocs\\ci4\\public\\index.php')
CRITICAL - 2025-04-17 07:12:15 --> [Caused by] CodeIgniter\Database\Exceptions\DatabaseException: Unknown column 'application_id' in 'where clause'
in SYSTEMPATH\Database\MySQLi\Connection.php on line 332.
 1 SYSTEMPATH\Database\BaseConnection.php(738): CodeIgniter\Database\MySQLi\Connection->execute('UPDATE `applications` SET `app_status` = \'Installed\'
WHERE `application_id` = \'19\'')
 2 SYSTEMPATH\Database\BaseConnection.php(652): CodeIgniter\Database\BaseConnection->simpleQuery('UPDATE `applications` SET `app_status` = \'Installed\'
WHERE `application_id` = \'19\'')
 3 SYSTEMPATH\Database\BaseBuilder.php(2521): CodeIgniter\Database\BaseConnection->query('UPDATE `applications` SET `app_status` = :app_status:
WHERE `application_id` = :application_id:', [...], false)
 4 APPPATH\Controllers\TechnicianController.php(119): CodeIgniter\Database\BaseBuilder->update([...])
 5 SYSTEMPATH\CodeIgniter.php(933): App\Controllers\TechnicianController->updateStatus()
 6 SYSTEMPATH\CodeIgniter.php(507): CodeIgniter\CodeIgniter->runController(Object(App\Controllers\TechnicianController))
 7 SYSTEMPATH\CodeIgniter.php(354): CodeIgniter\CodeIgniter->handleRequest(null, Object(Config\Cache), false)
 8 SYSTEMPATH\Boot.php(334): CodeIgniter\CodeIgniter->run()
 9 SYSTEMPATH\Boot.php(67): CodeIgniter\Boot::runCodeIgniter(Object(CodeIgniter\CodeIgniter))
10 FCPATH\index.php(56): CodeIgniter\Boot::bootWeb(Object(Config\Paths))
11 SYSTEMPATH\rewrite.php(44): require_once('D:\\xampp\\htdocs\\ci4\\public\\index.php')
CRITICAL - 2025-04-17 07:12:15 --> [Caused by] mysqli_sql_exception: Unknown column 'application_id' in 'where clause'
in SYSTEMPATH\Database\MySQLi\Connection.php on line 327.
 1 SYSTEMPATH\Database\MySQLi\Connection.php(327): mysqli->query('UPDATE `applications` SET `app_status` = \'Installed\'
WHERE `application_id` = \'19\'', 0)
 2 SYSTEMPATH\Database\BaseConnection.php(738): CodeIgniter\Database\MySQLi\Connection->execute('UPDATE `applications` SET `app_status` = \'Installed\'
WHERE `application_id` = \'19\'')
 3 SYSTEMPATH\Database\BaseConnection.php(652): CodeIgniter\Database\BaseConnection->simpleQuery('UPDATE `applications` SET `app_status` = \'Installed\'
WHERE `application_id` = \'19\'')
 4 SYSTEMPATH\Database\BaseBuilder.php(2521): CodeIgniter\Database\BaseConnection->query('UPDATE `applications` SET `app_status` = :app_status:
WHERE `application_id` = :application_id:', [...], false)
 5 APPPATH\Controllers\TechnicianController.php(119): CodeIgniter\Database\BaseBuilder->update([...])
 6 SYSTEMPATH\CodeIgniter.php(933): App\Controllers\TechnicianController->updateStatus()
 7 SYSTEMPATH\CodeIgniter.php(507): CodeIgniter\CodeIgniter->runController(Object(App\Controllers\TechnicianController))
 8 SYSTEMPATH\CodeIgniter.php(354): CodeIgniter\CodeIgniter->handleRequest(null, Object(Config\Cache), false)
 9 SYSTEMPATH\Boot.php(334): CodeIgniter\CodeIgniter->run()
10 SYSTEMPATH\Boot.php(67): CodeIgniter\Boot::runCodeIgniter(Object(CodeIgniter\CodeIgniter))
11 FCPATH\index.php(56): CodeIgniter\Boot::bootWeb(Object(Config\Paths))
12 SYSTEMPATH\rewrite.php(44): require_once('D:\\xampp\\htdocs\\ci4\\public\\index.php')
ERROR - 2025-04-17 07:12:36 --> mysqli_sql_exception: Unknown column 'application_id' in 'where clause' in D:\xampp\htdocs\ci4\system\Database\MySQLi\Connection.php:327
Stack trace:
#0 D:\xampp\htdocs\ci4\system\Database\MySQLi\Connection.php(327): mysqli->query('UPDATE `applica...', 0)
#1 D:\xampp\htdocs\ci4\system\Database\BaseConnection.php(738): CodeIgniter\Database\MySQLi\Connection->execute('UPDATE `applica...')
#2 D:\xampp\htdocs\ci4\system\Database\BaseConnection.php(652): CodeIgniter\Database\BaseConnection->simpleQuery('UPDATE `applica...')
#3 D:\xampp\htdocs\ci4\system\Database\BaseBuilder.php(2521): CodeIgniter\Database\BaseConnection->query('UPDATE `applica...', Array, false)
#4 D:\xampp\htdocs\ci4\app\Controllers\TechnicianController.php(119): CodeIgniter\Database\BaseBuilder->update(Array)
#5 D:\xampp\htdocs\ci4\system\CodeIgniter.php(933): App\Controllers\TechnicianController->updateStatus()
#6 D:\xampp\htdocs\ci4\system\CodeIgniter.php(507): CodeIgniter\CodeIgniter->runController(Object(App\Controllers\TechnicianController))
#7 D:\xampp\htdocs\ci4\system\CodeIgniter.php(354): CodeIgniter\CodeIgniter->handleRequest(NULL, Object(Config\Cache), false)
#8 D:\xampp\htdocs\ci4\system\Boot.php(334): CodeIgniter\CodeIgniter->run()
#9 D:\xampp\htdocs\ci4\system\Boot.php(67): CodeIgniter\Boot::runCodeIgniter(Object(CodeIgniter\CodeIgniter))
#10 D:\xampp\htdocs\ci4\public\index.php(56): CodeIgniter\Boot::bootWeb(Object(Config\Paths))
#11 D:\xampp\htdocs\ci4\system\rewrite.php(44): require_once('D:\\xampp\\htdocs...')
#12 {main}
CRITICAL - 2025-04-17 07:12:36 --> CodeIgniter\Database\Exceptions\DatabaseException: Unknown column 'application_id' in 'where clause'
[Method: POST, Route: technician/updateStatus]
in SYSTEMPATH\Database\BaseConnection.php on line 692.
 1 SYSTEMPATH\Database\BaseBuilder.php(2521): CodeIgniter\Database\BaseConnection->query('UPDATE `applications` SET `app_status` = :app_status:
WHERE `application_id` = :application_id:', [...], false)
 2 APPPATH\Controllers\TechnicianController.php(119): CodeIgniter\Database\BaseBuilder->update([...])
 3 SYSTEMPATH\CodeIgniter.php(933): App\Controllers\TechnicianController->updateStatus()
 4 SYSTEMPATH\CodeIgniter.php(507): CodeIgniter\CodeIgniter->runController(Object(App\Controllers\TechnicianController))
 5 SYSTEMPATH\CodeIgniter.php(354): CodeIgniter\CodeIgniter->handleRequest(null, Object(Config\Cache), false)
 6 SYSTEMPATH\Boot.php(334): CodeIgniter\CodeIgniter->run()
 7 SYSTEMPATH\Boot.php(67): CodeIgniter\Boot::runCodeIgniter(Object(CodeIgniter\CodeIgniter))
 8 FCPATH\index.php(56): CodeIgniter\Boot::bootWeb(Object(Config\Paths))
 9 SYSTEMPATH\rewrite.php(44): require_once('D:\\xampp\\htdocs\\ci4\\public\\index.php')
CRITICAL - 2025-04-17 07:12:36 --> [Caused by] CodeIgniter\Database\Exceptions\DatabaseException: Unknown column 'application_id' in 'where clause'
in SYSTEMPATH\Database\MySQLi\Connection.php on line 332.
 1 SYSTEMPATH\Database\BaseConnection.php(738): CodeIgniter\Database\MySQLi\Connection->execute('UPDATE `applications` SET `app_status` = \'On-going\'
WHERE `application_id` = \'19\'')
 2 SYSTEMPATH\Database\BaseConnection.php(652): CodeIgniter\Database\BaseConnection->simpleQuery('UPDATE `applications` SET `app_status` = \'On-going\'
WHERE `application_id` = \'19\'')
 3 SYSTEMPATH\Database\BaseBuilder.php(2521): CodeIgniter\Database\BaseConnection->query('UPDATE `applications` SET `app_status` = :app_status:
WHERE `application_id` = :application_id:', [...], false)
 4 APPPATH\Controllers\TechnicianController.php(119): CodeIgniter\Database\BaseBuilder->update([...])
 5 SYSTEMPATH\CodeIgniter.php(933): App\Controllers\TechnicianController->updateStatus()
 6 SYSTEMPATH\CodeIgniter.php(507): CodeIgniter\CodeIgniter->runController(Object(App\Controllers\TechnicianController))
 7 SYSTEMPATH\CodeIgniter.php(354): CodeIgniter\CodeIgniter->handleRequest(null, Object(Config\Cache), false)
 8 SYSTEMPATH\Boot.php(334): CodeIgniter\CodeIgniter->run()
 9 SYSTEMPATH\Boot.php(67): CodeIgniter\Boot::runCodeIgniter(Object(CodeIgniter\CodeIgniter))
10 FCPATH\index.php(56): CodeIgniter\Boot::bootWeb(Object(Config\Paths))
11 SYSTEMPATH\rewrite.php(44): require_once('D:\\xampp\\htdocs\\ci4\\public\\index.php')
CRITICAL - 2025-04-17 07:12:36 --> [Caused by] mysqli_sql_exception: Unknown column 'application_id' in 'where clause'
in SYSTEMPATH\Database\MySQLi\Connection.php on line 327.
 1 SYSTEMPATH\Database\MySQLi\Connection.php(327): mysqli->query('UPDATE `applications` SET `app_status` = \'On-going\'
WHERE `application_id` = \'19\'', 0)
 2 SYSTEMPATH\Database\BaseConnection.php(738): CodeIgniter\Database\MySQLi\Connection->execute('UPDATE `applications` SET `app_status` = \'On-going\'
WHERE `application_id` = \'19\'')
 3 SYSTEMPATH\Database\BaseConnection.php(652): CodeIgniter\Database\BaseConnection->simpleQuery('UPDATE `applications` SET `app_status` = \'On-going\'
WHERE `application_id` = \'19\'')
 4 SYSTEMPATH\Database\BaseBuilder.php(2521): CodeIgniter\Database\BaseConnection->query('UPDATE `applications` SET `app_status` = :app_status:
WHERE `application_id` = :application_id:', [...], false)
 5 APPPATH\Controllers\TechnicianController.php(119): CodeIgniter\Database\BaseBuilder->update([...])
 6 SYSTEMPATH\CodeIgniter.php(933): App\Controllers\TechnicianController->updateStatus()
 7 SYSTEMPATH\CodeIgniter.php(507): CodeIgniter\CodeIgniter->runController(Object(App\Controllers\TechnicianController))
 8 SYSTEMPATH\CodeIgniter.php(354): CodeIgniter\CodeIgniter->handleRequest(null, Object(Config\Cache), false)
 9 SYSTEMPATH\Boot.php(334): CodeIgniter\CodeIgniter->run()
10 SYSTEMPATH\Boot.php(67): CodeIgniter\Boot::runCodeIgniter(Object(CodeIgniter\CodeIgniter))
11 FCPATH\index.php(56): CodeIgniter\Boot::bootWeb(Object(Config\Paths))
12 SYSTEMPATH\rewrite.php(44): require_once('D:\\xampp\\htdocs\\ci4\\public\\index.php')
CRITICAL - 2025-04-17 07:14:58 --> ErrorException: Undefined array key "application_id"
[Method: POST, Route: technician/updateStatus]
in APPPATH\Controllers\TechnicianController.php on line 150.
 1 APPPATH\Controllers\TechnicianController.php(150): CodeIgniter\Debug\Exceptions->errorHandler(2, 'Undefined array key "application_id"', 'D:\\xampp\\htdocs\\ci4\\app\\Controllers\\TechnicianController.php', 150)
 2 SYSTEMPATH\CodeIgniter.php(933): App\Controllers\TechnicianController->updateStatus()
 3 SYSTEMPATH\CodeIgniter.php(507): CodeIgniter\CodeIgniter->runController(Object(App\Controllers\TechnicianController))
 4 SYSTEMPATH\CodeIgniter.php(354): CodeIgniter\CodeIgniter->handleRequest(null, Object(Config\Cache), false)
 5 SYSTEMPATH\Boot.php(334): CodeIgniter\CodeIgniter->run()
 6 SYSTEMPATH\Boot.php(67): CodeIgniter\Boot::runCodeIgniter(Object(CodeIgniter\CodeIgniter))
 7 FCPATH\index.php(56): CodeIgniter\Boot::bootWeb(Object(Config\Paths))
 8 SYSTEMPATH\rewrite.php(44): require_once('D:\\xampp\\htdocs\\ci4\\public\\index.php')
ERROR - 2025-04-17 07:16:58 --> mysqli_sql_exception: Unknown column 'updated_at' in 'field list' in D:\xampp\htdocs\ci4\system\Database\MySQLi\Connection.php:327
Stack trace:
#0 D:\xampp\htdocs\ci4\system\Database\MySQLi\Connection.php(327): mysqli->query('INSERT INTO `su...', 0)
#1 D:\xampp\htdocs\ci4\system\Database\BaseConnection.php(738): CodeIgniter\Database\MySQLi\Connection->execute('INSERT INTO `su...')
#2 D:\xampp\htdocs\ci4\system\Database\BaseConnection.php(652): CodeIgniter\Database\BaseConnection->simpleQuery('INSERT INTO `su...')
#3 D:\xampp\htdocs\ci4\system\Database\BaseBuilder.php(2345): CodeIgniter\Database\BaseConnection->query('INSERT INTO `su...', Array, false)
#4 D:\xampp\htdocs\ci4\system\Model.php(394): CodeIgniter\Database\BaseBuilder->insert()
#5 D:\xampp\htdocs\ci4\system\BaseModel.php(839): CodeIgniter\Model->doInsert(Array)
#6 D:\xampp\htdocs\ci4\system\Model.php(800): CodeIgniter\BaseModel->insert(Array, true)
#7 D:\xampp\htdocs\ci4\app\Controllers\TechnicianController.php(165): CodeIgniter\Model->insert(Array)
#8 D:\xampp\htdocs\ci4\system\CodeIgniter.php(933): App\Controllers\TechnicianController->updateStatus()
#9 D:\xampp\htdocs\ci4\system\CodeIgniter.php(507): CodeIgniter\CodeIgniter->runController(Object(App\Controllers\TechnicianController))
#10 D:\xampp\htdocs\ci4\system\CodeIgniter.php(354): CodeIgniter\CodeIgniter->handleRequest(NULL, Object(Config\Cache), false)
#11 D:\xampp\htdocs\ci4\system\Boot.php(334): CodeIgniter\CodeIgniter->run()
#12 D:\xampp\htdocs\ci4\system\Boot.php(67): CodeIgniter\Boot::runCodeIgniter(Object(CodeIgniter\CodeIgniter))
#13 D:\xampp\htdocs\ci4\public\index.php(56): CodeIgniter\Boot::bootWeb(Object(Config\Paths))
#14 D:\xampp\htdocs\ci4\system\rewrite.php(44): require_once('D:\\xampp\\htdocs...')
#15 {main}
CRITICAL - 2025-04-17 07:16:58 --> CodeIgniter\Database\Exceptions\DatabaseException: Unknown column 'updated_at' in 'field list'
[Method: POST, Route: technician/updateStatus]
in SYSTEMPATH\Database\BaseConnection.php on line 692.
 1 SYSTEMPATH\Database\BaseBuilder.php(2345): CodeIgniter\Database\BaseConnection->query('INSERT INTO `subscribers` (`application_id`, `first_name`, `last_name`, `contact_number1`, `contact_number2`, `email`, `address`, `city`, `plan`, `account_number`, `created_at`, `status`, `updated_at`) VALUES (:application_id:, :first_name:, :last_name:, :contact_number1:, :contact_number2:, :email:, :address:, :city:, :plan:, :account_number:, :created_at:, :status:, :updated_at:)', [...], false)
 2 SYSTEMPATH\Model.php(394): CodeIgniter\Database\BaseBuilder->insert()
 3 SYSTEMPATH\BaseModel.php(839): CodeIgniter\Model->doInsert([...])
 4 SYSTEMPATH\Model.php(800): CodeIgniter\BaseModel->insert([...], true)
 5 APPPATH\Controllers\TechnicianController.php(165): CodeIgniter\Model->insert([...])
 6 SYSTEMPATH\CodeIgniter.php(933): App\Controllers\TechnicianController->updateStatus()
 7 SYSTEMPATH\CodeIgniter.php(507): CodeIgniter\CodeIgniter->runController(Object(App\Controllers\TechnicianController))
 8 SYSTEMPATH\CodeIgniter.php(354): CodeIgniter\CodeIgniter->handleRequest(null, Object(Config\Cache), false)
 9 SYSTEMPATH\Boot.php(334): CodeIgniter\CodeIgniter->run()
10 SYSTEMPATH\Boot.php(67): CodeIgniter\Boot::runCodeIgniter(Object(CodeIgniter\CodeIgniter))
11 FCPATH\index.php(56): CodeIgniter\Boot::bootWeb(Object(Config\Paths))
12 SYSTEMPATH\rewrite.php(44): require_once('D:\\xampp\\htdocs\\ci4\\public\\index.php')
CRITICAL - 2025-04-17 07:16:58 --> [Caused by] CodeIgniter\Database\Exceptions\DatabaseException: Unknown column 'updated_at' in 'field list'
in SYSTEMPATH\Database\MySQLi\Connection.php on line 332.
 1 SYSTEMPATH\Database\BaseConnection.php(738): CodeIgniter\Database\MySQLi\Connection->execute('INSERT INTO `subscribers` (`application_id`, `first_name`, `last_name`, `contact_number1`, `contact_number2`, `email`, `address`, `city`, `plan`, `account_number`, `created_at`, `status`, `updated_at`) VALUES (\'19\', \'Jhamella\', \'Dulay\', \'09657879980\', \'09302052099\', \'jhamelladulay@gmail.com\', \'192, Sumapang Bata\', \'City of Malolos\', \'130 Mbps\', NULL, \'2025-04-17 07:16:58\', \'Disconnected\', \'2025-04-17 07:16:58\')')
 2 SYSTEMPATH\Database\BaseConnection.php(652): CodeIgniter\Database\BaseConnection->simpleQuery('INSERT INTO `subscribers` (`application_id`, `first_name`, `last_name`, `contact_number1`, `contact_number2`, `email`, `address`, `city`, `plan`, `account_number`, `created_at`, `status`, `updated_at`) VALUES (\'19\', \'Jhamella\', \'Dulay\', \'09657879980\', \'09302052099\', \'jhamelladulay@gmail.com\', \'192, Sumapang Bata\', \'City of Malolos\', \'130 Mbps\', NULL, \'2025-04-17 07:16:58\', \'Disconnected\', \'2025-04-17 07:16:58\')')
 3 SYSTEMPATH\Database\BaseBuilder.php(2345): CodeIgniter\Database\BaseConnection->query('INSERT INTO `subscribers` (`application_id`, `first_name`, `last_name`, `contact_number1`, `contact_number2`, `email`, `address`, `city`, `plan`, `account_number`, `created_at`, `status`, `updated_at`) VALUES (:application_id:, :first_name:, :last_name:, :contact_number1:, :contact_number2:, :email:, :address:, :city:, :plan:, :account_number:, :created_at:, :status:, :updated_at:)', [...], false)
 4 SYSTEMPATH\Model.php(394): CodeIgniter\Database\BaseBuilder->insert()
 5 SYSTEMPATH\BaseModel.php(839): CodeIgniter\Model->doInsert([...])
 6 SYSTEMPATH\Model.php(800): CodeIgniter\BaseModel->insert([...], true)
 7 APPPATH\Controllers\TechnicianController.php(165): CodeIgniter\Model->insert([...])
 8 SYSTEMPATH\CodeIgniter.php(933): App\Controllers\TechnicianController->updateStatus()
 9 SYSTEMPATH\CodeIgniter.php(507): CodeIgniter\CodeIgniter->runController(Object(App\Controllers\TechnicianController))
10 SYSTEMPATH\CodeIgniter.php(354): CodeIgniter\CodeIgniter->handleRequest(null, Object(Config\Cache), false)
11 SYSTEMPATH\Boot.php(334): CodeIgniter\CodeIgniter->run()
12 SYSTEMPATH\Boot.php(67): CodeIgniter\Boot::runCodeIgniter(Object(CodeIgniter\CodeIgniter))
13 FCPATH\index.php(56): CodeIgniter\Boot::bootWeb(Object(Config\Paths))
14 SYSTEMPATH\rewrite.php(44): require_once('D:\\xampp\\htdocs\\ci4\\public\\index.php')
CRITICAL - 2025-04-17 07:16:58 --> [Caused by] mysqli_sql_exception: Unknown column 'updated_at' in 'field list'
in SYSTEMPATH\Database\MySQLi\Connection.php on line 327.
 1 SYSTEMPATH\Database\MySQLi\Connection.php(327): mysqli->query('INSERT INTO `subscribers` (`application_id`, `first_name`, `last_name`, `contact_number1`, `contact_number2`, `email`, `address`, `city`, `plan`, `account_number`, `created_at`, `status`, `updated_at`) VALUES (\'19\', \'Jhamella\', \'Dulay\', \'09657879980\', \'09302052099\', \'jhamelladulay@gmail.com\', \'192, Sumapang Bata\', \'City of Malolos\', \'130 Mbps\', NULL, \'2025-04-17 07:16:58\', \'Disconnected\', \'2025-04-17 07:16:58\')', 0)
 2 SYSTEMPATH\Database\BaseConnection.php(738): CodeIgniter\Database\MySQLi\Connection->execute('INSERT INTO `subscribers` (`application_id`, `first_name`, `last_name`, `contact_number1`, `contact_number2`, `email`, `address`, `city`, `plan`, `account_number`, `created_at`, `status`, `updated_at`) VALUES (\'19\', \'Jhamella\', \'Dulay\', \'09657879980\', \'09302052099\', \'jhamelladulay@gmail.com\', \'192, Sumapang Bata\', \'City of Malolos\', \'130 Mbps\', NULL, \'2025-04-17 07:16:58\', \'Disconnected\', \'2025-04-17 07:16:58\')')
 3 SYSTEMPATH\Database\BaseConnection.php(652): CodeIgniter\Database\BaseConnection->simpleQuery('INSERT INTO `subscribers` (`application_id`, `first_name`, `last_name`, `contact_number1`, `contact_number2`, `email`, `address`, `city`, `plan`, `account_number`, `created_at`, `status`, `updated_at`) VALUES (\'19\', \'Jhamella\', \'Dulay\', \'09657879980\', \'09302052099\', \'jhamelladulay@gmail.com\', \'192, Sumapang Bata\', \'City of Malolos\', \'130 Mbps\', NULL, \'2025-04-17 07:16:58\', \'Disconnected\', \'2025-04-17 07:16:58\')')
 4 SYSTEMPATH\Database\BaseBuilder.php(2345): CodeIgniter\Database\BaseConnection->query('INSERT INTO `subscribers` (`application_id`, `first_name`, `last_name`, `contact_number1`, `contact_number2`, `email`, `address`, `city`, `plan`, `account_number`, `created_at`, `status`, `updated_at`) VALUES (:application_id:, :first_name:, :last_name:, :contact_number1:, :contact_number2:, :email:, :address:, :city:, :plan:, :account_number:, :created_at:, :status:, :updated_at:)', [...], false)
 5 SYSTEMPATH\Model.php(394): CodeIgniter\Database\BaseBuilder->insert()
 6 SYSTEMPATH\BaseModel.php(839): CodeIgniter\Model->doInsert([...])
 7 SYSTEMPATH\Model.php(800): CodeIgniter\BaseModel->insert([...], true)
 8 APPPATH\Controllers\TechnicianController.php(165): CodeIgniter\Model->insert([...])
 9 SYSTEMPATH\CodeIgniter.php(933): App\Controllers\TechnicianController->updateStatus()
10 SYSTEMPATH\CodeIgniter.php(507): CodeIgniter\CodeIgniter->runController(Object(App\Controllers\TechnicianController))
11 SYSTEMPATH\CodeIgniter.php(354): CodeIgniter\CodeIgniter->handleRequest(null, Object(Config\Cache), false)
12 SYSTEMPATH\Boot.php(334): CodeIgniter\CodeIgniter->run()
13 SYSTEMPATH\Boot.php(67): CodeIgniter\Boot::runCodeIgniter(Object(CodeIgniter\CodeIgniter))
14 FCPATH\index.php(56): CodeIgniter\Boot::bootWeb(Object(Config\Paths))
15 SYSTEMPATH\rewrite.php(44): require_once('D:\\xampp\\htdocs\\ci4\\public\\index.php')
ERROR - 2025-04-17 07:22:21 --> mysqli_sql_exception: Unknown column 'updated_at' in 'field list' in D:\xampp\htdocs\ci4\system\Database\MySQLi\Connection.php:327
Stack trace:
#0 D:\xampp\htdocs\ci4\system\Database\MySQLi\Connection.php(327): mysqli->query('INSERT INTO `su...', 0)
#1 D:\xampp\htdocs\ci4\system\Database\BaseConnection.php(738): CodeIgniter\Database\MySQLi\Connection->execute('INSERT INTO `su...')
#2 D:\xampp\htdocs\ci4\system\Database\BaseConnection.php(652): CodeIgniter\Database\BaseConnection->simpleQuery('INSERT INTO `su...')
#3 D:\xampp\htdocs\ci4\system\Database\BaseBuilder.php(2345): CodeIgniter\Database\BaseConnection->query('INSERT INTO `su...', Array, false)
#4 D:\xampp\htdocs\ci4\system\Model.php(394): CodeIgniter\Database\BaseBuilder->insert()
#5 D:\xampp\htdocs\ci4\system\BaseModel.php(839): CodeIgniter\Model->doInsert(Array)
#6 D:\xampp\htdocs\ci4\system\Model.php(800): CodeIgniter\BaseModel->insert(Array, true)
#7 D:\xampp\htdocs\ci4\app\Controllers\TechnicianController.php(170): CodeIgniter\Model->insert(Array)
#8 D:\xampp\htdocs\ci4\system\CodeIgniter.php(933): App\Controllers\TechnicianController->updateStatus()
#9 D:\xampp\htdocs\ci4\system\CodeIgniter.php(507): CodeIgniter\CodeIgniter->runController(Object(App\Controllers\TechnicianController))
#10 D:\xampp\htdocs\ci4\system\CodeIgniter.php(354): CodeIgniter\CodeIgniter->handleRequest(NULL, Object(Config\Cache), false)
#11 D:\xampp\htdocs\ci4\system\Boot.php(334): CodeIgniter\CodeIgniter->run()
#12 D:\xampp\htdocs\ci4\system\Boot.php(67): CodeIgniter\Boot::runCodeIgniter(Object(CodeIgniter\CodeIgniter))
#13 D:\xampp\htdocs\ci4\public\index.php(56): CodeIgniter\Boot::bootWeb(Object(Config\Paths))
#14 D:\xampp\htdocs\ci4\system\rewrite.php(44): require_once('D:\\xampp\\htdocs...')
#15 {main}
CRITICAL - 2025-04-17 07:22:21 --> CodeIgniter\Database\Exceptions\DatabaseException: Unknown column 'updated_at' in 'field list'
[Method: POST, Route: technician/updateStatus]
in SYSTEMPATH\Database\BaseConnection.php on line 692.
 1 SYSTEMPATH\Database\BaseBuilder.php(2345): CodeIgniter\Database\BaseConnection->query('INSERT INTO `subscribers` (`application_id`, `first_name`, `last_name`, `contact_number1`, `contact_number2`, `email`, `address`, `city`, `plan`, `account_number`, `created_at`, `status`, `updated_at`) VALUES (:application_id:, :first_name:, :last_name:, :contact_number1:, :contact_number2:, :email:, :address:, :city:, :plan:, :account_number:, :created_at:, :status:, :updated_at:)', [...], false)
 2 SYSTEMPATH\Model.php(394): CodeIgniter\Database\BaseBuilder->insert()
 3 SYSTEMPATH\BaseModel.php(839): CodeIgniter\Model->doInsert([...])
 4 SYSTEMPATH\Model.php(800): CodeIgniter\BaseModel->insert([...], true)
 5 APPPATH\Controllers\TechnicianController.php(170): CodeIgniter\Model->insert([...])
 6 SYSTEMPATH\CodeIgniter.php(933): App\Controllers\TechnicianController->updateStatus()
 7 SYSTEMPATH\CodeIgniter.php(507): CodeIgniter\CodeIgniter->runController(Object(App\Controllers\TechnicianController))
 8 SYSTEMPATH\CodeIgniter.php(354): CodeIgniter\CodeIgniter->handleRequest(null, Object(Config\Cache), false)
 9 SYSTEMPATH\Boot.php(334): CodeIgniter\CodeIgniter->run()
10 SYSTEMPATH\Boot.php(67): CodeIgniter\Boot::runCodeIgniter(Object(CodeIgniter\CodeIgniter))
11 FCPATH\index.php(56): CodeIgniter\Boot::bootWeb(Object(Config\Paths))
12 SYSTEMPATH\rewrite.php(44): require_once('D:\\xampp\\htdocs\\ci4\\public\\index.php')
CRITICAL - 2025-04-17 07:22:21 --> [Caused by] CodeIgniter\Database\Exceptions\DatabaseException: Unknown column 'updated_at' in 'field list'
in SYSTEMPATH\Database\MySQLi\Connection.php on line 332.
 1 SYSTEMPATH\Database\BaseConnection.php(738): CodeIgniter\Database\MySQLi\Connection->execute('INSERT INTO `subscribers` (`application_id`, `first_name`, `last_name`, `contact_number1`, `contact_number2`, `email`, `address`, `city`, `plan`, `account_number`, `created_at`, `status`, `updated_at`) VALUES (\'19\', \'Jhamella\', \'Dulay\', \'09657879980\', \'09302052099\', \'jhamelladulay@gmail.com\', \'192, Sumapang Bata\', \'City of Malolos\', \'130 Mbps\', NULL, \'2025-04-17 07:22:21\', \'Disconnected\', \'2025-04-17 07:22:21\')')
 2 SYSTEMPATH\Database\BaseConnection.php(652): CodeIgniter\Database\BaseConnection->simpleQuery('INSERT INTO `subscribers` (`application_id`, `first_name`, `last_name`, `contact_number1`, `contact_number2`, `email`, `address`, `city`, `plan`, `account_number`, `created_at`, `status`, `updated_at`) VALUES (\'19\', \'Jhamella\', \'Dulay\', \'09657879980\', \'09302052099\', \'jhamelladulay@gmail.com\', \'192, Sumapang Bata\', \'City of Malolos\', \'130 Mbps\', NULL, \'2025-04-17 07:22:21\', \'Disconnected\', \'2025-04-17 07:22:21\')')
 3 SYSTEMPATH\Database\BaseBuilder.php(2345): CodeIgniter\Database\BaseConnection->query('INSERT INTO `subscribers` (`application_id`, `first_name`, `last_name`, `contact_number1`, `contact_number2`, `email`, `address`, `city`, `plan`, `account_number`, `created_at`, `status`, `updated_at`) VALUES (:application_id:, :first_name:, :last_name:, :contact_number1:, :contact_number2:, :email:, :address:, :city:, :plan:, :account_number:, :created_at:, :status:, :updated_at:)', [...], false)
 4 SYSTEMPATH\Model.php(394): CodeIgniter\Database\BaseBuilder->insert()
 5 SYSTEMPATH\BaseModel.php(839): CodeIgniter\Model->doInsert([...])
 6 SYSTEMPATH\Model.php(800): CodeIgniter\BaseModel->insert([...], true)
 7 APPPATH\Controllers\TechnicianController.php(170): CodeIgniter\Model->insert([...])
 8 SYSTEMPATH\CodeIgniter.php(933): App\Controllers\TechnicianController->updateStatus()
 9 SYSTEMPATH\CodeIgniter.php(507): CodeIgniter\CodeIgniter->runController(Object(App\Controllers\TechnicianController))
10 SYSTEMPATH\CodeIgniter.php(354): CodeIgniter\CodeIgniter->handleRequest(null, Object(Config\Cache), false)
11 SYSTEMPATH\Boot.php(334): CodeIgniter\CodeIgniter->run()
12 SYSTEMPATH\Boot.php(67): CodeIgniter\Boot::runCodeIgniter(Object(CodeIgniter\CodeIgniter))
13 FCPATH\index.php(56): CodeIgniter\Boot::bootWeb(Object(Config\Paths))
14 SYSTEMPATH\rewrite.php(44): require_once('D:\\xampp\\htdocs\\ci4\\public\\index.php')
CRITICAL - 2025-04-17 07:22:21 --> [Caused by] mysqli_sql_exception: Unknown column 'updated_at' in 'field list'
in SYSTEMPATH\Database\MySQLi\Connection.php on line 327.
 1 SYSTEMPATH\Database\MySQLi\Connection.php(327): mysqli->query('INSERT INTO `subscribers` (`application_id`, `first_name`, `last_name`, `contact_number1`, `contact_number2`, `email`, `address`, `city`, `plan`, `account_number`, `created_at`, `status`, `updated_at`) VALUES (\'19\', \'Jhamella\', \'Dulay\', \'09657879980\', \'09302052099\', \'jhamelladulay@gmail.com\', \'192, Sumapang Bata\', \'City of Malolos\', \'130 Mbps\', NULL, \'2025-04-17 07:22:21\', \'Disconnected\', \'2025-04-17 07:22:21\')', 0)
 2 SYSTEMPATH\Database\BaseConnection.php(738): CodeIgniter\Database\MySQLi\Connection->execute('INSERT INTO `subscribers` (`application_id`, `first_name`, `last_name`, `contact_number1`, `contact_number2`, `email`, `address`, `city`, `plan`, `account_number`, `created_at`, `status`, `updated_at`) VALUES (\'19\', \'Jhamella\', \'Dulay\', \'09657879980\', \'09302052099\', \'jhamelladulay@gmail.com\', \'192, Sumapang Bata\', \'City of Malolos\', \'130 Mbps\', NULL, \'2025-04-17 07:22:21\', \'Disconnected\', \'2025-04-17 07:22:21\')')
 3 SYSTEMPATH\Database\BaseConnection.php(652): CodeIgniter\Database\BaseConnection->simpleQuery('INSERT INTO `subscribers` (`application_id`, `first_name`, `last_name`, `contact_number1`, `contact_number2`, `email`, `address`, `city`, `plan`, `account_number`, `created_at`, `status`, `updated_at`) VALUES (\'19\', \'Jhamella\', \'Dulay\', \'09657879980\', \'09302052099\', \'jhamelladulay@gmail.com\', \'192, Sumapang Bata\', \'City of Malolos\', \'130 Mbps\', NULL, \'2025-04-17 07:22:21\', \'Disconnected\', \'2025-04-17 07:22:21\')')
 4 SYSTEMPATH\Database\BaseBuilder.php(2345): CodeIgniter\Database\BaseConnection->query('INSERT INTO `subscribers` (`application_id`, `first_name`, `last_name`, `contact_number1`, `contact_number2`, `email`, `address`, `city`, `plan`, `account_number`, `created_at`, `status`, `updated_at`) VALUES (:application_id:, :first_name:, :last_name:, :contact_number1:, :contact_number2:, :email:, :address:, :city:, :plan:, :account_number:, :created_at:, :status:, :updated_at:)', [...], false)
 5 SYSTEMPATH\Model.php(394): CodeIgniter\Database\BaseBuilder->insert()
 6 SYSTEMPATH\BaseModel.php(839): CodeIgniter\Model->doInsert([...])
 7 SYSTEMPATH\Model.php(800): CodeIgniter\BaseModel->insert([...], true)
 8 APPPATH\Controllers\TechnicianController.php(170): CodeIgniter\Model->insert([...])
 9 SYSTEMPATH\CodeIgniter.php(933): App\Controllers\TechnicianController->updateStatus()
10 SYSTEMPATH\CodeIgniter.php(507): CodeIgniter\CodeIgniter->runController(Object(App\Controllers\TechnicianController))
11 SYSTEMPATH\CodeIgniter.php(354): CodeIgniter\CodeIgniter->handleRequest(null, Object(Config\Cache), false)
12 SYSTEMPATH\Boot.php(334): CodeIgniter\CodeIgniter->run()
13 SYSTEMPATH\Boot.php(67): CodeIgniter\Boot::runCodeIgniter(Object(CodeIgniter\CodeIgniter))
14 FCPATH\index.php(56): CodeIgniter\Boot::bootWeb(Object(Config\Paths))
15 SYSTEMPATH\rewrite.php(44): require_once('D:\\xampp\\htdocs\\ci4\\public\\index.php')
CRITICAL - 2025-04-17 07:23:34 --> ErrorException: Undefined variable $insertResult
[Method: POST, Route: technician/updateStatus]
in APPPATH\Controllers\TechnicianController.php on line 172.
 1 APPPATH\Controllers\TechnicianController.php(172): CodeIgniter\Debug\Exceptions->errorHandler(2, 'Undefined variable $insertResult', 'D:\\xampp\\htdocs\\ci4\\app\\Controllers\\TechnicianController.php', 172)
 2 SYSTEMPATH\CodeIgniter.php(933): App\Controllers\TechnicianController->updateStatus()
 3 SYSTEMPATH\CodeIgniter.php(507): CodeIgniter\CodeIgniter->runController(Object(App\Controllers\TechnicianController))
 4 SYSTEMPATH\CodeIgniter.php(354): CodeIgniter\CodeIgniter->handleRequest(null, Object(Config\Cache), false)
 5 SYSTEMPATH\Boot.php(334): CodeIgniter\CodeIgniter->run()
 6 SYSTEMPATH\Boot.php(67): CodeIgniter\Boot::runCodeIgniter(Object(CodeIgniter\CodeIgniter))
 7 FCPATH\index.php(56): CodeIgniter\Boot::bootWeb(Object(Config\Paths))
 8 SYSTEMPATH\rewrite.php(44): require_once('D:\\xampp\\htdocs\\ci4\\public\\index.php')
CRITICAL - 2025-04-17 07:23:37 --> ErrorException: Undefined variable $insertResult
[Method: POST, Route: technician/updateStatus]
in APPPATH\Controllers\TechnicianController.php on line 172.
 1 APPPATH\Controllers\TechnicianController.php(172): CodeIgniter\Debug\Exceptions->errorHandler(2, 'Undefined variable $insertResult', 'D:\\xampp\\htdocs\\ci4\\app\\Controllers\\TechnicianController.php', 172)
 2 SYSTEMPATH\CodeIgniter.php(933): App\Controllers\TechnicianController->updateStatus()
 3 SYSTEMPATH\CodeIgniter.php(507): CodeIgniter\CodeIgniter->runController(Object(App\Controllers\TechnicianController))
 4 SYSTEMPATH\CodeIgniter.php(354): CodeIgniter\CodeIgniter->handleRequest(null, Object(Config\Cache), false)
 5 SYSTEMPATH\Boot.php(334): CodeIgniter\CodeIgniter->run()
 6 SYSTEMPATH\Boot.php(67): CodeIgniter\Boot::runCodeIgniter(Object(CodeIgniter\CodeIgniter))
 7 FCPATH\index.php(56): CodeIgniter\Boot::bootWeb(Object(Config\Paths))
 8 SYSTEMPATH\rewrite.php(44): require_once('D:\\xampp\\htdocs\\ci4\\public\\index.php')
CRITICAL - 2025-04-17 07:25:33 --> ErrorException: Undefined variable $insertResult
[Method: POST, Route: technician/updateStatus]
in APPPATH\Controllers\TechnicianController.php on line 175.
 1 APPPATH\Controllers\TechnicianController.php(175): CodeIgniter\Debug\Exceptions->errorHandler(2, 'Undefined variable $insertResult', 'D:\\xampp\\htdocs\\ci4\\app\\Controllers\\TechnicianController.php', 175)
 2 SYSTEMPATH\CodeIgniter.php(933): App\Controllers\TechnicianController->updateStatus()
 3 SYSTEMPATH\CodeIgniter.php(507): CodeIgniter\CodeIgniter->runController(Object(App\Controllers\TechnicianController))
 4 SYSTEMPATH\CodeIgniter.php(354): CodeIgniter\CodeIgniter->handleRequest(null, Object(Config\Cache), false)
 5 SYSTEMPATH\Boot.php(334): CodeIgniter\CodeIgniter->run()
 6 SYSTEMPATH\Boot.php(67): CodeIgniter\Boot::runCodeIgniter(Object(CodeIgniter\CodeIgniter))
 7 FCPATH\index.php(56): CodeIgniter\Boot::bootWeb(Object(Config\Paths))
 8 SYSTEMPATH\rewrite.php(44): require_once('D:\\xampp\\htdocs\\ci4\\public\\index.php')
