ERROR - 2025-05-15 01:56:54 --> mysqli_sql_exception: Unknown column 'billing_day' in 'where clause' in D:\xampp\htdocs\ci4\system\Database\MySQLi\Connection.php:327
Stack trace:
#0 D:\xampp\htdocs\ci4\system\Database\MySQLi\Connection.php(327): mysqli->query('SELECT *\nFROM `...', 0)
#1 D:\xampp\htdocs\ci4\system\Database\BaseConnection.php(738): CodeIgniter\Database\MySQLi\Connection->execute('SELECT *\nFROM `...')
#2 D:\xampp\htdocs\ci4\system\Database\BaseConnection.php(652): CodeIgniter\Database\BaseConnection->simpleQuery('SELECT *\nFROM `...')
#3 D:\xampp\htdocs\ci4\system\Database\BaseBuilder.php(1649): CodeIgniter\Database\BaseConnection->query('SELECT *\nFROM `...', Array, false)
#4 D:\xampp\htdocs\ci4\app\Controllers\BillingController.php(23): CodeIgniter\Database\BaseBuilder->get()
#5 D:\xampp\htdocs\ci4\system\CodeIgniter.php(933): App\Controllers\BillingController->billings()
#6 D:\xampp\htdocs\ci4\system\CodeIgniter.php(507): CodeIgniter\CodeIgniter->runController(Object(App\Controllers\BillingController))
#7 D:\xampp\htdocs\ci4\system\CodeIgniter.php(354): CodeIgniter\CodeIgniter->handleRequest(NULL, Object(Config\Cache), false)
#8 D:\xampp\htdocs\ci4\system\Boot.php(334): CodeIgniter\CodeIgniter->run()
#9 D:\xampp\htdocs\ci4\system\Boot.php(67): CodeIgniter\Boot::runCodeIgniter(Object(CodeIgniter\CodeIgniter))
#10 D:\xampp\htdocs\ci4\public\index.php(56): CodeIgniter\Boot::bootWeb(Object(Config\Paths))
#11 D:\xampp\htdocs\ci4\system\rewrite.php(44): require_once('D:\\xampp\\htdocs...')
#12 {main}
CRITICAL - 2025-05-15 01:56:54 --> CodeIgniter\Database\Exceptions\DatabaseException: Unknown column 'billing_day' in 'where clause'
[Method: GET, Route: admin/billings]
in SYSTEMPATH\Database\BaseConnection.php on line 692.
 1 SYSTEMPATH\Database\BaseBuilder.php(1649): CodeIgniter\Database\BaseConnection->query('SELECT *
FROM `subscribers`
WHERE `city` = :city:
AND `billing_day` IS NULL', [...], false)
 2 APPPATH\Controllers\BillingController.php(23): CodeIgniter\Database\BaseBuilder->get()
 3 SYSTEMPATH\CodeIgniter.php(933): App\Controllers\BillingController->billings()
 4 SYSTEMPATH\CodeIgniter.php(507): CodeIgniter\CodeIgniter->runController(Object(App\Controllers\BillingController))
 5 SYSTEMPATH\CodeIgniter.php(354): CodeIgniter\CodeIgniter->handleRequest(null, Object(Config\Cache), false)
 6 SYSTEMPATH\Boot.php(334): CodeIgniter\CodeIgniter->run()
 7 SYSTEMPATH\Boot.php(67): CodeIgniter\Boot::runCodeIgniter(Object(CodeIgniter\CodeIgniter))
 8 FCPATH\index.php(56): CodeIgniter\Boot::bootWeb(Object(Config\Paths))
 9 SYSTEMPATH\rewrite.php(44): require_once('D:\\xampp\\htdocs\\ci4\\public\\index.php')
CRITICAL - 2025-05-15 01:56:54 --> [Caused by] CodeIgniter\Database\Exceptions\DatabaseException: Unknown column 'billing_day' in 'where clause'
in SYSTEMPATH\Database\MySQLi\Connection.php on line 332.
 1 SYSTEMPATH\Database\BaseConnection.php(738): CodeIgniter\Database\MySQLi\Connection->execute('SELECT *
FROM `subscribers`
WHERE `city` = \'City of Malolos\'
AND `billing_day` IS NULL')
 2 SYSTEMPATH\Database\BaseConnection.php(652): CodeIgniter\Database\BaseConnection->simpleQuery('SELECT *
FROM `subscribers`
WHERE `city` = \'City of Malolos\'
AND `billing_day` IS NULL')
 3 SYSTEMPATH\Database\BaseBuilder.php(1649): CodeIgniter\Database\BaseConnection->query('SELECT *
FROM `subscribers`
WHERE `city` = :city:
AND `billing_day` IS NULL', [...], false)
 4 APPPATH\Controllers\BillingController.php(23): CodeIgniter\Database\BaseBuilder->get()
 5 SYSTEMPATH\CodeIgniter.php(933): App\Controllers\BillingController->billings()
 6 SYSTEMPATH\CodeIgniter.php(507): CodeIgniter\CodeIgniter->runController(Object(App\Controllers\BillingController))
 7 SYSTEMPATH\CodeIgniter.php(354): CodeIgniter\CodeIgniter->handleRequest(null, Object(Config\Cache), false)
 8 SYSTEMPATH\Boot.php(334): CodeIgniter\CodeIgniter->run()
 9 SYSTEMPATH\Boot.php(67): CodeIgniter\Boot::runCodeIgniter(Object(CodeIgniter\CodeIgniter))
10 FCPATH\index.php(56): CodeIgniter\Boot::bootWeb(Object(Config\Paths))
11 SYSTEMPATH\rewrite.php(44): require_once('D:\\xampp\\htdocs\\ci4\\public\\index.php')
CRITICAL - 2025-05-15 01:56:54 --> [Caused by] mysqli_sql_exception: Unknown column 'billing_day' in 'where clause'
in SYSTEMPATH\Database\MySQLi\Connection.php on line 327.
 1 SYSTEMPATH\Database\MySQLi\Connection.php(327): mysqli->query('SELECT *
FROM `subscribers`
WHERE `city` = \'City of Malolos\'
AND `billing_day` IS NULL', 0)
 2 SYSTEMPATH\Database\BaseConnection.php(738): CodeIgniter\Database\MySQLi\Connection->execute('SELECT *
FROM `subscribers`
WHERE `city` = \'City of Malolos\'
AND `billing_day` IS NULL')
 3 SYSTEMPATH\Database\BaseConnection.php(652): CodeIgniter\Database\BaseConnection->simpleQuery('SELECT *
FROM `subscribers`
WHERE `city` = \'City of Malolos\'
AND `billing_day` IS NULL')
 4 SYSTEMPATH\Database\BaseBuilder.php(1649): CodeIgniter\Database\BaseConnection->query('SELECT *
FROM `subscribers`
WHERE `city` = :city:
AND `billing_day` IS NULL', [...], false)
 5 APPPATH\Controllers\BillingController.php(23): CodeIgniter\Database\BaseBuilder->get()
 6 SYSTEMPATH\CodeIgniter.php(933): App\Controllers\BillingController->billings()
 7 SYSTEMPATH\CodeIgniter.php(507): CodeIgniter\CodeIgniter->runController(Object(App\Controllers\BillingController))
 8 SYSTEMPATH\CodeIgniter.php(354): CodeIgniter\CodeIgniter->handleRequest(null, Object(Config\Cache), false)
 9 SYSTEMPATH\Boot.php(334): CodeIgniter\CodeIgniter->run()
10 SYSTEMPATH\Boot.php(67): CodeIgniter\Boot::runCodeIgniter(Object(CodeIgniter\CodeIgniter))
11 FCPATH\index.php(56): CodeIgniter\Boot::bootWeb(Object(Config\Paths))
12 SYSTEMPATH\rewrite.php(44): require_once('D:\\xampp\\htdocs\\ci4\\public\\index.php')
ERROR - 2025-05-15 01:58:45 --> mysqli_sql_exception: Unknown column 'billing_day' in 'where clause' in D:\xampp\htdocs\ci4\system\Database\MySQLi\Connection.php:327
Stack trace:
#0 D:\xampp\htdocs\ci4\system\Database\MySQLi\Connection.php(327): mysqli->query('SELECT *\nFROM `...', 0)
#1 D:\xampp\htdocs\ci4\system\Database\BaseConnection.php(738): CodeIgniter\Database\MySQLi\Connection->execute('SELECT *\nFROM `...')
#2 D:\xampp\htdocs\ci4\system\Database\BaseConnection.php(652): CodeIgniter\Database\BaseConnection->simpleQuery('SELECT *\nFROM `...')
#3 D:\xampp\htdocs\ci4\system\Database\BaseBuilder.php(1649): CodeIgniter\Database\BaseConnection->query('SELECT *\nFROM `...', Array, false)
#4 D:\xampp\htdocs\ci4\app\Controllers\AdminController.php(863): CodeIgniter\Database\BaseBuilder->get()
#5 D:\xampp\htdocs\ci4\system\CodeIgniter.php(933): App\Controllers\AdminController->billings()
#6 D:\xampp\htdocs\ci4\system\CodeIgniter.php(507): CodeIgniter\CodeIgniter->runController(Object(App\Controllers\AdminController))
#7 D:\xampp\htdocs\ci4\system\CodeIgniter.php(354): CodeIgniter\CodeIgniter->handleRequest(NULL, Object(Config\Cache), false)
#8 D:\xampp\htdocs\ci4\system\Boot.php(334): CodeIgniter\CodeIgniter->run()
#9 D:\xampp\htdocs\ci4\system\Boot.php(67): CodeIgniter\Boot::runCodeIgniter(Object(CodeIgniter\CodeIgniter))
#10 D:\xampp\htdocs\ci4\public\index.php(56): CodeIgniter\Boot::bootWeb(Object(Config\Paths))
#11 D:\xampp\htdocs\ci4\system\rewrite.php(44): require_once('D:\\xampp\\htdocs...')
#12 {main}
CRITICAL - 2025-05-15 01:58:45 --> CodeIgniter\Database\Exceptions\DatabaseException: Unknown column 'billing_day' in 'where clause'
[Method: GET, Route: admin/billings]
in SYSTEMPATH\Database\BaseConnection.php on line 692.
 1 SYSTEMPATH\Database\BaseBuilder.php(1649): CodeIgniter\Database\BaseConnection->query('SELECT *
FROM `subscribers`
WHERE `city` = :city:
AND `billing_day` IS NULL', [...], false)
 2 APPPATH\Controllers\AdminController.php(863): CodeIgniter\Database\BaseBuilder->get()
 3 SYSTEMPATH\CodeIgniter.php(933): App\Controllers\AdminController->billings()
 4 SYSTEMPATH\CodeIgniter.php(507): CodeIgniter\CodeIgniter->runController(Object(App\Controllers\AdminController))
 5 SYSTEMPATH\CodeIgniter.php(354): CodeIgniter\CodeIgniter->handleRequest(null, Object(Config\Cache), false)
 6 SYSTEMPATH\Boot.php(334): CodeIgniter\CodeIgniter->run()
 7 SYSTEMPATH\Boot.php(67): CodeIgniter\Boot::runCodeIgniter(Object(CodeIgniter\CodeIgniter))
 8 FCPATH\index.php(56): CodeIgniter\Boot::bootWeb(Object(Config\Paths))
 9 SYSTEMPATH\rewrite.php(44): require_once('D:\\xampp\\htdocs\\ci4\\public\\index.php')
CRITICAL - 2025-05-15 01:58:45 --> [Caused by] CodeIgniter\Database\Exceptions\DatabaseException: Unknown column 'billing_day' in 'where clause'
in SYSTEMPATH\Database\MySQLi\Connection.php on line 332.
 1 SYSTEMPATH\Database\BaseConnection.php(738): CodeIgniter\Database\MySQLi\Connection->execute('SELECT *
FROM `subscribers`
WHERE `city` = \'City of Malolos\'
AND `billing_day` IS NULL')
 2 SYSTEMPATH\Database\BaseConnection.php(652): CodeIgniter\Database\BaseConnection->simpleQuery('SELECT *
FROM `subscribers`
WHERE `city` = \'City of Malolos\'
AND `billing_day` IS NULL')
 3 SYSTEMPATH\Database\BaseBuilder.php(1649): CodeIgniter\Database\BaseConnection->query('SELECT *
FROM `subscribers`
WHERE `city` = :city:
AND `billing_day` IS NULL', [...], false)
 4 APPPATH\Controllers\AdminController.php(863): CodeIgniter\Database\BaseBuilder->get()
 5 SYSTEMPATH\CodeIgniter.php(933): App\Controllers\AdminController->billings()
 6 SYSTEMPATH\CodeIgniter.php(507): CodeIgniter\CodeIgniter->runController(Object(App\Controllers\AdminController))
 7 SYSTEMPATH\CodeIgniter.php(354): CodeIgniter\CodeIgniter->handleRequest(null, Object(Config\Cache), false)
 8 SYSTEMPATH\Boot.php(334): CodeIgniter\CodeIgniter->run()
 9 SYSTEMPATH\Boot.php(67): CodeIgniter\Boot::runCodeIgniter(Object(CodeIgniter\CodeIgniter))
10 FCPATH\index.php(56): CodeIgniter\Boot::bootWeb(Object(Config\Paths))
11 SYSTEMPATH\rewrite.php(44): require_once('D:\\xampp\\htdocs\\ci4\\public\\index.php')
CRITICAL - 2025-05-15 01:58:45 --> [Caused by] mysqli_sql_exception: Unknown column 'billing_day' in 'where clause'
in SYSTEMPATH\Database\MySQLi\Connection.php on line 327.
 1 SYSTEMPATH\Database\MySQLi\Connection.php(327): mysqli->query('SELECT *
FROM `subscribers`
WHERE `city` = \'City of Malolos\'
AND `billing_day` IS NULL', 0)
 2 SYSTEMPATH\Database\BaseConnection.php(738): CodeIgniter\Database\MySQLi\Connection->execute('SELECT *
FROM `subscribers`
WHERE `city` = \'City of Malolos\'
AND `billing_day` IS NULL')
 3 SYSTEMPATH\Database\BaseConnection.php(652): CodeIgniter\Database\BaseConnection->simpleQuery('SELECT *
FROM `subscribers`
WHERE `city` = \'City of Malolos\'
AND `billing_day` IS NULL')
 4 SYSTEMPATH\Database\BaseBuilder.php(1649): CodeIgniter\Database\BaseConnection->query('SELECT *
FROM `subscribers`
WHERE `city` = :city:
AND `billing_day` IS NULL', [...], false)
 5 APPPATH\Controllers\AdminController.php(863): CodeIgniter\Database\BaseBuilder->get()
 6 SYSTEMPATH\CodeIgniter.php(933): App\Controllers\AdminController->billings()
 7 SYSTEMPATH\CodeIgniter.php(507): CodeIgniter\CodeIgniter->runController(Object(App\Controllers\AdminController))
 8 SYSTEMPATH\CodeIgniter.php(354): CodeIgniter\CodeIgniter->handleRequest(null, Object(Config\Cache), false)
 9 SYSTEMPATH\Boot.php(334): CodeIgniter\CodeIgniter->run()
10 SYSTEMPATH\Boot.php(67): CodeIgniter\Boot::runCodeIgniter(Object(CodeIgniter\CodeIgniter))
11 FCPATH\index.php(56): CodeIgniter\Boot::bootWeb(Object(Config\Paths))
12 SYSTEMPATH\rewrite.php(44): require_once('D:\\xampp\\htdocs\\ci4\\public\\index.php')
ERROR - 2025-05-15 02:13:38 --> mysqli_sql_exception: Unknown column 'billing_day' in 'where clause' in D:\xampp\htdocs\ci4\system\Database\MySQLi\Connection.php:327
Stack trace:
#0 D:\xampp\htdocs\ci4\system\Database\MySQLi\Connection.php(327): mysqli->query('SELECT *\nFROM `...', 0)
#1 D:\xampp\htdocs\ci4\system\Database\BaseConnection.php(738): CodeIgniter\Database\MySQLi\Connection->execute('SELECT *\nFROM `...')
#2 D:\xampp\htdocs\ci4\system\Database\BaseConnection.php(652): CodeIgniter\Database\BaseConnection->simpleQuery('SELECT *\nFROM `...')
#3 D:\xampp\htdocs\ci4\system\Database\BaseBuilder.php(1649): CodeIgniter\Database\BaseConnection->query('SELECT *\nFROM `...', Array, false)
#4 D:\xampp\htdocs\ci4\app\Controllers\AdminController.php(863): CodeIgniter\Database\BaseBuilder->get()
#5 D:\xampp\htdocs\ci4\system\CodeIgniter.php(933): App\Controllers\AdminController->billings()
#6 D:\xampp\htdocs\ci4\system\CodeIgniter.php(507): CodeIgniter\CodeIgniter->runController(Object(App\Controllers\AdminController))
#7 D:\xampp\htdocs\ci4\system\CodeIgniter.php(354): CodeIgniter\CodeIgniter->handleRequest(NULL, Object(Config\Cache), false)
#8 D:\xampp\htdocs\ci4\system\Boot.php(334): CodeIgniter\CodeIgniter->run()
#9 D:\xampp\htdocs\ci4\system\Boot.php(67): CodeIgniter\Boot::runCodeIgniter(Object(CodeIgniter\CodeIgniter))
#10 D:\xampp\htdocs\ci4\public\index.php(56): CodeIgniter\Boot::bootWeb(Object(Config\Paths))
#11 D:\xampp\htdocs\ci4\system\rewrite.php(44): require_once('D:\\xampp\\htdocs...')
#12 {main}
CRITICAL - 2025-05-15 02:13:38 --> CodeIgniter\Database\Exceptions\DatabaseException: Unknown column 'billing_day' in 'where clause'
[Method: GET, Route: admin/billings]
in SYSTEMPATH\Database\BaseConnection.php on line 692.
 1 SYSTEMPATH\Database\BaseBuilder.php(1649): CodeIgniter\Database\BaseConnection->query('SELECT *
FROM `subscribers`
WHERE `city` = :city:
AND `billing_day` IS NULL', [...], false)
 2 APPPATH\Controllers\AdminController.php(863): CodeIgniter\Database\BaseBuilder->get()
 3 SYSTEMPATH\CodeIgniter.php(933): App\Controllers\AdminController->billings()
 4 SYSTEMPATH\CodeIgniter.php(507): CodeIgniter\CodeIgniter->runController(Object(App\Controllers\AdminController))
 5 SYSTEMPATH\CodeIgniter.php(354): CodeIgniter\CodeIgniter->handleRequest(null, Object(Config\Cache), false)
 6 SYSTEMPATH\Boot.php(334): CodeIgniter\CodeIgniter->run()
 7 SYSTEMPATH\Boot.php(67): CodeIgniter\Boot::runCodeIgniter(Object(CodeIgniter\CodeIgniter))
 8 FCPATH\index.php(56): CodeIgniter\Boot::bootWeb(Object(Config\Paths))
 9 SYSTEMPATH\rewrite.php(44): require_once('D:\\xampp\\htdocs\\ci4\\public\\index.php')
CRITICAL - 2025-05-15 02:13:38 --> [Caused by] CodeIgniter\Database\Exceptions\DatabaseException: Unknown column 'billing_day' in 'where clause'
in SYSTEMPATH\Database\MySQLi\Connection.php on line 332.
 1 SYSTEMPATH\Database\BaseConnection.php(738): CodeIgniter\Database\MySQLi\Connection->execute('SELECT *
FROM `subscribers`
WHERE `city` = \'City of Malolos\'
AND `billing_day` IS NULL')
 2 SYSTEMPATH\Database\BaseConnection.php(652): CodeIgniter\Database\BaseConnection->simpleQuery('SELECT *
FROM `subscribers`
WHERE `city` = \'City of Malolos\'
AND `billing_day` IS NULL')
 3 SYSTEMPATH\Database\BaseBuilder.php(1649): CodeIgniter\Database\BaseConnection->query('SELECT *
FROM `subscribers`
WHERE `city` = :city:
AND `billing_day` IS NULL', [...], false)
 4 APPPATH\Controllers\AdminController.php(863): CodeIgniter\Database\BaseBuilder->get()
 5 SYSTEMPATH\CodeIgniter.php(933): App\Controllers\AdminController->billings()
 6 SYSTEMPATH\CodeIgniter.php(507): CodeIgniter\CodeIgniter->runController(Object(App\Controllers\AdminController))
 7 SYSTEMPATH\CodeIgniter.php(354): CodeIgniter\CodeIgniter->handleRequest(null, Object(Config\Cache), false)
 8 SYSTEMPATH\Boot.php(334): CodeIgniter\CodeIgniter->run()
 9 SYSTEMPATH\Boot.php(67): CodeIgniter\Boot::runCodeIgniter(Object(CodeIgniter\CodeIgniter))
10 FCPATH\index.php(56): CodeIgniter\Boot::bootWeb(Object(Config\Paths))
11 SYSTEMPATH\rewrite.php(44): require_once('D:\\xampp\\htdocs\\ci4\\public\\index.php')
CRITICAL - 2025-05-15 02:13:38 --> [Caused by] mysqli_sql_exception: Unknown column 'billing_day' in 'where clause'
in SYSTEMPATH\Database\MySQLi\Connection.php on line 327.
 1 SYSTEMPATH\Database\MySQLi\Connection.php(327): mysqli->query('SELECT *
FROM `subscribers`
WHERE `city` = \'City of Malolos\'
AND `billing_day` IS NULL', 0)
 2 SYSTEMPATH\Database\BaseConnection.php(738): CodeIgniter\Database\MySQLi\Connection->execute('SELECT *
FROM `subscribers`
WHERE `city` = \'City of Malolos\'
AND `billing_day` IS NULL')
 3 SYSTEMPATH\Database\BaseConnection.php(652): CodeIgniter\Database\BaseConnection->simpleQuery('SELECT *
FROM `subscribers`
WHERE `city` = \'City of Malolos\'
AND `billing_day` IS NULL')
 4 SYSTEMPATH\Database\BaseBuilder.php(1649): CodeIgniter\Database\BaseConnection->query('SELECT *
FROM `subscribers`
WHERE `city` = :city:
AND `billing_day` IS NULL', [...], false)
 5 APPPATH\Controllers\AdminController.php(863): CodeIgniter\Database\BaseBuilder->get()
 6 SYSTEMPATH\CodeIgniter.php(933): App\Controllers\AdminController->billings()
 7 SYSTEMPATH\CodeIgniter.php(507): CodeIgniter\CodeIgniter->runController(Object(App\Controllers\AdminController))
 8 SYSTEMPATH\CodeIgniter.php(354): CodeIgniter\CodeIgniter->handleRequest(null, Object(Config\Cache), false)
 9 SYSTEMPATH\Boot.php(334): CodeIgniter\CodeIgniter->run()
10 SYSTEMPATH\Boot.php(67): CodeIgniter\Boot::runCodeIgniter(Object(CodeIgniter\CodeIgniter))
11 FCPATH\index.php(56): CodeIgniter\Boot::bootWeb(Object(Config\Paths))
12 SYSTEMPATH\rewrite.php(44): require_once('D:\\xampp\\htdocs\\ci4\\public\\index.php')
ERROR - 2025-05-15 02:13:55 --> mysqli_sql_exception: Unknown column 'billing_day' in 'where clause' in D:\xampp\htdocs\ci4\system\Database\MySQLi\Connection.php:327
Stack trace:
#0 D:\xampp\htdocs\ci4\system\Database\MySQLi\Connection.php(327): mysqli->query('SELECT *\nFROM `...', 0)
#1 D:\xampp\htdocs\ci4\system\Database\BaseConnection.php(738): CodeIgniter\Database\MySQLi\Connection->execute('SELECT *\nFROM `...')
#2 D:\xampp\htdocs\ci4\system\Database\BaseConnection.php(652): CodeIgniter\Database\BaseConnection->simpleQuery('SELECT *\nFROM `...')
#3 D:\xampp\htdocs\ci4\system\Database\BaseBuilder.php(1649): CodeIgniter\Database\BaseConnection->query('SELECT *\nFROM `...', Array, false)
#4 D:\xampp\htdocs\ci4\app\Controllers\AdminController.php(863): CodeIgniter\Database\BaseBuilder->get()
#5 D:\xampp\htdocs\ci4\system\CodeIgniter.php(933): App\Controllers\AdminController->billings()
#6 D:\xampp\htdocs\ci4\system\CodeIgniter.php(507): CodeIgniter\CodeIgniter->runController(Object(App\Controllers\AdminController))
#7 D:\xampp\htdocs\ci4\system\CodeIgniter.php(354): CodeIgniter\CodeIgniter->handleRequest(NULL, Object(Config\Cache), false)
#8 D:\xampp\htdocs\ci4\system\Boot.php(334): CodeIgniter\CodeIgniter->run()
#9 D:\xampp\htdocs\ci4\system\Boot.php(67): CodeIgniter\Boot::runCodeIgniter(Object(CodeIgniter\CodeIgniter))
#10 D:\xampp\htdocs\ci4\public\index.php(56): CodeIgniter\Boot::bootWeb(Object(Config\Paths))
#11 D:\xampp\htdocs\ci4\system\rewrite.php(44): require_once('D:\\xampp\\htdocs...')
#12 {main}
CRITICAL - 2025-05-15 02:13:55 --> CodeIgniter\Database\Exceptions\DatabaseException: Unknown column 'billing_day' in 'where clause'
[Method: GET, Route: admin/billings]
in SYSTEMPATH\Database\BaseConnection.php on line 692.
 1 SYSTEMPATH\Database\BaseBuilder.php(1649): CodeIgniter\Database\BaseConnection->query('SELECT *
FROM `subscribers`
WHERE `city` = :city:
AND `billing_day` IS NULL', [...], false)
 2 APPPATH\Controllers\AdminController.php(863): CodeIgniter\Database\BaseBuilder->get()
 3 SYSTEMPATH\CodeIgniter.php(933): App\Controllers\AdminController->billings()
 4 SYSTEMPATH\CodeIgniter.php(507): CodeIgniter\CodeIgniter->runController(Object(App\Controllers\AdminController))
 5 SYSTEMPATH\CodeIgniter.php(354): CodeIgniter\CodeIgniter->handleRequest(null, Object(Config\Cache), false)
 6 SYSTEMPATH\Boot.php(334): CodeIgniter\CodeIgniter->run()
 7 SYSTEMPATH\Boot.php(67): CodeIgniter\Boot::runCodeIgniter(Object(CodeIgniter\CodeIgniter))
 8 FCPATH\index.php(56): CodeIgniter\Boot::bootWeb(Object(Config\Paths))
 9 SYSTEMPATH\rewrite.php(44): require_once('D:\\xampp\\htdocs\\ci4\\public\\index.php')
CRITICAL - 2025-05-15 02:13:55 --> [Caused by] CodeIgniter\Database\Exceptions\DatabaseException: Unknown column 'billing_day' in 'where clause'
in SYSTEMPATH\Database\MySQLi\Connection.php on line 332.
 1 SYSTEMPATH\Database\BaseConnection.php(738): CodeIgniter\Database\MySQLi\Connection->execute('SELECT *
FROM `subscribers`
WHERE `city` = \'City of Malolos\'
AND `billing_day` IS NULL')
 2 SYSTEMPATH\Database\BaseConnection.php(652): CodeIgniter\Database\BaseConnection->simpleQuery('SELECT *
FROM `subscribers`
WHERE `city` = \'City of Malolos\'
AND `billing_day` IS NULL')
 3 SYSTEMPATH\Database\BaseBuilder.php(1649): CodeIgniter\Database\BaseConnection->query('SELECT *
FROM `subscribers`
WHERE `city` = :city:
AND `billing_day` IS NULL', [...], false)
 4 APPPATH\Controllers\AdminController.php(863): CodeIgniter\Database\BaseBuilder->get()
 5 SYSTEMPATH\CodeIgniter.php(933): App\Controllers\AdminController->billings()
 6 SYSTEMPATH\CodeIgniter.php(507): CodeIgniter\CodeIgniter->runController(Object(App\Controllers\AdminController))
 7 SYSTEMPATH\CodeIgniter.php(354): CodeIgniter\CodeIgniter->handleRequest(null, Object(Config\Cache), false)
 8 SYSTEMPATH\Boot.php(334): CodeIgniter\CodeIgniter->run()
 9 SYSTEMPATH\Boot.php(67): CodeIgniter\Boot::runCodeIgniter(Object(CodeIgniter\CodeIgniter))
10 FCPATH\index.php(56): CodeIgniter\Boot::bootWeb(Object(Config\Paths))
11 SYSTEMPATH\rewrite.php(44): require_once('D:\\xampp\\htdocs\\ci4\\public\\index.php')
CRITICAL - 2025-05-15 02:13:55 --> [Caused by] mysqli_sql_exception: Unknown column 'billing_day' in 'where clause'
in SYSTEMPATH\Database\MySQLi\Connection.php on line 327.
 1 SYSTEMPATH\Database\MySQLi\Connection.php(327): mysqli->query('SELECT *
FROM `subscribers`
WHERE `city` = \'City of Malolos\'
AND `billing_day` IS NULL', 0)
 2 SYSTEMPATH\Database\BaseConnection.php(738): CodeIgniter\Database\MySQLi\Connection->execute('SELECT *
FROM `subscribers`
WHERE `city` = \'City of Malolos\'
AND `billing_day` IS NULL')
 3 SYSTEMPATH\Database\BaseConnection.php(652): CodeIgniter\Database\BaseConnection->simpleQuery('SELECT *
FROM `subscribers`
WHERE `city` = \'City of Malolos\'
AND `billing_day` IS NULL')
 4 SYSTEMPATH\Database\BaseBuilder.php(1649): CodeIgniter\Database\BaseConnection->query('SELECT *
FROM `subscribers`
WHERE `city` = :city:
AND `billing_day` IS NULL', [...], false)
 5 APPPATH\Controllers\AdminController.php(863): CodeIgniter\Database\BaseBuilder->get()
 6 SYSTEMPATH\CodeIgniter.php(933): App\Controllers\AdminController->billings()
 7 SYSTEMPATH\CodeIgniter.php(507): CodeIgniter\CodeIgniter->runController(Object(App\Controllers\AdminController))
 8 SYSTEMPATH\CodeIgniter.php(354): CodeIgniter\CodeIgniter->handleRequest(null, Object(Config\Cache), false)
 9 SYSTEMPATH\Boot.php(334): CodeIgniter\CodeIgniter->run()
10 SYSTEMPATH\Boot.php(67): CodeIgniter\Boot::runCodeIgniter(Object(CodeIgniter\CodeIgniter))
11 FCPATH\index.php(56): CodeIgniter\Boot::bootWeb(Object(Config\Paths))
12 SYSTEMPATH\rewrite.php(44): require_once('D:\\xampp\\htdocs\\ci4\\public\\index.php')
ERROR - 2025-05-15 02:26:24 --> mysqli_sql_exception: Unknown column 'billing_day' in 'field list' in D:\xampp\htdocs\ci4\system\Database\MySQLi\Connection.php:327
Stack trace:
#0 D:\xampp\htdocs\ci4\system\Database\MySQLi\Connection.php(327): mysqli->query('INSERT INTO `bi...', 0)
#1 D:\xampp\htdocs\ci4\system\Database\BaseConnection.php(738): CodeIgniter\Database\MySQLi\Connection->execute('INSERT INTO `bi...')
#2 D:\xampp\htdocs\ci4\system\Database\BaseConnection.php(652): CodeIgniter\Database\BaseConnection->simpleQuery('INSERT INTO `bi...')
#3 D:\xampp\htdocs\ci4\system\Database\BaseBuilder.php(2345): CodeIgniter\Database\BaseConnection->query('INSERT INTO `bi...', Array, false)
#4 D:\xampp\htdocs\ci4\system\Model.php(394): CodeIgniter\Database\BaseBuilder->insert()
#5 D:\xampp\htdocs\ci4\system\BaseModel.php(839): CodeIgniter\Model->doInsert(Array)
#6 D:\xampp\htdocs\ci4\system\Model.php(800): CodeIgniter\BaseModel->insert(Array, true)
#7 D:\xampp\htdocs\ci4\app\Controllers\AdminController.php(896): CodeIgniter\Model->insert(Array)
#8 D:\xampp\htdocs\ci4\system\CodeIgniter.php(933): App\Controllers\AdminController->saveBillingDate()
#9 D:\xampp\htdocs\ci4\system\CodeIgniter.php(507): CodeIgniter\CodeIgniter->runController(Object(App\Controllers\AdminController))
#10 D:\xampp\htdocs\ci4\system\CodeIgniter.php(354): CodeIgniter\CodeIgniter->handleRequest(NULL, Object(Config\Cache), false)
#11 D:\xampp\htdocs\ci4\system\Boot.php(334): CodeIgniter\CodeIgniter->run()
#12 D:\xampp\htdocs\ci4\system\Boot.php(67): CodeIgniter\Boot::runCodeIgniter(Object(CodeIgniter\CodeIgniter))
#13 D:\xampp\htdocs\ci4\public\index.php(56): CodeIgniter\Boot::bootWeb(Object(Config\Paths))
#14 D:\xampp\htdocs\ci4\system\rewrite.php(44): require_once('D:\\xampp\\htdocs...')
#15 {main}
ERROR - 2025-05-15 02:26:24 --> Billing Error: Unknown column 'billing_day' in 'field list'
ERROR - 2025-05-15 02:26:56 --> mysqli_sql_exception: Unknown column 'billing_day' in 'field list' in D:\xampp\htdocs\ci4\system\Database\MySQLi\Connection.php:327
Stack trace:
#0 D:\xampp\htdocs\ci4\system\Database\MySQLi\Connection.php(327): mysqli->query('INSERT INTO `bi...', 0)
#1 D:\xampp\htdocs\ci4\system\Database\BaseConnection.php(738): CodeIgniter\Database\MySQLi\Connection->execute('INSERT INTO `bi...')
#2 D:\xampp\htdocs\ci4\system\Database\BaseConnection.php(652): CodeIgniter\Database\BaseConnection->simpleQuery('INSERT INTO `bi...')
#3 D:\xampp\htdocs\ci4\system\Database\BaseBuilder.php(2345): CodeIgniter\Database\BaseConnection->query('INSERT INTO `bi...', Array, false)
#4 D:\xampp\htdocs\ci4\system\Model.php(394): CodeIgniter\Database\BaseBuilder->insert()
#5 D:\xampp\htdocs\ci4\system\BaseModel.php(839): CodeIgniter\Model->doInsert(Array)
#6 D:\xampp\htdocs\ci4\system\Model.php(800): CodeIgniter\BaseModel->insert(Array, true)
#7 D:\xampp\htdocs\ci4\app\Controllers\AdminController.php(896): CodeIgniter\Model->insert(Array)
#8 D:\xampp\htdocs\ci4\system\CodeIgniter.php(933): App\Controllers\AdminController->saveBillingDate()
#9 D:\xampp\htdocs\ci4\system\CodeIgniter.php(507): CodeIgniter\CodeIgniter->runController(Object(App\Controllers\AdminController))
#10 D:\xampp\htdocs\ci4\system\CodeIgniter.php(354): CodeIgniter\CodeIgniter->handleRequest(NULL, Object(Config\Cache), false)
#11 D:\xampp\htdocs\ci4\system\Boot.php(334): CodeIgniter\CodeIgniter->run()
#12 D:\xampp\htdocs\ci4\system\Boot.php(67): CodeIgniter\Boot::runCodeIgniter(Object(CodeIgniter\CodeIgniter))
#13 D:\xampp\htdocs\ci4\public\index.php(56): CodeIgniter\Boot::bootWeb(Object(Config\Paths))
#14 D:\xampp\htdocs\ci4\system\rewrite.php(44): require_once('D:\\xampp\\htdocs...')
#15 {main}
ERROR - 2025-05-15 02:26:56 --> Billing Error: Unknown column 'billing_day' in 'field list'
ERROR - 2025-05-15 02:27:36 --> mysqli_sql_exception: Unknown column 'billing_day' in 'field list' in D:\xampp\htdocs\ci4\system\Database\MySQLi\Connection.php:327
Stack trace:
#0 D:\xampp\htdocs\ci4\system\Database\MySQLi\Connection.php(327): mysqli->query('INSERT INTO `bi...', 0)
#1 D:\xampp\htdocs\ci4\system\Database\BaseConnection.php(738): CodeIgniter\Database\MySQLi\Connection->execute('INSERT INTO `bi...')
#2 D:\xampp\htdocs\ci4\system\Database\BaseConnection.php(652): CodeIgniter\Database\BaseConnection->simpleQuery('INSERT INTO `bi...')
#3 D:\xampp\htdocs\ci4\system\Database\BaseBuilder.php(2345): CodeIgniter\Database\BaseConnection->query('INSERT INTO `bi...', Array, false)
#4 D:\xampp\htdocs\ci4\system\Model.php(394): CodeIgniter\Database\BaseBuilder->insert()
#5 D:\xampp\htdocs\ci4\system\BaseModel.php(839): CodeIgniter\Model->doInsert(Array)
#6 D:\xampp\htdocs\ci4\system\Model.php(800): CodeIgniter\BaseModel->insert(Array, true)
#7 D:\xampp\htdocs\ci4\app\Controllers\AdminController.php(896): CodeIgniter\Model->insert(Array)
#8 D:\xampp\htdocs\ci4\system\CodeIgniter.php(933): App\Controllers\AdminController->saveBillingDate()
#9 D:\xampp\htdocs\ci4\system\CodeIgniter.php(507): CodeIgniter\CodeIgniter->runController(Object(App\Controllers\AdminController))
#10 D:\xampp\htdocs\ci4\system\CodeIgniter.php(354): CodeIgniter\CodeIgniter->handleRequest(NULL, Object(Config\Cache), false)
#11 D:\xampp\htdocs\ci4\system\Boot.php(334): CodeIgniter\CodeIgniter->run()
#12 D:\xampp\htdocs\ci4\system\Boot.php(67): CodeIgniter\Boot::runCodeIgniter(Object(CodeIgniter\CodeIgniter))
#13 D:\xampp\htdocs\ci4\public\index.php(56): CodeIgniter\Boot::bootWeb(Object(Config\Paths))
#14 D:\xampp\htdocs\ci4\system\rewrite.php(44): require_once('D:\\xampp\\htdocs...')
#15 {main}
ERROR - 2025-05-15 02:27:36 --> Billing Error: Unknown column 'billing_day' in 'field list'
ERROR - 2025-05-15 02:29:39 --> mysqli_sql_exception: Unknown column 'updated_at' in 'field list' in D:\xampp\htdocs\ci4\system\Database\MySQLi\Connection.php:327
Stack trace:
#0 D:\xampp\htdocs\ci4\system\Database\MySQLi\Connection.php(327): mysqli->query('INSERT INTO `bi...', 0)
#1 D:\xampp\htdocs\ci4\system\Database\BaseConnection.php(738): CodeIgniter\Database\MySQLi\Connection->execute('INSERT INTO `bi...')
#2 D:\xampp\htdocs\ci4\system\Database\BaseConnection.php(652): CodeIgniter\Database\BaseConnection->simpleQuery('INSERT INTO `bi...')
#3 D:\xampp\htdocs\ci4\system\Database\BaseBuilder.php(2345): CodeIgniter\Database\BaseConnection->query('INSERT INTO `bi...', Array, false)
#4 D:\xampp\htdocs\ci4\system\Model.php(394): CodeIgniter\Database\BaseBuilder->insert()
#5 D:\xampp\htdocs\ci4\system\BaseModel.php(839): CodeIgniter\Model->doInsert(Array)
#6 D:\xampp\htdocs\ci4\system\Model.php(800): CodeIgniter\BaseModel->insert(Array, true)
#7 D:\xampp\htdocs\ci4\app\Controllers\AdminController.php(896): CodeIgniter\Model->insert(Array)
#8 D:\xampp\htdocs\ci4\system\CodeIgniter.php(933): App\Controllers\AdminController->saveBillingDate()
#9 D:\xampp\htdocs\ci4\system\CodeIgniter.php(507): CodeIgniter\CodeIgniter->runController(Object(App\Controllers\AdminController))
#10 D:\xampp\htdocs\ci4\system\CodeIgniter.php(354): CodeIgniter\CodeIgniter->handleRequest(NULL, Object(Config\Cache), false)
#11 D:\xampp\htdocs\ci4\system\Boot.php(334): CodeIgniter\CodeIgniter->run()
#12 D:\xampp\htdocs\ci4\system\Boot.php(67): CodeIgniter\Boot::runCodeIgniter(Object(CodeIgniter\CodeIgniter))
#13 D:\xampp\htdocs\ci4\public\index.php(56): CodeIgniter\Boot::bootWeb(Object(Config\Paths))
#14 D:\xampp\htdocs\ci4\system\rewrite.php(44): require_once('D:\\xampp\\htdocs...')
#15 {main}
ERROR - 2025-05-15 02:29:39 --> Billing Error: Unknown column 'updated_at' in 'field list'
ERROR - 2025-05-15 02:30:13 --> mysqli_sql_exception: Unknown column 'updated_at' in 'field list' in D:\xampp\htdocs\ci4\system\Database\MySQLi\Connection.php:327
Stack trace:
#0 D:\xampp\htdocs\ci4\system\Database\MySQLi\Connection.php(327): mysqli->query('INSERT INTO `bi...', 0)
#1 D:\xampp\htdocs\ci4\system\Database\BaseConnection.php(738): CodeIgniter\Database\MySQLi\Connection->execute('INSERT INTO `bi...')
#2 D:\xampp\htdocs\ci4\system\Database\BaseConnection.php(652): CodeIgniter\Database\BaseConnection->simpleQuery('INSERT INTO `bi...')
#3 D:\xampp\htdocs\ci4\system\Database\BaseBuilder.php(2345): CodeIgniter\Database\BaseConnection->query('INSERT INTO `bi...', Array, false)
#4 D:\xampp\htdocs\ci4\system\Model.php(394): CodeIgniter\Database\BaseBuilder->insert()
#5 D:\xampp\htdocs\ci4\system\BaseModel.php(839): CodeIgniter\Model->doInsert(Array)
#6 D:\xampp\htdocs\ci4\system\Model.php(800): CodeIgniter\BaseModel->insert(Array, true)
#7 D:\xampp\htdocs\ci4\app\Controllers\AdminController.php(896): CodeIgniter\Model->insert(Array)
#8 D:\xampp\htdocs\ci4\system\CodeIgniter.php(933): App\Controllers\AdminController->saveBillingDate()
#9 D:\xampp\htdocs\ci4\system\CodeIgniter.php(507): CodeIgniter\CodeIgniter->runController(Object(App\Controllers\AdminController))
#10 D:\xampp\htdocs\ci4\system\CodeIgniter.php(354): CodeIgniter\CodeIgniter->handleRequest(NULL, Object(Config\Cache), false)
#11 D:\xampp\htdocs\ci4\system\Boot.php(334): CodeIgniter\CodeIgniter->run()
#12 D:\xampp\htdocs\ci4\system\Boot.php(67): CodeIgniter\Boot::runCodeIgniter(Object(CodeIgniter\CodeIgniter))
#13 D:\xampp\htdocs\ci4\public\index.php(56): CodeIgniter\Boot::bootWeb(Object(Config\Paths))
#14 D:\xampp\htdocs\ci4\system\rewrite.php(44): require_once('D:\\xampp\\htdocs...')
#15 {main}
ERROR - 2025-05-15 02:30:13 --> Billing Error: Unknown column 'updated_at' in 'field list'
ERROR - 2025-05-15 02:30:46 --> mysqli_sql_exception: Unknown column 'updated_at' in 'field list' in D:\xampp\htdocs\ci4\system\Database\MySQLi\Connection.php:327
Stack trace:
#0 D:\xampp\htdocs\ci4\system\Database\MySQLi\Connection.php(327): mysqli->query('INSERT INTO `bi...', 0)
#1 D:\xampp\htdocs\ci4\system\Database\BaseConnection.php(738): CodeIgniter\Database\MySQLi\Connection->execute('INSERT INTO `bi...')
#2 D:\xampp\htdocs\ci4\system\Database\BaseConnection.php(652): CodeIgniter\Database\BaseConnection->simpleQuery('INSERT INTO `bi...')
#3 D:\xampp\htdocs\ci4\system\Database\BaseBuilder.php(2345): CodeIgniter\Database\BaseConnection->query('INSERT INTO `bi...', Array, false)
#4 D:\xampp\htdocs\ci4\system\Model.php(394): CodeIgniter\Database\BaseBuilder->insert()
#5 D:\xampp\htdocs\ci4\system\BaseModel.php(839): CodeIgniter\Model->doInsert(Array)
#6 D:\xampp\htdocs\ci4\system\Model.php(800): CodeIgniter\BaseModel->insert(Array, true)
#7 D:\xampp\htdocs\ci4\app\Controllers\AdminController.php(896): CodeIgniter\Model->insert(Array)
#8 D:\xampp\htdocs\ci4\system\CodeIgniter.php(933): App\Controllers\AdminController->saveBillingDate()
#9 D:\xampp\htdocs\ci4\system\CodeIgniter.php(507): CodeIgniter\CodeIgniter->runController(Object(App\Controllers\AdminController))
#10 D:\xampp\htdocs\ci4\system\CodeIgniter.php(354): CodeIgniter\CodeIgniter->handleRequest(NULL, Object(Config\Cache), false)
#11 D:\xampp\htdocs\ci4\system\Boot.php(334): CodeIgniter\CodeIgniter->run()
#12 D:\xampp\htdocs\ci4\system\Boot.php(67): CodeIgniter\Boot::runCodeIgniter(Object(CodeIgniter\CodeIgniter))
#13 D:\xampp\htdocs\ci4\public\index.php(56): CodeIgniter\Boot::bootWeb(Object(Config\Paths))
#14 D:\xampp\htdocs\ci4\system\rewrite.php(44): require_once('D:\\xampp\\htdocs...')
#15 {main}
ERROR - 2025-05-15 02:30:46 --> Billing Error: Unknown column 'updated_at' in 'field list'
