CRITICAL - 2025-04-06 01:46:21 --> ErrorException: Undefined variable $assignedInstallCount
[Method: GET, Route: admin/dashboard]
in APPPATH\Views\admin\dashboard.php on line 57.
 1 APPPATH\Views\admin\dashboard.php(57): CodeIgniter\Debug\Exceptions->errorHandler(2, 'Undefined variable $assignedInstallCount', 'D:\\xampp\\htdocs\\ci4\\app\\Views\\admin\\dashboard.php', 57)
 2 SYSTEMPATH\View\View.php(224): include('D:\\xampp\\htdocs\\ci4\\app\\Views\\admin\\dashboard.php')
 3 SYSTEMPATH\View\View.php(227): CodeIgniter\View\View->CodeIgniter\View\{closure}()
 4 SYSTEMPATH\Common.php(1173): CodeIgniter\View\View->render('admin/dashboard', [], true)
 5 APPPATH\Controllers\AdminController.php(113): view('admin/dashboard', [...])
 6 SYSTEMPATH\CodeIgniter.php(933): App\Controllers\AdminController->dashboard()
 7 SYSTEMPATH\CodeIgniter.php(507): CodeIgniter\CodeIgniter->runController(Object(App\Controllers\AdminController))
 8 SYSTEMPATH\CodeIgniter.php(354): CodeIgniter\CodeIgniter->handleRequest(null, Object(Config\Cache), false)
 9 SYSTEMPATH\Boot.php(334): CodeIgniter\CodeIgniter->run()
10 SYSTEMPATH\Boot.php(67): CodeIgniter\Boot::runCodeIgniter(Object(CodeIgniter\CodeIgniter))
11 FCPATH\index.php(56): CodeIgniter\Boot::bootWeb(Object(Config\Paths))
12 SYSTEMPATH\rewrite.php(44): require_once('D:\\xampp\\htdocs\\ci4\\public\\index.php')
CRITICAL - 2025-04-06 01:46:34 --> ErrorException: Undefined variable $assignedInstallCount
[Method: GET, Route: technician/dashboard]
in APPPATH\Views\technician\dashboard.php on line 57.
 1 APPPATH\Views\technician\dashboard.php(57): CodeIgniter\Debug\Exceptions->errorHandler(2, 'Undefined variable $assignedInstallCount', 'D:\\xampp\\htdocs\\ci4\\app\\Views\\technician\\dashboard.php', 57)
 2 SYSTEMPATH\View\View.php(224): include('D:\\xampp\\htdocs\\ci4\\app\\Views\\technician\\dashboard.php')
 3 SYSTEMPATH\View\View.php(227): CodeIgniter\View\View->CodeIgniter\View\{closure}()
 4 SYSTEMPATH\Common.php(1173): CodeIgniter\View\View->render('technician/dashboard', [], true)
 5 APPPATH\Controllers\TechnicianController.php(65): view('technician/dashboard', [...])
 6 SYSTEMPATH\CodeIgniter.php(933): App\Controllers\TechnicianController->dashboard()
 7 SYSTEMPATH\CodeIgniter.php(507): CodeIgniter\CodeIgniter->runController(Object(App\Controllers\TechnicianController))
 8 SYSTEMPATH\CodeIgniter.php(354): CodeIgniter\CodeIgniter->handleRequest(null, Object(Config\Cache), false)
 9 SYSTEMPATH\Boot.php(334): CodeIgniter\CodeIgniter->run()
10 SYSTEMPATH\Boot.php(67): CodeIgniter\Boot::runCodeIgniter(Object(CodeIgniter\CodeIgniter))
11 FCPATH\index.php(56): CodeIgniter\Boot::bootWeb(Object(Config\Paths))
12 SYSTEMPATH\rewrite.php(44): require_once('D:\\xampp\\htdocs\\ci4\\public\\index.php')
CRITICAL - 2025-04-06 01:46:40 --> ErrorException: Undefined variable $assignedInstallCount
[Method: GET, Route: technician/dashboard]
in APPPATH\Views\technician\dashboard.php on line 57.
 1 APPPATH\Views\technician\dashboard.php(57): CodeIgniter\Debug\Exceptions->errorHandler(2, 'Undefined variable $assignedInstallCount', 'D:\\xampp\\htdocs\\ci4\\app\\Views\\technician\\dashboard.php', 57)
 2 SYSTEMPATH\View\View.php(224): include('D:\\xampp\\htdocs\\ci4\\app\\Views\\technician\\dashboard.php')
 3 SYSTEMPATH\View\View.php(227): CodeIgniter\View\View->CodeIgniter\View\{closure}()
 4 SYSTEMPATH\Common.php(1173): CodeIgniter\View\View->render('technician/dashboard', [], true)
 5 APPPATH\Controllers\TechnicianController.php(65): view('technician/dashboard', [...])
 6 SYSTEMPATH\CodeIgniter.php(933): App\Controllers\TechnicianController->dashboard()
 7 SYSTEMPATH\CodeIgniter.php(507): CodeIgniter\CodeIgniter->runController(Object(App\Controllers\TechnicianController))
 8 SYSTEMPATH\CodeIgniter.php(354): CodeIgniter\CodeIgniter->handleRequest(null, Object(Config\Cache), false)
 9 SYSTEMPATH\Boot.php(334): CodeIgniter\CodeIgniter->run()
10 SYSTEMPATH\Boot.php(67): CodeIgniter\Boot::runCodeIgniter(Object(CodeIgniter\CodeIgniter))
11 FCPATH\index.php(56): CodeIgniter\Boot::bootWeb(Object(Config\Paths))
12 SYSTEMPATH\rewrite.php(44): require_once('D:\\xampp\\htdocs\\ci4\\public\\index.php')
CRITICAL - 2025-04-06 01:47:07 --> ErrorException: Undefined variable $assignedInstallCount
[Method: GET, Route: technician/dashboard]
in APPPATH\Views\technician\dashboard.php on line 52.
 1 APPPATH\Views\technician\dashboard.php(52): CodeIgniter\Debug\Exceptions->errorHandler(2, 'Undefined variable $assignedInstallCount', 'D:\\xampp\\htdocs\\ci4\\app\\Views\\technician\\dashboard.php', 52)
 2 SYSTEMPATH\View\View.php(224): include('D:\\xampp\\htdocs\\ci4\\app\\Views\\technician\\dashboard.php')
 3 SYSTEMPATH\View\View.php(227): CodeIgniter\View\View->CodeIgniter\View\{closure}()
 4 SYSTEMPATH\Common.php(1173): CodeIgniter\View\View->render('technician/dashboard', [], true)
 5 APPPATH\Controllers\TechnicianController.php(65): view('technician/dashboard', [...])
 6 SYSTEMPATH\CodeIgniter.php(933): App\Controllers\TechnicianController->dashboard()
 7 SYSTEMPATH\CodeIgniter.php(507): CodeIgniter\CodeIgniter->runController(Object(App\Controllers\TechnicianController))
 8 SYSTEMPATH\CodeIgniter.php(354): CodeIgniter\CodeIgniter->handleRequest(null, Object(Config\Cache), false)
 9 SYSTEMPATH\Boot.php(334): CodeIgniter\CodeIgniter->run()
10 SYSTEMPATH\Boot.php(67): CodeIgniter\Boot::runCodeIgniter(Object(CodeIgniter\CodeIgniter))
11 FCPATH\index.php(56): CodeIgniter\Boot::bootWeb(Object(Config\Paths))
12 SYSTEMPATH\rewrite.php(44): require_once('D:\\xampp\\htdocs\\ci4\\public\\index.php')
CRITICAL - 2025-04-06 01:47:55 --> ErrorException: Undefined variable $assignedInstallCount
[Method: GET, Route: technician/dashboard]
in APPPATH\Views\technician\dashboard.php on line 57.
 1 APPPATH\Views\technician\dashboard.php(57): CodeIgniter\Debug\Exceptions->errorHandler(2, 'Undefined variable $assignedInstallCount', 'D:\\xampp\\htdocs\\ci4\\app\\Views\\technician\\dashboard.php', 57)
 2 SYSTEMPATH\View\View.php(224): include('D:\\xampp\\htdocs\\ci4\\app\\Views\\technician\\dashboard.php')
 3 SYSTEMPATH\View\View.php(227): CodeIgniter\View\View->CodeIgniter\View\{closure}()
 4 SYSTEMPATH\Common.php(1173): CodeIgniter\View\View->render('technician/dashboard', [], true)
 5 APPPATH\Controllers\TechnicianController.php(65): view('technician/dashboard', [...])
 6 SYSTEMPATH\CodeIgniter.php(933): App\Controllers\TechnicianController->dashboard()
 7 SYSTEMPATH\CodeIgniter.php(507): CodeIgniter\CodeIgniter->runController(Object(App\Controllers\TechnicianController))
 8 SYSTEMPATH\CodeIgniter.php(354): CodeIgniter\CodeIgniter->handleRequest(null, Object(Config\Cache), false)
 9 SYSTEMPATH\Boot.php(334): CodeIgniter\CodeIgniter->run()
10 SYSTEMPATH\Boot.php(67): CodeIgniter\Boot::runCodeIgniter(Object(CodeIgniter\CodeIgniter))
11 FCPATH\index.php(56): CodeIgniter\Boot::bootWeb(Object(Config\Paths))
12 SYSTEMPATH\rewrite.php(44): require_once('D:\\xampp\\htdocs\\ci4\\public\\index.php')
