CRITICAL - 2025-05-26 13:12:17 --> CodeIgniter\View\Exceptions\ViewException: Invalid file: "admin/finance/billing_statement.php"
[Method: POST, Route: admin/mark-paid]
in SYSTEMPATH\Exceptions\FrameworkException.php on line 39.
 1 SYSTEMPATH\View\View.php(212): CodeIgniter\Exceptions\FrameworkException::forInvalidFile('admin/finance/billing_statement.php')
 2 SYSTEMPATH\Common.php(1173): CodeIgniter\View\View->render('admin/finance/billing_statement', [], true)
 3 APPPATH\Libraries\InvoiceGenerator.php(62): view('admin/finance/billing_statement', [...])
 4 APPPATH\Controllers\AdminController.php(1463): App\Libraries\InvoiceGenerator->generateAndSendInvoice('INV-20250526-9683', 'markemdieasunto@gmail.com')
 5 SYSTEMPATH\CodeIgniter.php(933): App\Controllers\AdminController->markPaid()
 6 SYSTEMPATH\CodeIgniter.php(507): CodeIgniter\CodeIgniter->runController(Object(App\Controllers\AdminController))
 7 SYSTEMPATH\CodeIgniter.php(354): CodeIgniter\CodeIgniter->handleRequest(null, Object(Config\Cache), false)
 8 SYSTEMPATH\Boot.php(334): CodeIgniter\CodeIgniter->run()
 9 SYSTEMPATH\Boot.php(67): CodeIgniter\Boot::runCodeIgniter(Object(CodeIgniter\CodeIgniter))
10 FCPATH\index.php(56): CodeIgniter\Boot::bootWeb(Object(Config\Paths))
11 SYSTEMPATH\rewrite.php(44): require_once('D:\\xampp\\htdocs\\ISP Management - ALLSTAR TECH\\public\\index.php')
CRITICAL - 2025-05-26 13:16:49 --> CodeIgniter\View\Exceptions\ViewException: Invalid file: "admin/finance/billing_statement.php"
[Method: POST, Route: admin/mark-paid]
in SYSTEMPATH\Exceptions\FrameworkException.php on line 39.
 1 SYSTEMPATH\View\View.php(212): CodeIgniter\Exceptions\FrameworkException::forInvalidFile('admin/finance/billing_statement.php')
 2 SYSTEMPATH\Common.php(1173): CodeIgniter\View\View->render('admin/finance/billing_statement', [], true)
 3 APPPATH\Libraries\InvoiceGenerator.php(62): view('admin/finance/billing_statement', [...])
 4 APPPATH\Controllers\AdminController.php(1462): App\Libraries\InvoiceGenerator->generateAndSendInvoice('INV-20250526-7363', 'markemdieasunto@gmail.com')
 5 SYSTEMPATH\CodeIgniter.php(933): App\Controllers\AdminController->markPaid()
 6 SYSTEMPATH\CodeIgniter.php(507): CodeIgniter\CodeIgniter->runController(Object(App\Controllers\AdminController))
 7 SYSTEMPATH\CodeIgniter.php(354): CodeIgniter\CodeIgniter->handleRequest(null, Object(Config\Cache), false)
 8 SYSTEMPATH\Boot.php(334): CodeIgniter\CodeIgniter->run()
 9 SYSTEMPATH\Boot.php(67): CodeIgniter\Boot::runCodeIgniter(Object(CodeIgniter\CodeIgniter))
10 FCPATH\index.php(56): CodeIgniter\Boot::bootWeb(Object(Config\Paths))
11 SYSTEMPATH\rewrite.php(44): require_once('D:\\xampp\\htdocs\\ISP Management - ALLSTAR TECH\\public\\index.php')
ERROR - 2025-05-26 13:22:07 --> Email: sendWithMail throwed ErrorException: mail(): Failed to connect to mailserver at &quot;localhost&quot; port 25, verify your &quot;SMTP&quot; and &quot;smtp_port&quot; setting in php.ini or use ini_set() in D:\xampp\htdocs\ISP Management - ALLSTAR TECH\system\Email\Email.php:1764
Stack trace:
#0 [internal function]: CodeIgniter\Debug\Exceptions->errorHandler(2, 'mail(): Failed ...', 'D:\\xampp\\htdocs...', 1764)
#1 D:\xampp\htdocs\ISP Management - ALLSTAR TECH\system\Email\Email.php(1764): mail('sijeyyy7even@gm...', '=?UTF-8?Q?Test=...', 'This is a test ...', 'Date: Mon, 26 M...', '-f allstartechi...')
#2 D:\xampp\htdocs\ISP Management - ALLSTAR TECH\system\Email\Email.php(1696): CodeIgniter\Email\Email->sendWithMail()
#3 D:\xampp\htdocs\ISP Management - ALLSTAR TECH\system\Email\Email.php(1591): CodeIgniter\Email\Email->spoolEmail()
#4 D:\xampp\htdocs\ISP Management - ALLSTAR TECH\app\Controllers\TestEmail.php(15): CodeIgniter\Email\Email->send()
#5 D:\xampp\htdocs\ISP Management - ALLSTAR TECH\system\CodeIgniter.php(933): App\Controllers\TestEmail->index()
#6 D:\xampp\htdocs\ISP Management - ALLSTAR TECH\system\CodeIgniter.php(507): CodeIgniter\CodeIgniter->runController(Object(App\Controllers\TestEmail))
#7 D:\xampp\htdocs\ISP Management - ALLSTAR TECH\system\CodeIgniter.php(354): CodeIgniter\CodeIgniter->handleRequest(NULL, Object(Config\Cache), false)
#8 D:\xampp\htdocs\ISP Management - ALLSTAR TECH\system\Boot.php(334): CodeIgniter\CodeIgniter->run()
#9 D:\xampp\htdocs\ISP Management - ALLSTAR TECH\system\Boot.php(67): CodeIgniter\Boot::runCodeIgniter(Object(CodeIgniter\CodeIgniter))
#10 D:\xampp\htdocs\ISP Management - ALLSTAR TECH\public\index.php(56): CodeIgniter\Boot::bootWeb(Object(Config\Paths))
#11 D:\xampp\htdocs\ISP Management - ALLSTAR TECH\system\rewrite.php(44): require_once('D:\\xampp\\htdocs...')
#12 {main}
ERROR - 2025-05-26 13:22:07 --> Email: Unable to send email using PHP mail(). Your server might not be configured to send mail using this method.
ERROR - 2025-05-26 13:22:07 --> 
ERROR - 2025-05-26 13:22:10 --> Email: sendWithMail throwed ErrorException: mail(): Failed to connect to mailserver at &quot;localhost&quot; port 25, verify your &quot;SMTP&quot; and &quot;smtp_port&quot; setting in php.ini or use ini_set() in D:\xampp\htdocs\ISP Management - ALLSTAR TECH\system\Email\Email.php:1764
Stack trace:
#0 [internal function]: CodeIgniter\Debug\Exceptions->errorHandler(2, 'mail(): Failed ...', 'D:\\xampp\\htdocs...', 1764)
#1 D:\xampp\htdocs\ISP Management - ALLSTAR TECH\system\Email\Email.php(1764): mail('sijeyyy7even@gm...', '=?UTF-8?Q?Test=...', 'This is a test ...', 'Date: Mon, 26 M...', '-f allstartechi...')
#2 D:\xampp\htdocs\ISP Management - ALLSTAR TECH\system\Email\Email.php(1696): CodeIgniter\Email\Email->sendWithMail()
#3 D:\xampp\htdocs\ISP Management - ALLSTAR TECH\system\Email\Email.php(1591): CodeIgniter\Email\Email->spoolEmail()
#4 D:\xampp\htdocs\ISP Management - ALLSTAR TECH\app\Controllers\TestEmail.php(15): CodeIgniter\Email\Email->send()
#5 D:\xampp\htdocs\ISP Management - ALLSTAR TECH\system\CodeIgniter.php(933): App\Controllers\TestEmail->index()
#6 D:\xampp\htdocs\ISP Management - ALLSTAR TECH\system\CodeIgniter.php(507): CodeIgniter\CodeIgniter->runController(Object(App\Controllers\TestEmail))
#7 D:\xampp\htdocs\ISP Management - ALLSTAR TECH\system\CodeIgniter.php(354): CodeIgniter\CodeIgniter->handleRequest(NULL, Object(Config\Cache), false)
#8 D:\xampp\htdocs\ISP Management - ALLSTAR TECH\system\Boot.php(334): CodeIgniter\CodeIgniter->run()
#9 D:\xampp\htdocs\ISP Management - ALLSTAR TECH\system\Boot.php(67): CodeIgniter\Boot::runCodeIgniter(Object(CodeIgniter\CodeIgniter))
#10 D:\xampp\htdocs\ISP Management - ALLSTAR TECH\public\index.php(56): CodeIgniter\Boot::bootWeb(Object(Config\Paths))
#11 D:\xampp\htdocs\ISP Management - ALLSTAR TECH\system\rewrite.php(44): require_once('D:\\xampp\\htdocs...')
#12 {main}
ERROR - 2025-05-26 13:22:10 --> Email: Unable to send email using PHP mail(). Your server might not be configured to send mail using this method.
ERROR - 2025-05-26 13:22:10 --> 
ERROR - 2025-05-26 13:22:47 --> Email: sendWithMail throwed ErrorException: mail(): Failed to connect to mailserver at &quot;localhost&quot; port 25, verify your &quot;SMTP&quot; and &quot;smtp_port&quot; setting in php.ini or use ini_set() in D:\xampp\htdocs\ISP Management - ALLSTAR TECH\system\Email\Email.php:1764
Stack trace:
#0 [internal function]: CodeIgniter\Debug\Exceptions->errorHandler(2, 'mail(): Failed ...', 'D:\\xampp\\htdocs...', 1764)
#1 D:\xampp\htdocs\ISP Management - ALLSTAR TECH\system\Email\Email.php(1764): mail('allstartechinte...', '=?UTF-8?Q?Test=...', 'This is a test ...', 'Date: Mon, 26 M...', '-f sijeyyy7even...')
#2 D:\xampp\htdocs\ISP Management - ALLSTAR TECH\system\Email\Email.php(1696): CodeIgniter\Email\Email->sendWithMail()
#3 D:\xampp\htdocs\ISP Management - ALLSTAR TECH\system\Email\Email.php(1591): CodeIgniter\Email\Email->spoolEmail()
#4 D:\xampp\htdocs\ISP Management - ALLSTAR TECH\app\Controllers\TestEmail.php(15): CodeIgniter\Email\Email->send()
#5 D:\xampp\htdocs\ISP Management - ALLSTAR TECH\system\CodeIgniter.php(933): App\Controllers\TestEmail->index()
#6 D:\xampp\htdocs\ISP Management - ALLSTAR TECH\system\CodeIgniter.php(507): CodeIgniter\CodeIgniter->runController(Object(App\Controllers\TestEmail))
#7 D:\xampp\htdocs\ISP Management - ALLSTAR TECH\system\CodeIgniter.php(354): CodeIgniter\CodeIgniter->handleRequest(NULL, Object(Config\Cache), false)
#8 D:\xampp\htdocs\ISP Management - ALLSTAR TECH\system\Boot.php(334): CodeIgniter\CodeIgniter->run()
#9 D:\xampp\htdocs\ISP Management - ALLSTAR TECH\system\Boot.php(67): CodeIgniter\Boot::runCodeIgniter(Object(CodeIgniter\CodeIgniter))
#10 D:\xampp\htdocs\ISP Management - ALLSTAR TECH\public\index.php(56): CodeIgniter\Boot::bootWeb(Object(Config\Paths))
#11 D:\xampp\htdocs\ISP Management - ALLSTAR TECH\system\rewrite.php(44): require_once('D:\\xampp\\htdocs...')
#12 {main}
ERROR - 2025-05-26 13:22:47 --> Email: Unable to send email using PHP mail(). Your server might not be configured to send mail using this method.
ERROR - 2025-05-26 13:22:47 --> 
ERROR - 2025-05-26 13:24:49 --> PHPMailer error: Could not access file: D:\xampp\htdocs\ISP Management - ALLSTAR TECH\writable\invoices/sample_invoice.pdf
ERROR - 2025-05-26 13:26:55 --> PHPMailer error: Could not access file: D:\xampp\htdocs\ISP Management - ALLSTAR TECH\writable\invoices/sample_invoice.pdf
ERROR - 2025-05-26 13:26:57 --> PHPMailer error: Could not access file: D:\xampp\htdocs\ISP Management - ALLSTAR TECH\writable\invoices/sample_invoice.pdf
CRITICAL - 2025-05-26 13:33:58 --> CodeIgniter\View\Exceptions\ViewException: Invalid file: "admin/finance/billing_statement.php"
[Method: POST, Route: admin/mark-paid]
in SYSTEMPATH\Exceptions\FrameworkException.php on line 39.
 1 SYSTEMPATH\View\View.php(212): CodeIgniter\Exceptions\FrameworkException::forInvalidFile('admin/finance/billing_statement.php')
 2 SYSTEMPATH\Common.php(1173): CodeIgniter\View\View->render('admin/finance/billing_statement', [], true)
 3 APPPATH\Helpers\invoice_helper.php(15): view('admin/finance/billing_statement', [...])
 4 APPPATH\Controllers\AdminController.php(1467): createInvoicePDF([...], [...], 'INV-20250526-5047', 'D:\\xampp\\htdocs\\ISP Management - ALLSTAR TECH\\writable\\invoices/INV-20250526-5047.pdf')
 5 SYSTEMPATH\CodeIgniter.php(933): App\Controllers\AdminController->markPaid()
 6 SYSTEMPATH\CodeIgniter.php(507): CodeIgniter\CodeIgniter->runController(Object(App\Controllers\AdminController))
 7 SYSTEMPATH\CodeIgniter.php(354): CodeIgniter\CodeIgniter->handleRequest(null, Object(Config\Cache), false)
 8 SYSTEMPATH\Boot.php(334): CodeIgniter\CodeIgniter->run()
 9 SYSTEMPATH\Boot.php(67): CodeIgniter\Boot::runCodeIgniter(Object(CodeIgniter\CodeIgniter))
10 FCPATH\index.php(56): CodeIgniter\Boot::bootWeb(Object(Config\Paths))
11 SYSTEMPATH\rewrite.php(44): require_once('D:\\xampp\\htdocs\\ISP Management - ALLSTAR TECH\\public\\index.php')
CRITICAL - 2025-05-26 13:36:06 --> ErrorException: Undefined array key "logo"
[Method: POST, Route: admin/mark-paid]
in APPPATH\Views\admin\billing_statement.php on line 113.
 1 APPPATH\Views\admin\billing_statement.php(113): CodeIgniter\Debug\Exceptions->errorHandler(2, 'Undefined array key "logo"', 'D:\\xampp\\htdocs\\ISP Management - ALLSTAR TECH\\app\\Views\\admin\\billing_statement.php', 113)
 2 SYSTEMPATH\View\View.php(224): include('D:\\xampp\\htdocs\\ISP Management - ALLSTAR TECH\\app\\Views\\admin\\billing_statement.php')
 3 SYSTEMPATH\View\View.php(227): CodeIgniter\View\View->CodeIgniter\View\{closure}()
 4 SYSTEMPATH\Common.php(1173): CodeIgniter\View\View->render('admin/billing_statement', [], true)
 5 APPPATH\Helpers\invoice_helper.php(15): view('admin/billing_statement', [...])
 6 APPPATH\Controllers\AdminController.php(1467): createInvoicePDF([...], [...], 'INV-20250526-1292', 'D:\\xampp\\htdocs\\ISP Management - ALLSTAR TECH\\writable\\invoices/INV-20250526-1292.pdf')
 7 SYSTEMPATH\CodeIgniter.php(933): App\Controllers\AdminController->markPaid()
 8 SYSTEMPATH\CodeIgniter.php(507): CodeIgniter\CodeIgniter->runController(Object(App\Controllers\AdminController))
 9 SYSTEMPATH\CodeIgniter.php(354): CodeIgniter\CodeIgniter->handleRequest(null, Object(Config\Cache), false)
10 SYSTEMPATH\Boot.php(334): CodeIgniter\CodeIgniter->run()
11 SYSTEMPATH\Boot.php(67): CodeIgniter\Boot::runCodeIgniter(Object(CodeIgniter\CodeIgniter))
12 FCPATH\index.php(56): CodeIgniter\Boot::bootWeb(Object(Config\Paths))
13 SYSTEMPATH\rewrite.php(44): require_once('D:\\xampp\\htdocs\\ISP Management - ALLSTAR TECH\\public\\index.php')
CRITICAL - 2025-05-26 13:40:03 --> ErrorException: Undefined array key "account_number"
[Method: POST, Route: admin/mark-paid]
in APPPATH\Views\admin\billing_statement.php on line 138.
 1 APPPATH\Views\admin\billing_statement.php(138): CodeIgniter\Debug\Exceptions->errorHandler(2, 'Undefined array key "account_number"', 'D:\\xampp\\htdocs\\ISP Management - ALLSTAR TECH\\app\\Views\\admin\\billing_statement.php', 138)
 2 SYSTEMPATH\View\View.php(224): include('D:\\xampp\\htdocs\\ISP Management - ALLSTAR TECH\\app\\Views\\admin\\billing_statement.php')
 3 SYSTEMPATH\View\View.php(227): CodeIgniter\View\View->CodeIgniter\View\{closure}()
 4 SYSTEMPATH\Common.php(1173): CodeIgniter\View\View->render('admin/billing_statement', [], true)
 5 APPPATH\Helpers\invoice_helper.php(15): view('admin/billing_statement', [...])
 6 APPPATH\Controllers\AdminController.php(1467): createInvoicePDF([...], [...], 'INV-20250526-1168', 'D:\\xampp\\htdocs\\ISP Management - ALLSTAR TECH\\writable\\invoices/INV-20250526-1168.pdf')
 7 SYSTEMPATH\CodeIgniter.php(933): App\Controllers\AdminController->markPaid()
 8 SYSTEMPATH\CodeIgniter.php(507): CodeIgniter\CodeIgniter->runController(Object(App\Controllers\AdminController))
 9 SYSTEMPATH\CodeIgniter.php(354): CodeIgniter\CodeIgniter->handleRequest(null, Object(Config\Cache), false)
10 SYSTEMPATH\Boot.php(334): CodeIgniter\CodeIgniter->run()
11 SYSTEMPATH\Boot.php(67): CodeIgniter\Boot::runCodeIgniter(Object(CodeIgniter\CodeIgniter))
12 FCPATH\index.php(56): CodeIgniter\Boot::bootWeb(Object(Config\Paths))
13 SYSTEMPATH\rewrite.php(44): require_once('D:\\xampp\\htdocs\\ISP Management - ALLSTAR TECH\\public\\index.php')
CRITICAL - 2025-05-26 16:34:59 --> ErrorException: Undefined array key "first_name"
[Method: GET, Route: technician/dashboard]
in APPPATH\Views\technician\dashboard.php on line 66.
 1 APPPATH\Views\technician\dashboard.php(66): CodeIgniter\Debug\Exceptions->errorHandler(2, 'Undefined array key "first_name"', 'D:\\xampp\\htdocs\\ISP Management - ALLSTAR TECH\\app\\Views\\technician\\dashboard.php', 66)
 2 SYSTEMPATH\View\View.php(224): include('D:\\xampp\\htdocs\\ISP Management - ALLSTAR TECH\\app\\Views\\technician\\dashboard.php')
 3 SYSTEMPATH\View\View.php(227): CodeIgniter\View\View->CodeIgniter\View\{closure}()
 4 SYSTEMPATH\Common.php(1173): CodeIgniter\View\View->render('technician/dashboard', [], true)
 5 APPPATH\Controllers\TechnicianController.php(108): view('technician/dashboard', [...])
 6 SYSTEMPATH\CodeIgniter.php(933): App\Controllers\TechnicianController->dashboard()
 7 SYSTEMPATH\CodeIgniter.php(507): CodeIgniter\CodeIgniter->runController(Object(App\Controllers\TechnicianController))
 8 SYSTEMPATH\CodeIgniter.php(354): CodeIgniter\CodeIgniter->handleRequest(null, Object(Config\Cache), false)
 9 SYSTEMPATH\Boot.php(334): CodeIgniter\CodeIgniter->run()
10 SYSTEMPATH\Boot.php(67): CodeIgniter\Boot::runCodeIgniter(Object(CodeIgniter\CodeIgniter))
11 FCPATH\index.php(56): CodeIgniter\Boot::bootWeb(Object(Config\Paths))
12 SYSTEMPATH\rewrite.php(44): require_once('D:\\xampp\\htdocs\\ISP Management - ALLSTAR TECH\\public\\index.php')
CRITICAL - 2025-05-26 16:35:06 --> ErrorException: Undefined array key "first_name"
[Method: GET, Route: technician/dashboard]
in APPPATH\Views\technician\dashboard.php on line 66.
 1 APPPATH\Views\technician\dashboard.php(66): CodeIgniter\Debug\Exceptions->errorHandler(2, 'Undefined array key "first_name"', 'D:\\xampp\\htdocs\\ISP Management - ALLSTAR TECH\\app\\Views\\technician\\dashboard.php', 66)
 2 SYSTEMPATH\View\View.php(224): include('D:\\xampp\\htdocs\\ISP Management - ALLSTAR TECH\\app\\Views\\technician\\dashboard.php')
 3 SYSTEMPATH\View\View.php(227): CodeIgniter\View\View->CodeIgniter\View\{closure}()
 4 SYSTEMPATH\Common.php(1173): CodeIgniter\View\View->render('technician/dashboard', [], true)
 5 APPPATH\Controllers\TechnicianController.php(108): view('technician/dashboard', [...])
 6 SYSTEMPATH\CodeIgniter.php(933): App\Controllers\TechnicianController->dashboard()
 7 SYSTEMPATH\CodeIgniter.php(507): CodeIgniter\CodeIgniter->runController(Object(App\Controllers\TechnicianController))
 8 SYSTEMPATH\CodeIgniter.php(354): CodeIgniter\CodeIgniter->handleRequest(null, Object(Config\Cache), false)
 9 SYSTEMPATH\Boot.php(334): CodeIgniter\CodeIgniter->run()
10 SYSTEMPATH\Boot.php(67): CodeIgniter\Boot::runCodeIgniter(Object(CodeIgniter\CodeIgniter))
11 FCPATH\index.php(56): CodeIgniter\Boot::bootWeb(Object(Config\Paths))
12 SYSTEMPATH\rewrite.php(44): require_once('D:\\xampp\\htdocs\\ISP Management - ALLSTAR TECH\\public\\index.php')
CRITICAL - 2025-05-26 16:37:17 --> ErrorException: Undefined array key "first_name"
[Method: GET, Route: technician/dashboard]
in APPPATH\Views\technician\dashboard.php on line 157.
 1 APPPATH\Views\technician\dashboard.php(157): CodeIgniter\Debug\Exceptions->errorHandler(2, 'Undefined array key "first_name"', 'D:\\xampp\\htdocs\\ISP Management - ALLSTAR TECH\\app\\Views\\technician\\dashboard.php', 157)
 2 SYSTEMPATH\View\View.php(224): include('D:\\xampp\\htdocs\\ISP Management - ALLSTAR TECH\\app\\Views\\technician\\dashboard.php')
 3 SYSTEMPATH\View\View.php(227): CodeIgniter\View\View->CodeIgniter\View\{closure}()
 4 SYSTEMPATH\Common.php(1173): CodeIgniter\View\View->render('technician/dashboard', [], true)
 5 APPPATH\Controllers\TechnicianController.php(108): view('technician/dashboard', [...])
 6 SYSTEMPATH\CodeIgniter.php(933): App\Controllers\TechnicianController->dashboard()
 7 SYSTEMPATH\CodeIgniter.php(507): CodeIgniter\CodeIgniter->runController(Object(App\Controllers\TechnicianController))
 8 SYSTEMPATH\CodeIgniter.php(354): CodeIgniter\CodeIgniter->handleRequest(null, Object(Config\Cache), false)
 9 SYSTEMPATH\Boot.php(334): CodeIgniter\CodeIgniter->run()
10 SYSTEMPATH\Boot.php(67): CodeIgniter\Boot::runCodeIgniter(Object(CodeIgniter\CodeIgniter))
11 FCPATH\index.php(56): CodeIgniter\Boot::bootWeb(Object(Config\Paths))
12 SYSTEMPATH\rewrite.php(44): require_once('D:\\xampp\\htdocs\\ISP Management - ALLSTAR TECH\\public\\index.php')
CRITICAL - 2025-05-26 16:38:04 --> ErrorException: Undefined array key "first_name"
[Method: GET, Route: technician/dashboard]
in APPPATH\Views\technician\dashboard.php on line 157.
 1 APPPATH\Views\technician\dashboard.php(157): CodeIgniter\Debug\Exceptions->errorHandler(2, 'Undefined array key "first_name"', 'D:\\xampp\\htdocs\\ISP Management - ALLSTAR TECH\\app\\Views\\technician\\dashboard.php', 157)
 2 SYSTEMPATH\View\View.php(224): include('D:\\xampp\\htdocs\\ISP Management - ALLSTAR TECH\\app\\Views\\technician\\dashboard.php')
 3 SYSTEMPATH\View\View.php(227): CodeIgniter\View\View->CodeIgniter\View\{closure}()
 4 SYSTEMPATH\Common.php(1173): CodeIgniter\View\View->render('technician/dashboard', [], true)
 5 APPPATH\Controllers\TechnicianController.php(108): view('technician/dashboard', [...])
 6 SYSTEMPATH\CodeIgniter.php(933): App\Controllers\TechnicianController->dashboard()
 7 SYSTEMPATH\CodeIgniter.php(507): CodeIgniter\CodeIgniter->runController(Object(App\Controllers\TechnicianController))
 8 SYSTEMPATH\CodeIgniter.php(354): CodeIgniter\CodeIgniter->handleRequest(null, Object(Config\Cache), false)
 9 SYSTEMPATH\Boot.php(334): CodeIgniter\CodeIgniter->run()
10 SYSTEMPATH\Boot.php(67): CodeIgniter\Boot::runCodeIgniter(Object(CodeIgniter\CodeIgniter))
11 FCPATH\index.php(56): CodeIgniter\Boot::bootWeb(Object(Config\Paths))
12 SYSTEMPATH\rewrite.php(44): require_once('D:\\xampp\\htdocs\\ISP Management - ALLSTAR TECH\\public\\index.php')
