ERROR - 2025-05-21 01:30:55 --> mysqli_sql_exception: Column 'power_nap' cannot be null in D:\xampp\htdocs\ci4\system\Database\MySQLi\Connection.php:327
Stack trace:
#0 D:\xampp\htdocs\ci4\system\Database\MySQLi\Connection.php(327): mysqli->query('INSERT INTO `re...', 0)
#1 D:\xampp\htdocs\ci4\system\Database\BaseConnection.php(738): CodeIgniter\Database\MySQLi\Connection->execute('INSERT INTO `re...')
#2 D:\xampp\htdocs\ci4\system\Database\BaseConnection.php(652): CodeIgniter\Database\BaseConnection->simpleQuery('INSERT INTO `re...')
#3 D:\xampp\htdocs\ci4\system\Database\BaseBuilder.php(2345): CodeIgniter\Database\BaseConnection->query('INSERT INTO `re...', Array, false)
#4 D:\xampp\htdocs\ci4\system\Model.php(394): CodeIgniter\Database\BaseBuilder->insert()
#5 D:\xampp\htdocs\ci4\system\BaseModel.php(839): CodeIgniter\Model->doInsert(Array)
#6 D:\xampp\htdocs\ci4\system\Model.php(800): CodeIgniter\BaseModel->insert(Array, true)
#7 D:\xampp\htdocs\ci4\app\Controllers\TechnicianController.php(425): CodeIgniter\Model->insert(Array)
#8 D:\xampp\htdocs\ci4\system\CodeIgniter.php(933): App\Controllers\TechnicianController->submitMaterialsReport()
#9 D:\xampp\htdocs\ci4\system\CodeIgniter.php(507): CodeIgniter\CodeIgniter->runController(Object(App\Controllers\TechnicianController))
#10 D:\xampp\htdocs\ci4\system\CodeIgniter.php(354): CodeIgniter\CodeIgniter->handleRequest(NULL, Object(Config\Cache), false)
#11 D:\xampp\htdocs\ci4\system\Boot.php(334): CodeIgniter\CodeIgniter->run()
#12 D:\xampp\htdocs\ci4\system\Boot.php(67): CodeIgniter\Boot::runCodeIgniter(Object(CodeIgniter\CodeIgniter))
#13 D:\xampp\htdocs\ci4\public\index.php(56): CodeIgniter\Boot::bootWeb(Object(Config\Paths))
#14 D:\xampp\htdocs\ci4\system\rewrite.php(44): require_once('D:\\xampp\\htdocs...')
#15 {main}
CRITICAL - 2025-05-21 01:30:55 --> CodeIgniter\Database\Exceptions\DatabaseException: Column 'power_nap' cannot be null
[Method: POST, Route: technician/submitMaterialsReport]
in SYSTEMPATH\Database\BaseConnection.php on line 692.
 1 SYSTEMPATH\Database\BaseBuilder.php(2345): CodeIgniter\Database\BaseConnection->query('INSERT INTO `repair_materials_reports` (`repair_id`, `modem_qty`, `foc_qty`, `fic_qty`, `materials_others`, `trouble`, `action_taken`, `power_nap`, `gui_pon`, `speedtest`, `power_ground`, `with_subscriber`, `tagging`, `serial_number`, `nap_picture`, `house_picture`, `created_at`, `updated_at`) VALUES (:repair_id:, :modem_qty:, :foc_qty:, :fic_qty:, :materials_others:, :trouble:, :action_taken:, :power_nap:, :gui_pon:, :speedtest:, :power_ground:, :with_subscriber:, :tagging:, :serial_number:, :nap_picture:, :house_picture:, :created_at:, :updated_at:)', [...], false)
 2 SYSTEMPATH\Model.php(394): CodeIgniter\Database\BaseBuilder->insert()
 3 SYSTEMPATH\BaseModel.php(839): CodeIgniter\Model->doInsert([...])
 4 SYSTEMPATH\Model.php(800): CodeIgniter\BaseModel->insert([...], true)
 5 APPPATH\Controllers\TechnicianController.php(425): CodeIgniter\Model->insert([...])
 6 SYSTEMPATH\CodeIgniter.php(933): App\Controllers\TechnicianController->submitMaterialsReport()
 7 SYSTEMPATH\CodeIgniter.php(507): CodeIgniter\CodeIgniter->runController(Object(App\Controllers\TechnicianController))
 8 SYSTEMPATH\CodeIgniter.php(354): CodeIgniter\CodeIgniter->handleRequest(null, Object(Config\Cache), false)
 9 SYSTEMPATH\Boot.php(334): CodeIgniter\CodeIgniter->run()
10 SYSTEMPATH\Boot.php(67): CodeIgniter\Boot::runCodeIgniter(Object(CodeIgniter\CodeIgniter))
11 FCPATH\index.php(56): CodeIgniter\Boot::bootWeb(Object(Config\Paths))
12 SYSTEMPATH\rewrite.php(44): require_once('D:\\xampp\\htdocs\\ci4\\public\\index.php')
CRITICAL - 2025-05-21 01:30:55 --> [Caused by] CodeIgniter\Database\Exceptions\DatabaseException: Column 'power_nap' cannot be null
in SYSTEMPATH\Database\MySQLi\Connection.php on line 332.
 1 SYSTEMPATH\Database\BaseConnection.php(738): CodeIgniter\Database\MySQLi\Connection->execute('INSERT INTO `repair_materials_reports` (`repair_id`, `modem_qty`, `foc_qty`, `fic_qty`, `materials_others`, `trouble`, `action_taken`, `power_nap`, `gui_pon`, `speedtest`, `power_ground`, `with_subscriber`, `tagging`, `serial_number`, `nap_picture`, `house_picture`, `created_at`, `updated_at`) VALUES (\'14\', \'1\', \'1\', \'1\', \'1\', \'1\', \'1\', NULL, NULL, NULL, NULL, NULL, \'1\', \'1\', \'uploads/repair_images/1747791055_04635a08e570c8f84b8b.png\', \'uploads/repair_images/1747791055_daf4ac5e74a321f7d9a4.png\', \'2025-05-21 01:30:55\', \'2025-05-21 01:30:55\')')
 2 SYSTEMPATH\Database\BaseConnection.php(652): CodeIgniter\Database\BaseConnection->simpleQuery('INSERT INTO `repair_materials_reports` (`repair_id`, `modem_qty`, `foc_qty`, `fic_qty`, `materials_others`, `trouble`, `action_taken`, `power_nap`, `gui_pon`, `speedtest`, `power_ground`, `with_subscriber`, `tagging`, `serial_number`, `nap_picture`, `house_picture`, `created_at`, `updated_at`) VALUES (\'14\', \'1\', \'1\', \'1\', \'1\', \'1\', \'1\', NULL, NULL, NULL, NULL, NULL, \'1\', \'1\', \'uploads/repair_images/1747791055_04635a08e570c8f84b8b.png\', \'uploads/repair_images/1747791055_daf4ac5e74a321f7d9a4.png\', \'2025-05-21 01:30:55\', \'2025-05-21 01:30:55\')')
 3 SYSTEMPATH\Database\BaseBuilder.php(2345): CodeIgniter\Database\BaseConnection->query('INSERT INTO `repair_materials_reports` (`repair_id`, `modem_qty`, `foc_qty`, `fic_qty`, `materials_others`, `trouble`, `action_taken`, `power_nap`, `gui_pon`, `speedtest`, `power_ground`, `with_subscriber`, `tagging`, `serial_number`, `nap_picture`, `house_picture`, `created_at`, `updated_at`) VALUES (:repair_id:, :modem_qty:, :foc_qty:, :fic_qty:, :materials_others:, :trouble:, :action_taken:, :power_nap:, :gui_pon:, :speedtest:, :power_ground:, :with_subscriber:, :tagging:, :serial_number:, :nap_picture:, :house_picture:, :created_at:, :updated_at:)', [...], false)
 4 SYSTEMPATH\Model.php(394): CodeIgniter\Database\BaseBuilder->insert()
 5 SYSTEMPATH\BaseModel.php(839): CodeIgniter\Model->doInsert([...])
 6 SYSTEMPATH\Model.php(800): CodeIgniter\BaseModel->insert([...], true)
 7 APPPATH\Controllers\TechnicianController.php(425): CodeIgniter\Model->insert([...])
 8 SYSTEMPATH\CodeIgniter.php(933): App\Controllers\TechnicianController->submitMaterialsReport()
 9 SYSTEMPATH\CodeIgniter.php(507): CodeIgniter\CodeIgniter->runController(Object(App\Controllers\TechnicianController))
10 SYSTEMPATH\CodeIgniter.php(354): CodeIgniter\CodeIgniter->handleRequest(null, Object(Config\Cache), false)
11 SYSTEMPATH\Boot.php(334): CodeIgniter\CodeIgniter->run()
12 SYSTEMPATH\Boot.php(67): CodeIgniter\Boot::runCodeIgniter(Object(CodeIgniter\CodeIgniter))
13 FCPATH\index.php(56): CodeIgniter\Boot::bootWeb(Object(Config\Paths))
14 SYSTEMPATH\rewrite.php(44): require_once('D:\\xampp\\htdocs\\ci4\\public\\index.php')
CRITICAL - 2025-05-21 01:30:55 --> [Caused by] mysqli_sql_exception: Column 'power_nap' cannot be null
in SYSTEMPATH\Database\MySQLi\Connection.php on line 327.
 1 SYSTEMPATH\Database\MySQLi\Connection.php(327): mysqli->query('INSERT INTO `repair_materials_reports` (`repair_id`, `modem_qty`, `foc_qty`, `fic_qty`, `materials_others`, `trouble`, `action_taken`, `power_nap`, `gui_pon`, `speedtest`, `power_ground`, `with_subscriber`, `tagging`, `serial_number`, `nap_picture`, `house_picture`, `created_at`, `updated_at`) VALUES (\'14\', \'1\', \'1\', \'1\', \'1\', \'1\', \'1\', NULL, NULL, NULL, NULL, NULL, \'1\', \'1\', \'uploads/repair_images/1747791055_04635a08e570c8f84b8b.png\', \'uploads/repair_images/1747791055_daf4ac5e74a321f7d9a4.png\', \'2025-05-21 01:30:55\', \'2025-05-21 01:30:55\')', 0)
 2 SYSTEMPATH\Database\BaseConnection.php(738): CodeIgniter\Database\MySQLi\Connection->execute('INSERT INTO `repair_materials_reports` (`repair_id`, `modem_qty`, `foc_qty`, `fic_qty`, `materials_others`, `trouble`, `action_taken`, `power_nap`, `gui_pon`, `speedtest`, `power_ground`, `with_subscriber`, `tagging`, `serial_number`, `nap_picture`, `house_picture`, `created_at`, `updated_at`) VALUES (\'14\', \'1\', \'1\', \'1\', \'1\', \'1\', \'1\', NULL, NULL, NULL, NULL, NULL, \'1\', \'1\', \'uploads/repair_images/1747791055_04635a08e570c8f84b8b.png\', \'uploads/repair_images/1747791055_daf4ac5e74a321f7d9a4.png\', \'2025-05-21 01:30:55\', \'2025-05-21 01:30:55\')')
 3 SYSTEMPATH\Database\BaseConnection.php(652): CodeIgniter\Database\BaseConnection->simpleQuery('INSERT INTO `repair_materials_reports` (`repair_id`, `modem_qty`, `foc_qty`, `fic_qty`, `materials_others`, `trouble`, `action_taken`, `power_nap`, `gui_pon`, `speedtest`, `power_ground`, `with_subscriber`, `tagging`, `serial_number`, `nap_picture`, `house_picture`, `created_at`, `updated_at`) VALUES (\'14\', \'1\', \'1\', \'1\', \'1\', \'1\', \'1\', NULL, NULL, NULL, NULL, NULL, \'1\', \'1\', \'uploads/repair_images/1747791055_04635a08e570c8f84b8b.png\', \'uploads/repair_images/1747791055_daf4ac5e74a321f7d9a4.png\', \'2025-05-21 01:30:55\', \'2025-05-21 01:30:55\')')
 4 SYSTEMPATH\Database\BaseBuilder.php(2345): CodeIgniter\Database\BaseConnection->query('INSERT INTO `repair_materials_reports` (`repair_id`, `modem_qty`, `foc_qty`, `fic_qty`, `materials_others`, `trouble`, `action_taken`, `power_nap`, `gui_pon`, `speedtest`, `power_ground`, `with_subscriber`, `tagging`, `serial_number`, `nap_picture`, `house_picture`, `created_at`, `updated_at`) VALUES (:repair_id:, :modem_qty:, :foc_qty:, :fic_qty:, :materials_others:, :trouble:, :action_taken:, :power_nap:, :gui_pon:, :speedtest:, :power_ground:, :with_subscriber:, :tagging:, :serial_number:, :nap_picture:, :house_picture:, :created_at:, :updated_at:)', [...], false)
 5 SYSTEMPATH\Model.php(394): CodeIgniter\Database\BaseBuilder->insert()
 6 SYSTEMPATH\BaseModel.php(839): CodeIgniter\Model->doInsert([...])
 7 SYSTEMPATH\Model.php(800): CodeIgniter\BaseModel->insert([...], true)
 8 APPPATH\Controllers\TechnicianController.php(425): CodeIgniter\Model->insert([...])
 9 SYSTEMPATH\CodeIgniter.php(933): App\Controllers\TechnicianController->submitMaterialsReport()
10 SYSTEMPATH\CodeIgniter.php(507): CodeIgniter\CodeIgniter->runController(Object(App\Controllers\TechnicianController))
11 SYSTEMPATH\CodeIgniter.php(354): CodeIgniter\CodeIgniter->handleRequest(null, Object(Config\Cache), false)
12 SYSTEMPATH\Boot.php(334): CodeIgniter\CodeIgniter->run()
13 SYSTEMPATH\Boot.php(67): CodeIgniter\Boot::runCodeIgniter(Object(CodeIgniter\CodeIgniter))
14 FCPATH\index.php(56): CodeIgniter\Boot::bootWeb(Object(Config\Paths))
15 SYSTEMPATH\rewrite.php(44): require_once('D:\\xampp\\htdocs\\ci4\\public\\index.php')
ERROR - 2025-05-21 01:33:22 --> mysqli_sql_exception: Column 'power_nap' cannot be null in D:\xampp\htdocs\ci4\system\Database\MySQLi\Connection.php:327
Stack trace:
#0 D:\xampp\htdocs\ci4\system\Database\MySQLi\Connection.php(327): mysqli->query('INSERT INTO `re...', 0)
#1 D:\xampp\htdocs\ci4\system\Database\BaseConnection.php(738): CodeIgniter\Database\MySQLi\Connection->execute('INSERT INTO `re...')
#2 D:\xampp\htdocs\ci4\system\Database\BaseConnection.php(652): CodeIgniter\Database\BaseConnection->simpleQuery('INSERT INTO `re...')
#3 D:\xampp\htdocs\ci4\system\Database\BaseBuilder.php(2345): CodeIgniter\Database\BaseConnection->query('INSERT INTO `re...', Array, false)
#4 D:\xampp\htdocs\ci4\system\Model.php(394): CodeIgniter\Database\BaseBuilder->insert()
#5 D:\xampp\htdocs\ci4\system\BaseModel.php(839): CodeIgniter\Model->doInsert(Array)
#6 D:\xampp\htdocs\ci4\system\Model.php(800): CodeIgniter\BaseModel->insert(Array, true)
#7 D:\xampp\htdocs\ci4\app\Controllers\TechnicianController.php(425): CodeIgniter\Model->insert(Array)
#8 D:\xampp\htdocs\ci4\system\CodeIgniter.php(933): App\Controllers\TechnicianController->submitMaterialsReport()
#9 D:\xampp\htdocs\ci4\system\CodeIgniter.php(507): CodeIgniter\CodeIgniter->runController(Object(App\Controllers\TechnicianController))
#10 D:\xampp\htdocs\ci4\system\CodeIgniter.php(354): CodeIgniter\CodeIgniter->handleRequest(NULL, Object(Config\Cache), false)
#11 D:\xampp\htdocs\ci4\system\Boot.php(334): CodeIgniter\CodeIgniter->run()
#12 D:\xampp\htdocs\ci4\system\Boot.php(67): CodeIgniter\Boot::runCodeIgniter(Object(CodeIgniter\CodeIgniter))
#13 D:\xampp\htdocs\ci4\public\index.php(56): CodeIgniter\Boot::bootWeb(Object(Config\Paths))
#14 D:\xampp\htdocs\ci4\system\rewrite.php(44): require_once('D:\\xampp\\htdocs...')
#15 {main}
CRITICAL - 2025-05-21 01:33:22 --> CodeIgniter\Database\Exceptions\DatabaseException: Column 'power_nap' cannot be null
[Method: POST, Route: technician/submitMaterialsReport]
in SYSTEMPATH\Database\BaseConnection.php on line 692.
 1 SYSTEMPATH\Database\BaseBuilder.php(2345): CodeIgniter\Database\BaseConnection->query('INSERT INTO `repair_materials_reports` (`repair_id`, `modem_qty`, `foc_qty`, `fic_qty`, `materials_others`, `trouble`, `action_taken`, `power_nap`, `gui_pon`, `speedtest`, `power_ground`, `with_subscriber`, `tagging`, `serial_number`, `nap_picture`, `house_picture`, `created_at`, `updated_at`) VALUES (:repair_id:, :modem_qty:, :foc_qty:, :fic_qty:, :materials_others:, :trouble:, :action_taken:, :power_nap:, :gui_pon:, :speedtest:, :power_ground:, :with_subscriber:, :tagging:, :serial_number:, :nap_picture:, :house_picture:, :created_at:, :updated_at:)', [...], false)
 2 SYSTEMPATH\Model.php(394): CodeIgniter\Database\BaseBuilder->insert()
 3 SYSTEMPATH\BaseModel.php(839): CodeIgniter\Model->doInsert([...])
 4 SYSTEMPATH\Model.php(800): CodeIgniter\BaseModel->insert([...], true)
 5 APPPATH\Controllers\TechnicianController.php(425): CodeIgniter\Model->insert([...])
 6 SYSTEMPATH\CodeIgniter.php(933): App\Controllers\TechnicianController->submitMaterialsReport()
 7 SYSTEMPATH\CodeIgniter.php(507): CodeIgniter\CodeIgniter->runController(Object(App\Controllers\TechnicianController))
 8 SYSTEMPATH\CodeIgniter.php(354): CodeIgniter\CodeIgniter->handleRequest(null, Object(Config\Cache), false)
 9 SYSTEMPATH\Boot.php(334): CodeIgniter\CodeIgniter->run()
10 SYSTEMPATH\Boot.php(67): CodeIgniter\Boot::runCodeIgniter(Object(CodeIgniter\CodeIgniter))
11 FCPATH\index.php(56): CodeIgniter\Boot::bootWeb(Object(Config\Paths))
12 SYSTEMPATH\rewrite.php(44): require_once('D:\\xampp\\htdocs\\ci4\\public\\index.php')
CRITICAL - 2025-05-21 01:33:22 --> [Caused by] CodeIgniter\Database\Exceptions\DatabaseException: Column 'power_nap' cannot be null
in SYSTEMPATH\Database\MySQLi\Connection.php on line 332.
 1 SYSTEMPATH\Database\BaseConnection.php(738): CodeIgniter\Database\MySQLi\Connection->execute('INSERT INTO `repair_materials_reports` (`repair_id`, `modem_qty`, `foc_qty`, `fic_qty`, `materials_others`, `trouble`, `action_taken`, `power_nap`, `gui_pon`, `speedtest`, `power_ground`, `with_subscriber`, `tagging`, `serial_number`, `nap_picture`, `house_picture`, `created_at`, `updated_at`) VALUES (\'14\', \'1\', \'1\', \'1\', \'1\', \'1\', \'1\', NULL, NULL, NULL, NULL, NULL, \'1\', \'1\', \'uploads/repair_images/1747791202_72bdd370632c131bc57d.png\', \'uploads/repair_images/1747791202_7220526b3931ea942db3.png\', \'2025-05-21 01:33:22\', \'2025-05-21 01:33:22\')')
 2 SYSTEMPATH\Database\BaseConnection.php(652): CodeIgniter\Database\BaseConnection->simpleQuery('INSERT INTO `repair_materials_reports` (`repair_id`, `modem_qty`, `foc_qty`, `fic_qty`, `materials_others`, `trouble`, `action_taken`, `power_nap`, `gui_pon`, `speedtest`, `power_ground`, `with_subscriber`, `tagging`, `serial_number`, `nap_picture`, `house_picture`, `created_at`, `updated_at`) VALUES (\'14\', \'1\', \'1\', \'1\', \'1\', \'1\', \'1\', NULL, NULL, NULL, NULL, NULL, \'1\', \'1\', \'uploads/repair_images/1747791202_72bdd370632c131bc57d.png\', \'uploads/repair_images/1747791202_7220526b3931ea942db3.png\', \'2025-05-21 01:33:22\', \'2025-05-21 01:33:22\')')
 3 SYSTEMPATH\Database\BaseBuilder.php(2345): CodeIgniter\Database\BaseConnection->query('INSERT INTO `repair_materials_reports` (`repair_id`, `modem_qty`, `foc_qty`, `fic_qty`, `materials_others`, `trouble`, `action_taken`, `power_nap`, `gui_pon`, `speedtest`, `power_ground`, `with_subscriber`, `tagging`, `serial_number`, `nap_picture`, `house_picture`, `created_at`, `updated_at`) VALUES (:repair_id:, :modem_qty:, :foc_qty:, :fic_qty:, :materials_others:, :trouble:, :action_taken:, :power_nap:, :gui_pon:, :speedtest:, :power_ground:, :with_subscriber:, :tagging:, :serial_number:, :nap_picture:, :house_picture:, :created_at:, :updated_at:)', [...], false)
 4 SYSTEMPATH\Model.php(394): CodeIgniter\Database\BaseBuilder->insert()
 5 SYSTEMPATH\BaseModel.php(839): CodeIgniter\Model->doInsert([...])
 6 SYSTEMPATH\Model.php(800): CodeIgniter\BaseModel->insert([...], true)
 7 APPPATH\Controllers\TechnicianController.php(425): CodeIgniter\Model->insert([...])
 8 SYSTEMPATH\CodeIgniter.php(933): App\Controllers\TechnicianController->submitMaterialsReport()
 9 SYSTEMPATH\CodeIgniter.php(507): CodeIgniter\CodeIgniter->runController(Object(App\Controllers\TechnicianController))
10 SYSTEMPATH\CodeIgniter.php(354): CodeIgniter\CodeIgniter->handleRequest(null, Object(Config\Cache), false)
11 SYSTEMPATH\Boot.php(334): CodeIgniter\CodeIgniter->run()
12 SYSTEMPATH\Boot.php(67): CodeIgniter\Boot::runCodeIgniter(Object(CodeIgniter\CodeIgniter))
13 FCPATH\index.php(56): CodeIgniter\Boot::bootWeb(Object(Config\Paths))
14 SYSTEMPATH\rewrite.php(44): require_once('D:\\xampp\\htdocs\\ci4\\public\\index.php')
CRITICAL - 2025-05-21 01:33:22 --> [Caused by] mysqli_sql_exception: Column 'power_nap' cannot be null
in SYSTEMPATH\Database\MySQLi\Connection.php on line 327.
 1 SYSTEMPATH\Database\MySQLi\Connection.php(327): mysqli->query('INSERT INTO `repair_materials_reports` (`repair_id`, `modem_qty`, `foc_qty`, `fic_qty`, `materials_others`, `trouble`, `action_taken`, `power_nap`, `gui_pon`, `speedtest`, `power_ground`, `with_subscriber`, `tagging`, `serial_number`, `nap_picture`, `house_picture`, `created_at`, `updated_at`) VALUES (\'14\', \'1\', \'1\', \'1\', \'1\', \'1\', \'1\', NULL, NULL, NULL, NULL, NULL, \'1\', \'1\', \'uploads/repair_images/1747791202_72bdd370632c131bc57d.png\', \'uploads/repair_images/1747791202_7220526b3931ea942db3.png\', \'2025-05-21 01:33:22\', \'2025-05-21 01:33:22\')', 0)
 2 SYSTEMPATH\Database\BaseConnection.php(738): CodeIgniter\Database\MySQLi\Connection->execute('INSERT INTO `repair_materials_reports` (`repair_id`, `modem_qty`, `foc_qty`, `fic_qty`, `materials_others`, `trouble`, `action_taken`, `power_nap`, `gui_pon`, `speedtest`, `power_ground`, `with_subscriber`, `tagging`, `serial_number`, `nap_picture`, `house_picture`, `created_at`, `updated_at`) VALUES (\'14\', \'1\', \'1\', \'1\', \'1\', \'1\', \'1\', NULL, NULL, NULL, NULL, NULL, \'1\', \'1\', \'uploads/repair_images/1747791202_72bdd370632c131bc57d.png\', \'uploads/repair_images/1747791202_7220526b3931ea942db3.png\', \'2025-05-21 01:33:22\', \'2025-05-21 01:33:22\')')
 3 SYSTEMPATH\Database\BaseConnection.php(652): CodeIgniter\Database\BaseConnection->simpleQuery('INSERT INTO `repair_materials_reports` (`repair_id`, `modem_qty`, `foc_qty`, `fic_qty`, `materials_others`, `trouble`, `action_taken`, `power_nap`, `gui_pon`, `speedtest`, `power_ground`, `with_subscriber`, `tagging`, `serial_number`, `nap_picture`, `house_picture`, `created_at`, `updated_at`) VALUES (\'14\', \'1\', \'1\', \'1\', \'1\', \'1\', \'1\', NULL, NULL, NULL, NULL, NULL, \'1\', \'1\', \'uploads/repair_images/1747791202_72bdd370632c131bc57d.png\', \'uploads/repair_images/1747791202_7220526b3931ea942db3.png\', \'2025-05-21 01:33:22\', \'2025-05-21 01:33:22\')')
 4 SYSTEMPATH\Database\BaseBuilder.php(2345): CodeIgniter\Database\BaseConnection->query('INSERT INTO `repair_materials_reports` (`repair_id`, `modem_qty`, `foc_qty`, `fic_qty`, `materials_others`, `trouble`, `action_taken`, `power_nap`, `gui_pon`, `speedtest`, `power_ground`, `with_subscriber`, `tagging`, `serial_number`, `nap_picture`, `house_picture`, `created_at`, `updated_at`) VALUES (:repair_id:, :modem_qty:, :foc_qty:, :fic_qty:, :materials_others:, :trouble:, :action_taken:, :power_nap:, :gui_pon:, :speedtest:, :power_ground:, :with_subscriber:, :tagging:, :serial_number:, :nap_picture:, :house_picture:, :created_at:, :updated_at:)', [...], false)
 5 SYSTEMPATH\Model.php(394): CodeIgniter\Database\BaseBuilder->insert()
 6 SYSTEMPATH\BaseModel.php(839): CodeIgniter\Model->doInsert([...])
 7 SYSTEMPATH\Model.php(800): CodeIgniter\BaseModel->insert([...], true)
 8 APPPATH\Controllers\TechnicianController.php(425): CodeIgniter\Model->insert([...])
 9 SYSTEMPATH\CodeIgniter.php(933): App\Controllers\TechnicianController->submitMaterialsReport()
10 SYSTEMPATH\CodeIgniter.php(507): CodeIgniter\CodeIgniter->runController(Object(App\Controllers\TechnicianController))
11 SYSTEMPATH\CodeIgniter.php(354): CodeIgniter\CodeIgniter->handleRequest(null, Object(Config\Cache), false)
12 SYSTEMPATH\Boot.php(334): CodeIgniter\CodeIgniter->run()
13 SYSTEMPATH\Boot.php(67): CodeIgniter\Boot::runCodeIgniter(Object(CodeIgniter\CodeIgniter))
14 FCPATH\index.php(56): CodeIgniter\Boot::bootWeb(Object(Config\Paths))
15 SYSTEMPATH\rewrite.php(44): require_once('D:\\xampp\\htdocs\\ci4\\public\\index.php')
ERROR - 2025-05-21 03:14:06 --> mysqli_sql_exception: Column 'power_nap' cannot be null in D:\xampp\htdocs\ci4\system\Database\MySQLi\Connection.php:327
Stack trace:
#0 D:\xampp\htdocs\ci4\system\Database\MySQLi\Connection.php(327): mysqli->query('INSERT INTO `re...', 0)
#1 D:\xampp\htdocs\ci4\system\Database\BaseConnection.php(738): CodeIgniter\Database\MySQLi\Connection->execute('INSERT INTO `re...')
#2 D:\xampp\htdocs\ci4\system\Database\BaseConnection.php(652): CodeIgniter\Database\BaseConnection->simpleQuery('INSERT INTO `re...')
#3 D:\xampp\htdocs\ci4\system\Database\BaseBuilder.php(2345): CodeIgniter\Database\BaseConnection->query('INSERT INTO `re...', Array, false)
#4 D:\xampp\htdocs\ci4\system\Model.php(394): CodeIgniter\Database\BaseBuilder->insert()
#5 D:\xampp\htdocs\ci4\system\BaseModel.php(839): CodeIgniter\Model->doInsert(Array)
#6 D:\xampp\htdocs\ci4\system\Model.php(800): CodeIgniter\BaseModel->insert(Array, true)
#7 D:\xampp\htdocs\ci4\app\Controllers\TechnicianController.php(425): CodeIgniter\Model->insert(Array)
#8 D:\xampp\htdocs\ci4\system\CodeIgniter.php(933): App\Controllers\TechnicianController->submitMaterialsReport()
#9 D:\xampp\htdocs\ci4\system\CodeIgniter.php(507): CodeIgniter\CodeIgniter->runController(Object(App\Controllers\TechnicianController))
#10 D:\xampp\htdocs\ci4\system\CodeIgniter.php(354): CodeIgniter\CodeIgniter->handleRequest(NULL, Object(Config\Cache), false)
#11 D:\xampp\htdocs\ci4\system\Boot.php(334): CodeIgniter\CodeIgniter->run()
#12 D:\xampp\htdocs\ci4\system\Boot.php(67): CodeIgniter\Boot::runCodeIgniter(Object(CodeIgniter\CodeIgniter))
#13 D:\xampp\htdocs\ci4\public\index.php(56): CodeIgniter\Boot::bootWeb(Object(Config\Paths))
#14 D:\xampp\htdocs\ci4\system\rewrite.php(44): require_once('D:\\xampp\\htdocs...')
#15 {main}
CRITICAL - 2025-05-21 03:14:06 --> CodeIgniter\Database\Exceptions\DatabaseException: Column 'power_nap' cannot be null
[Method: POST, Route: technician/submitMaterialsReport]
in SYSTEMPATH\Database\BaseConnection.php on line 692.
 1 SYSTEMPATH\Database\BaseBuilder.php(2345): CodeIgniter\Database\BaseConnection->query('INSERT INTO `repair_materials_reports` (`repair_id`, `modem_qty`, `foc_qty`, `fic_qty`, `materials_others`, `trouble`, `action_taken`, `power_nap`, `gui_pon`, `speedtest`, `power_ground`, `with_subscriber`, `tagging`, `serial_number`, `nap_picture`, `house_picture`, `created_at`, `updated_at`) VALUES (:repair_id:, :modem_qty:, :foc_qty:, :fic_qty:, :materials_others:, :trouble:, :action_taken:, :power_nap:, :gui_pon:, :speedtest:, :power_ground:, :with_subscriber:, :tagging:, :serial_number:, :nap_picture:, :house_picture:, :created_at:, :updated_at:)', [...], false)
 2 SYSTEMPATH\Model.php(394): CodeIgniter\Database\BaseBuilder->insert()
 3 SYSTEMPATH\BaseModel.php(839): CodeIgniter\Model->doInsert([...])
 4 SYSTEMPATH\Model.php(800): CodeIgniter\BaseModel->insert([...], true)
 5 APPPATH\Controllers\TechnicianController.php(425): CodeIgniter\Model->insert([...])
 6 SYSTEMPATH\CodeIgniter.php(933): App\Controllers\TechnicianController->submitMaterialsReport()
 7 SYSTEMPATH\CodeIgniter.php(507): CodeIgniter\CodeIgniter->runController(Object(App\Controllers\TechnicianController))
 8 SYSTEMPATH\CodeIgniter.php(354): CodeIgniter\CodeIgniter->handleRequest(null, Object(Config\Cache), false)
 9 SYSTEMPATH\Boot.php(334): CodeIgniter\CodeIgniter->run()
10 SYSTEMPATH\Boot.php(67): CodeIgniter\Boot::runCodeIgniter(Object(CodeIgniter\CodeIgniter))
11 FCPATH\index.php(56): CodeIgniter\Boot::bootWeb(Object(Config\Paths))
12 SYSTEMPATH\rewrite.php(44): require_once('D:\\xampp\\htdocs\\ci4\\public\\index.php')
CRITICAL - 2025-05-21 03:14:06 --> [Caused by] CodeIgniter\Database\Exceptions\DatabaseException: Column 'power_nap' cannot be null
in SYSTEMPATH\Database\MySQLi\Connection.php on line 332.
 1 SYSTEMPATH\Database\BaseConnection.php(738): CodeIgniter\Database\MySQLi\Connection->execute('INSERT INTO `repair_materials_reports` (`repair_id`, `modem_qty`, `foc_qty`, `fic_qty`, `materials_others`, `trouble`, `action_taken`, `power_nap`, `gui_pon`, `speedtest`, `power_ground`, `with_subscriber`, `tagging`, `serial_number`, `nap_picture`, `house_picture`, `created_at`, `updated_at`) VALUES (\'14\', \'1\', \'1\', \'1\', \'1\', \'1\', \'1\', NULL, NULL, NULL, NULL, NULL, \'1\', \'1\', \'uploads/repair_images/1747797246_fb6053862c0ca54a14e0.png\', \'uploads/repair_images/1747797246_3b311082df10538b5b58.png\', \'2025-05-21 03:14:06\', \'2025-05-21 03:14:06\')')
 2 SYSTEMPATH\Database\BaseConnection.php(652): CodeIgniter\Database\BaseConnection->simpleQuery('INSERT INTO `repair_materials_reports` (`repair_id`, `modem_qty`, `foc_qty`, `fic_qty`, `materials_others`, `trouble`, `action_taken`, `power_nap`, `gui_pon`, `speedtest`, `power_ground`, `with_subscriber`, `tagging`, `serial_number`, `nap_picture`, `house_picture`, `created_at`, `updated_at`) VALUES (\'14\', \'1\', \'1\', \'1\', \'1\', \'1\', \'1\', NULL, NULL, NULL, NULL, NULL, \'1\', \'1\', \'uploads/repair_images/1747797246_fb6053862c0ca54a14e0.png\', \'uploads/repair_images/1747797246_3b311082df10538b5b58.png\', \'2025-05-21 03:14:06\', \'2025-05-21 03:14:06\')')
 3 SYSTEMPATH\Database\BaseBuilder.php(2345): CodeIgniter\Database\BaseConnection->query('INSERT INTO `repair_materials_reports` (`repair_id`, `modem_qty`, `foc_qty`, `fic_qty`, `materials_others`, `trouble`, `action_taken`, `power_nap`, `gui_pon`, `speedtest`, `power_ground`, `with_subscriber`, `tagging`, `serial_number`, `nap_picture`, `house_picture`, `created_at`, `updated_at`) VALUES (:repair_id:, :modem_qty:, :foc_qty:, :fic_qty:, :materials_others:, :trouble:, :action_taken:, :power_nap:, :gui_pon:, :speedtest:, :power_ground:, :with_subscriber:, :tagging:, :serial_number:, :nap_picture:, :house_picture:, :created_at:, :updated_at:)', [...], false)
 4 SYSTEMPATH\Model.php(394): CodeIgniter\Database\BaseBuilder->insert()
 5 SYSTEMPATH\BaseModel.php(839): CodeIgniter\Model->doInsert([...])
 6 SYSTEMPATH\Model.php(800): CodeIgniter\BaseModel->insert([...], true)
 7 APPPATH\Controllers\TechnicianController.php(425): CodeIgniter\Model->insert([...])
 8 SYSTEMPATH\CodeIgniter.php(933): App\Controllers\TechnicianController->submitMaterialsReport()
 9 SYSTEMPATH\CodeIgniter.php(507): CodeIgniter\CodeIgniter->runController(Object(App\Controllers\TechnicianController))
10 SYSTEMPATH\CodeIgniter.php(354): CodeIgniter\CodeIgniter->handleRequest(null, Object(Config\Cache), false)
11 SYSTEMPATH\Boot.php(334): CodeIgniter\CodeIgniter->run()
12 SYSTEMPATH\Boot.php(67): CodeIgniter\Boot::runCodeIgniter(Object(CodeIgniter\CodeIgniter))
13 FCPATH\index.php(56): CodeIgniter\Boot::bootWeb(Object(Config\Paths))
14 SYSTEMPATH\rewrite.php(44): require_once('D:\\xampp\\htdocs\\ci4\\public\\index.php')
CRITICAL - 2025-05-21 03:14:06 --> [Caused by] mysqli_sql_exception: Column 'power_nap' cannot be null
in SYSTEMPATH\Database\MySQLi\Connection.php on line 327.
 1 SYSTEMPATH\Database\MySQLi\Connection.php(327): mysqli->query('INSERT INTO `repair_materials_reports` (`repair_id`, `modem_qty`, `foc_qty`, `fic_qty`, `materials_others`, `trouble`, `action_taken`, `power_nap`, `gui_pon`, `speedtest`, `power_ground`, `with_subscriber`, `tagging`, `serial_number`, `nap_picture`, `house_picture`, `created_at`, `updated_at`) VALUES (\'14\', \'1\', \'1\', \'1\', \'1\', \'1\', \'1\', NULL, NULL, NULL, NULL, NULL, \'1\', \'1\', \'uploads/repair_images/1747797246_fb6053862c0ca54a14e0.png\', \'uploads/repair_images/1747797246_3b311082df10538b5b58.png\', \'2025-05-21 03:14:06\', \'2025-05-21 03:14:06\')', 0)
 2 SYSTEMPATH\Database\BaseConnection.php(738): CodeIgniter\Database\MySQLi\Connection->execute('INSERT INTO `repair_materials_reports` (`repair_id`, `modem_qty`, `foc_qty`, `fic_qty`, `materials_others`, `trouble`, `action_taken`, `power_nap`, `gui_pon`, `speedtest`, `power_ground`, `with_subscriber`, `tagging`, `serial_number`, `nap_picture`, `house_picture`, `created_at`, `updated_at`) VALUES (\'14\', \'1\', \'1\', \'1\', \'1\', \'1\', \'1\', NULL, NULL, NULL, NULL, NULL, \'1\', \'1\', \'uploads/repair_images/1747797246_fb6053862c0ca54a14e0.png\', \'uploads/repair_images/1747797246_3b311082df10538b5b58.png\', \'2025-05-21 03:14:06\', \'2025-05-21 03:14:06\')')
 3 SYSTEMPATH\Database\BaseConnection.php(652): CodeIgniter\Database\BaseConnection->simpleQuery('INSERT INTO `repair_materials_reports` (`repair_id`, `modem_qty`, `foc_qty`, `fic_qty`, `materials_others`, `trouble`, `action_taken`, `power_nap`, `gui_pon`, `speedtest`, `power_ground`, `with_subscriber`, `tagging`, `serial_number`, `nap_picture`, `house_picture`, `created_at`, `updated_at`) VALUES (\'14\', \'1\', \'1\', \'1\', \'1\', \'1\', \'1\', NULL, NULL, NULL, NULL, NULL, \'1\', \'1\', \'uploads/repair_images/1747797246_fb6053862c0ca54a14e0.png\', \'uploads/repair_images/1747797246_3b311082df10538b5b58.png\', \'2025-05-21 03:14:06\', \'2025-05-21 03:14:06\')')
 4 SYSTEMPATH\Database\BaseBuilder.php(2345): CodeIgniter\Database\BaseConnection->query('INSERT INTO `repair_materials_reports` (`repair_id`, `modem_qty`, `foc_qty`, `fic_qty`, `materials_others`, `trouble`, `action_taken`, `power_nap`, `gui_pon`, `speedtest`, `power_ground`, `with_subscriber`, `tagging`, `serial_number`, `nap_picture`, `house_picture`, `created_at`, `updated_at`) VALUES (:repair_id:, :modem_qty:, :foc_qty:, :fic_qty:, :materials_others:, :trouble:, :action_taken:, :power_nap:, :gui_pon:, :speedtest:, :power_ground:, :with_subscriber:, :tagging:, :serial_number:, :nap_picture:, :house_picture:, :created_at:, :updated_at:)', [...], false)
 5 SYSTEMPATH\Model.php(394): CodeIgniter\Database\BaseBuilder->insert()
 6 SYSTEMPATH\BaseModel.php(839): CodeIgniter\Model->doInsert([...])
 7 SYSTEMPATH\Model.php(800): CodeIgniter\BaseModel->insert([...], true)
 8 APPPATH\Controllers\TechnicianController.php(425): CodeIgniter\Model->insert([...])
 9 SYSTEMPATH\CodeIgniter.php(933): App\Controllers\TechnicianController->submitMaterialsReport()
10 SYSTEMPATH\CodeIgniter.php(507): CodeIgniter\CodeIgniter->runController(Object(App\Controllers\TechnicianController))
11 SYSTEMPATH\CodeIgniter.php(354): CodeIgniter\CodeIgniter->handleRequest(null, Object(Config\Cache), false)
12 SYSTEMPATH\Boot.php(334): CodeIgniter\CodeIgniter->run()
13 SYSTEMPATH\Boot.php(67): CodeIgniter\Boot::runCodeIgniter(Object(CodeIgniter\CodeIgniter))
14 FCPATH\index.php(56): CodeIgniter\Boot::bootWeb(Object(Config\Paths))
15 SYSTEMPATH\rewrite.php(44): require_once('D:\\xampp\\htdocs\\ci4\\public\\index.php')
CRITICAL - 2025-05-21 03:18:30 --> ErrorException: Cannot redeclare App\Controllers\TechnicianController::updateRepairStatus()
[Method: GET, Route: technician/repairRequests]
in APPPATH\Controllers\TechnicianController.php on line 371.
 1 [internal function]: CodeIgniter\Debug\Exceptions->shutdownHandler()
CRITICAL - 2025-05-21 03:18:30 --> ErrorException: Cannot redeclare App\Controllers\TechnicianController::updateRepairStatus()
[Method: GET, Route: technician/repairRequests]
in APPPATH\Controllers\TechnicianController.php on line 371.
 1 [internal function]: CodeIgniter\Debug\Exceptions->shutdownHandler()
CRITICAL - 2025-05-21 03:20:06 --> Error: Class "App\Models\RepairRequestsModel" not found
[Method: POST, Route: technician/submitMaterialsReport]
in APPPATH\Controllers\TechnicianController.php on line 388.
 1 SYSTEMPATH\CodeIgniter.php(933): App\Controllers\TechnicianController->submitMaterialsReport()
 2 SYSTEMPATH\CodeIgniter.php(507): CodeIgniter\CodeIgniter->runController(Object(App\Controllers\TechnicianController))
 3 SYSTEMPATH\CodeIgniter.php(354): CodeIgniter\CodeIgniter->handleRequest(null, Object(Config\Cache), false)
 4 SYSTEMPATH\Boot.php(334): CodeIgniter\CodeIgniter->run()
 5 SYSTEMPATH\Boot.php(67): CodeIgniter\Boot::runCodeIgniter(Object(CodeIgniter\CodeIgniter))
 6 FCPATH\index.php(56): CodeIgniter\Boot::bootWeb(Object(Config\Paths))
 7 SYSTEMPATH\rewrite.php(44): require_once('D:\\xampp\\htdocs\\ci4\\public\\index.php')
CRITICAL - 2025-05-21 03:20:54 --> Error: Class "App\Models\RepairRequestModel" not found
[Method: POST, Route: technician/submitMaterialsReport]
in APPPATH\Controllers\TechnicianController.php on line 388.
 1 SYSTEMPATH\CodeIgniter.php(933): App\Controllers\TechnicianController->submitMaterialsReport()
 2 SYSTEMPATH\CodeIgniter.php(507): CodeIgniter\CodeIgniter->runController(Object(App\Controllers\TechnicianController))
 3 SYSTEMPATH\CodeIgniter.php(354): CodeIgniter\CodeIgniter->handleRequest(null, Object(Config\Cache), false)
 4 SYSTEMPATH\Boot.php(334): CodeIgniter\CodeIgniter->run()
 5 SYSTEMPATH\Boot.php(67): CodeIgniter\Boot::runCodeIgniter(Object(CodeIgniter\CodeIgniter))
 6 FCPATH\index.php(56): CodeIgniter\Boot::bootWeb(Object(Config\Paths))
 7 SYSTEMPATH\rewrite.php(44): require_once('D:\\xampp\\htdocs\\ci4\\public\\index.php')
CRITICAL - 2025-05-21 03:24:15 --> Error: Class "App\Models\RepairRequestModel" not found
[Method: POST, Route: technician/submitMaterialsReport]
in APPPATH\Controllers\TechnicianController.php on line 388.
 1 SYSTEMPATH\CodeIgniter.php(933): App\Controllers\TechnicianController->submitMaterialsReport()
 2 SYSTEMPATH\CodeIgniter.php(507): CodeIgniter\CodeIgniter->runController(Object(App\Controllers\TechnicianController))
 3 SYSTEMPATH\CodeIgniter.php(354): CodeIgniter\CodeIgniter->handleRequest(null, Object(Config\Cache), false)
 4 SYSTEMPATH\Boot.php(334): CodeIgniter\CodeIgniter->run()
 5 SYSTEMPATH\Boot.php(67): CodeIgniter\Boot::runCodeIgniter(Object(CodeIgniter\CodeIgniter))
 6 FCPATH\index.php(56): CodeIgniter\Boot::bootWeb(Object(Config\Paths))
 7 SYSTEMPATH\rewrite.php(44): require_once('D:\\xampp\\htdocs\\ci4\\public\\index.php')
CRITICAL - 2025-05-21 03:24:19 --> Error: Class "App\Models\RepairRequestModel" not found
[Method: POST, Route: technician/submitMaterialsReport]
in APPPATH\Controllers\TechnicianController.php on line 388.
 1 SYSTEMPATH\CodeIgniter.php(933): App\Controllers\TechnicianController->submitMaterialsReport()
 2 SYSTEMPATH\CodeIgniter.php(507): CodeIgniter\CodeIgniter->runController(Object(App\Controllers\TechnicianController))
 3 SYSTEMPATH\CodeIgniter.php(354): CodeIgniter\CodeIgniter->handleRequest(null, Object(Config\Cache), false)
 4 SYSTEMPATH\Boot.php(334): CodeIgniter\CodeIgniter->run()
 5 SYSTEMPATH\Boot.php(67): CodeIgniter\Boot::runCodeIgniter(Object(CodeIgniter\CodeIgniter))
 6 FCPATH\index.php(56): CodeIgniter\Boot::bootWeb(Object(Config\Paths))
 7 SYSTEMPATH\rewrite.php(44): require_once('D:\\xampp\\htdocs\\ci4\\public\\index.php')
CRITICAL - 2025-05-21 04:45:43 --> Error: Class "App\Models\RepairRequestModel" not found
[Method: POST, Route: technician/submitMaterialsReport]
in APPPATH\Controllers\TechnicianController.php on line 385.
 1 SYSTEMPATH\CodeIgniter.php(933): App\Controllers\TechnicianController->submitMaterialsReport()
 2 SYSTEMPATH\CodeIgniter.php(507): CodeIgniter\CodeIgniter->runController(Object(App\Controllers\TechnicianController))
 3 SYSTEMPATH\CodeIgniter.php(354): CodeIgniter\CodeIgniter->handleRequest(null, Object(Config\Cache), false)
 4 SYSTEMPATH\Boot.php(334): CodeIgniter\CodeIgniter->run()
 5 SYSTEMPATH\Boot.php(67): CodeIgniter\Boot::runCodeIgniter(Object(CodeIgniter\CodeIgniter))
 6 FCPATH\index.php(56): CodeIgniter\Boot::bootWeb(Object(Config\Paths))
 7 SYSTEMPATH\rewrite.php(44): require_once('D:\\xampp\\htdocs\\ci4\\public\\index.php')
CRITICAL - 2025-05-21 04:48:23 --> Error: Class "App\Models\RepairRequestModel" not found
[Method: POST, Route: technician/submitMaterialsReport]
in APPPATH\Controllers\TechnicianController.php on line 385.
 1 SYSTEMPATH\CodeIgniter.php(933): App\Controllers\TechnicianController->submitMaterialsReport()
 2 SYSTEMPATH\CodeIgniter.php(507): CodeIgniter\CodeIgniter->runController(Object(App\Controllers\TechnicianController))
 3 SYSTEMPATH\CodeIgniter.php(354): CodeIgniter\CodeIgniter->handleRequest(null, Object(Config\Cache), false)
 4 SYSTEMPATH\Boot.php(334): CodeIgniter\CodeIgniter->run()
 5 SYSTEMPATH\Boot.php(67): CodeIgniter\Boot::runCodeIgniter(Object(CodeIgniter\CodeIgniter))
 6 FCPATH\index.php(56): CodeIgniter\Boot::bootWeb(Object(Config\Paths))
 7 SYSTEMPATH\rewrite.php(44): require_once('D:\\xampp\\htdocs\\ci4\\public\\index.php')
CRITICAL - 2025-05-21 05:47:54 --> ErrorException: ini_set(): Session ini settings cannot be changed after headers have already been sent
[Method: POST, Route: technician/submitMaterialsReport]
in SYSTEMPATH\Session\Handlers\FileHandler.php on line 74.
 1 [internal function]: CodeIgniter\Debug\Exceptions->errorHandler(2, 'ini_set(): Session ini settings cannot be changed after headers have already been sent', 'D:\\xampp\\htdocs\\ci4\\system\\Session\\Handlers\\FileHandler.php', 74)
 2 SYSTEMPATH\Session\Handlers\FileHandler.php(74): ini_set('session.save_path', 'D:\\xampp\\htdocs\\ci4\\writable\\session')
 3 SYSTEMPATH\Config\Services.php(697): CodeIgniter\Session\Handlers\FileHandler->__construct(Object(Config\Session), '::1')
 4 SYSTEMPATH\Config\BaseService.php(312): CodeIgniter\Config\Services::session(Object(Config\Session), false)
 5 SYSTEMPATH\Config\BaseService.php(251): CodeIgniter\Config\BaseService::__callStatic('session', [...])
 6 SYSTEMPATH\Config\Services.php(668): CodeIgniter\Config\BaseService::getSharedInstance('session', null)
 7 SYSTEMPATH\Config\BaseService.php(321): CodeIgniter\Config\Services::session()
 8 SYSTEMPATH\Config\BaseService.php(202): CodeIgniter\Config\BaseService::__callStatic('session', [])
 9 SYSTEMPATH\Common.php(1000): CodeIgniter\Config\BaseService::get('session')
10 SYSTEMPATH\HTTP\RedirectResponse.php(79): service('session')
11 SYSTEMPATH\Filters\CSRF.php(55): CodeIgniter\HTTP\RedirectResponse->back()
12 SYSTEMPATH\Filters\Filters.php(241): CodeIgniter\Filters\CSRF->before(Object(CodeIgniter\HTTP\IncomingRequest), null)
13 SYSTEMPATH\Filters\Filters.php(221): CodeIgniter\Filters\Filters->runBefore([...])
14 SYSTEMPATH\CodeIgniter.php(479): CodeIgniter\Filters\Filters->run('technician/submitMaterialsReport', 'before')
15 SYSTEMPATH\CodeIgniter.php(354): CodeIgniter\CodeIgniter->handleRequest(null, Object(Config\Cache), false)
16 SYSTEMPATH\Boot.php(334): CodeIgniter\CodeIgniter->run()
17 SYSTEMPATH\Boot.php(67): CodeIgniter\Boot::runCodeIgniter(Object(CodeIgniter\CodeIgniter))
18 FCPATH\index.php(56): CodeIgniter\Boot::bootWeb(Object(Config\Paths))
19 SYSTEMPATH\rewrite.php(44): require_once('D:\\xampp\\htdocs\\ci4\\public\\index.php')
CRITICAL - 2025-05-21 05:49:02 --> Error: Class "App\Models\RepairRequestModel" not found
[Method: POST, Route: technician/submitMaterialsReport]
in APPPATH\Controllers\TechnicianController.php on line 385.
 1 SYSTEMPATH\CodeIgniter.php(933): App\Controllers\TechnicianController->submitMaterialsReport()
 2 SYSTEMPATH\CodeIgniter.php(507): CodeIgniter\CodeIgniter->runController(Object(App\Controllers\TechnicianController))
 3 SYSTEMPATH\CodeIgniter.php(354): CodeIgniter\CodeIgniter->handleRequest(null, Object(Config\Cache), false)
 4 SYSTEMPATH\Boot.php(334): CodeIgniter\CodeIgniter->run()
 5 SYSTEMPATH\Boot.php(67): CodeIgniter\Boot::runCodeIgniter(Object(CodeIgniter\CodeIgniter))
 6 FCPATH\index.php(56): CodeIgniter\Boot::bootWeb(Object(Config\Paths))
 7 SYSTEMPATH\rewrite.php(44): require_once('D:\\xampp\\htdocs\\ci4\\public\\index.php')
CRITICAL - 2025-05-21 07:19:27 --> ErrorException: Undefined variable $bill
[Method: POST, Route: admin/mark-paid]
in APPPATH\Controllers\AdminController.php on line 1352.
 1 APPPATH\Controllers\AdminController.php(1352): CodeIgniter\Debug\Exceptions->errorHandler(2, 'Undefined variable $bill', 'D:\\xampp\\htdocs\\ci4\\app\\Controllers\\AdminController.php', 1352)
 2 SYSTEMPATH\CodeIgniter.php(933): App\Controllers\AdminController->markPaid()
 3 SYSTEMPATH\CodeIgniter.php(507): CodeIgniter\CodeIgniter->runController(Object(App\Controllers\AdminController))
 4 SYSTEMPATH\CodeIgniter.php(354): CodeIgniter\CodeIgniter->handleRequest(null, Object(Config\Cache), false)
 5 SYSTEMPATH\Boot.php(334): CodeIgniter\CodeIgniter->run()
 6 SYSTEMPATH\Boot.php(67): CodeIgniter\Boot::runCodeIgniter(Object(CodeIgniter\CodeIgniter))
 7 FCPATH\index.php(56): CodeIgniter\Boot::bootWeb(Object(Config\Paths))
 8 SYSTEMPATH\rewrite.php(44): require_once('D:\\xampp\\htdocs\\ci4\\public\\index.php')
CRITICAL - 2025-05-21 07:48:59 --> ErrorException: Undefined variable $billingDate
[Method: POST, Route: admin/mark-paid]
in APPPATH\Controllers\AdminController.php on line 1404.
 1 APPPATH\Controllers\AdminController.php(1404): CodeIgniter\Debug\Exceptions->errorHandler(2, 'Undefined variable $billingDate', 'D:\\xampp\\htdocs\\ci4\\app\\Controllers\\AdminController.php', 1404)
 2 SYSTEMPATH\CodeIgniter.php(933): App\Controllers\AdminController->markPaid()
 3 SYSTEMPATH\CodeIgniter.php(507): CodeIgniter\CodeIgniter->runController(Object(App\Controllers\AdminController))
 4 SYSTEMPATH\CodeIgniter.php(354): CodeIgniter\CodeIgniter->handleRequest(null, Object(Config\Cache), false)
 5 SYSTEMPATH\Boot.php(334): CodeIgniter\CodeIgniter->run()
 6 SYSTEMPATH\Boot.php(67): CodeIgniter\Boot::runCodeIgniter(Object(CodeIgniter\CodeIgniter))
 7 FCPATH\index.php(56): CodeIgniter\Boot::bootWeb(Object(Config\Paths))
 8 SYSTEMPATH\rewrite.php(44): require_once('D:\\xampp\\htdocs\\ci4\\public\\index.php')
